[ 2017-07-10T18:33:36+08:00 ] 127.0.0.1 /iotcab/trunk/www/
INFO: [ app_init ] --START--
INFO: Run Behavior\BuildLiteBehavior [ RunTime:0.000027s ]
INFO: [ app_init ] --END-- [ RunTime:0.001644s ]
INFO: [ app_begin ] --START--
INFO: Run Behavior\ReadHtmlCacheBehavior [ RunTime:0.005349s ]
INFO: [ app_begin ] --END-- [ RunTime:0.005479s ]
NOTIC: [2048] Declaration of Home\Controller\CommonController::error() should be compatible with that of Think\Controller::error() F:\AppServ\www\iotcab\trunk\www\Application\Home\Controller\CommonController.class.php 第 24 行.
NOTIC: [2048] Declaration of Common\Model\NewsModel::find() should be compatible with that of Think\Model::find() F:\AppServ\www\iotcab\trunk\www\Application\Common\Model\NewsModel.class.php 第 9 行.
SQL: SHOW COLUMNS FROM `xc_news` [ RunTime:0.0746s ]
SQL: SELECT * FROM `xc_news` WHERE `status` = 1 ORDER BY count desc,news_id desc  LIMIT 10   [ RunTime:0.0091s ]
NOTIC: [2048] Declaration of Common\Model\PositionContentModel::find() should be compatible with that of Think\Model::find() F:\AppServ\www\iotcab\trunk\www\Application\Common\Model\PositionContentModel.class.php 第 89 行.
SQL: SHOW COLUMNS FROM `xc_position_content` [ RunTime:0.0209s ]
NOTIC: [8] Undefined index: title F:\AppServ\www\iotcab\trunk\www\Application\Common\Model\PositionContentModel.class.php 第 18 行.
SQL: SELECT * FROM `xc_position_content` WHERE `status` = 1 AND `position_id` = 2 ORDER BY listorder desc ,id desc LIMIT 1   [ RunTime:0.0025s ]
NOTIC: [8] Undefined index: title F:\AppServ\www\iotcab\trunk\www\Application\Common\Model\PositionContentModel.class.php 第 18 行.
SQL: SELECT * FROM `xc_position_content` WHERE `status` = 1 AND `position_id` = 3 ORDER BY listorder desc ,id desc LIMIT 3   [ RunTime:0.0035s ]
SQL: SELECT * FROM `xc_news` WHERE `status` = 1 AND `thumb` <> '' ORDER BY news_id desc LIMIT 30   [ RunTime:0.0019s ]
NOTIC: [8] Undefined index: title F:\AppServ\www\iotcab\trunk\www\Application\Common\Model\PositionContentModel.class.php 第 18 行.
SQL: SELECT * FROM `xc_position_content` WHERE `status` = 1 AND `position_id` = 5 ORDER BY listorder desc ,id desc LIMIT 2   [ RunTime:0.0015s ]
INFO: [ view_parse ] --START--
INFO: [ template_filter ] --START--
INFO: Run Behavior\ContentReplaceBehavior [ RunTime:0.000095s ]
INFO: [ template_filter ] --END-- [ RunTime:0.000211s ]
NOTIC: [2048] Declaration of Common\Model\BasicModel::save() should be compatible with that of Think\Model::save() F:\AppServ\www\iotcab\trunk\www\Application\Common\Model\BasicModel.class.php 第 30 行.
NOTIC: [2048] Declaration of Common\Model\BasicModel::select() should be compatible with that of Think\Model::select() F:\AppServ\www\iotcab\trunk\www\Application\Common\Model\BasicModel.class.php 第 30 行.
NOTIC: [2048] Declaration of Common\Model\MenuModel::find() should be compatible with that of Think\Model::find() F:\AppServ\www\iotcab\trunk\www\Application\Common\Model\MenuModel.class.php 第 93 行.
SQL: SHOW COLUMNS FROM `xc_menu` [ RunTime:0.0133s ]
SQL: SELECT * FROM `xc_menu` WHERE `status` = 1 AND `type` = 0 ORDER BY listorder desc,menu_id desc  [ RunTime:0.0072s ]
NOTIC: [8] Undefined index: catId F:\AppServ\www\iotcab\trunk\www\Application\Runtime\Cache\Home\2a94b8bda04ff446dcedd42276fc99ee.php 第 22 行.
NOTIC: [8] Undefined index: name F:\AppServ\www\iotcab\trunk\www\Application\Runtime\Cache\Home\2a94b8bda04ff446dcedd42276fc99ee.php 第 83 行.
NOTIC: [8] Undefined index: name F:\AppServ\www\iotcab\trunk\www\Application\Runtime\Cache\Home\2a94b8bda04ff446dcedd42276fc99ee.php 第 83 行.
INFO: Run Behavior\ParseTemplateBehavior [ RunTime:0.112703s ]
INFO: [ view_parse ] --END-- [ RunTime:0.112804s ]
INFO: [ view_filter ] --START--
INFO: Run Behavior\WriteHtmlCacheBehavior [ RunTime:0.005081s ]
INFO: [ view_filter ] --END-- [ RunTime:0.005181s ]
INFO: [ app_end ] --START--
INFO: Run Behavior\ShowPageTraceBehavior [ RunTime:0.005144s ]
INFO: [ app_end ] --END-- [ RunTime:0.005245s ]

[ 2017-07-10T20:13:02+08:00 ] 127.0.0.1 /index.php?c=detail&id=22
INFO: [ app_init ] --START--
INFO: Run Behavior\BuildLiteBehavior [ RunTime:0.000015s ]
INFO: [ app_init ] --END-- [ RunTime:0.000656s ]
INFO: [ app_begin ] --START--
INFO: Run Behavior\ReadHtmlCacheBehavior [ RunTime:0.000905s ]
INFO: [ app_begin ] --END-- [ RunTime:0.000987s ]
NOTIC: [2048] Declaration of Home\Controller\CommonController::error() should be compatible with that of Think\Controller::error() F:\AppServ\www\iotcab\trunk\www\Application\Home\Controller\CommonController.class.php 第 24 行.
NOTIC: [2048] Declaration of Common\Model\NewsModel::find() should be compatible with that of Think\Model::find() F:\AppServ\www\iotcab\trunk\www\Application\Common\Model\NewsModel.class.php 第 9 行.
SQL: SHOW COLUMNS FROM `xc_news` [ RunTime:0.0112s ]
SQL: SELECT * FROM `xc_news` WHERE ( news_id=22 ) LIMIT 1   [ RunTime:0.0102s ]
SQL: UPDATE `xc_news` SET `count`='26' WHERE ( news_id=22 ) [ RunTime:0.0007s ]
NOTIC: [2048] Declaration of Common\Model\NewsContentModel::find() should be compatible with that of Think\Model::find() F:\AppServ\www\iotcab\trunk\www\Application\Common\Model\NewsContentModel.class.php 第 46 行.
SQL: SHOW COLUMNS FROM `xc_news_content` [ RunTime:0.0597s ]
SQL: SELECT * FROM `xc_news_content` WHERE ( news_id=22 ) LIMIT 1   [ RunTime:0.0279s ]
NOTIC: [2048] Declaration of Common\Model\PositionContentModel::find() should be compatible with that of Think\Model::find() F:\AppServ\www\iotcab\trunk\www\Application\Common\Model\PositionContentModel.class.php 第 89 行.
SQL: SHOW COLUMNS FROM `xc_position_content` [ RunTime:0.0353s ]
NOTIC: [8] Undefined index: title F:\AppServ\www\iotcab\trunk\www\Application\Common\Model\PositionContentModel.class.php 第 18 行.
SQL: SELECT * FROM `xc_position_content` WHERE `status` = 1 AND `position_id` = 5 ORDER BY listorder desc ,id desc LIMIT 2   [ RunTime:0.0104s ]
SQL: SELECT * FROM `xc_news` WHERE `status` = 1 ORDER BY count desc,news_id desc  LIMIT 10   [ RunTime:0.0007s ]
INFO: [ view_parse ] --START--
INFO: [ template_filter ] --START--
INFO: Run Behavior\ContentReplaceBehavior [ RunTime:0.000051s ]
INFO: [ template_filter ] --END-- [ RunTime:0.000124s ]
NOTIC: [2048] Declaration of Common\Model\BasicModel::save() should be compatible with that of Think\Model::save() F:\AppServ\www\iotcab\trunk\www\Application\Common\Model\BasicModel.class.php 第 30 行.
NOTIC: [2048] Declaration of Common\Model\BasicModel::select() should be compatible with that of Think\Model::select() F:\AppServ\www\iotcab\trunk\www\Application\Common\Model\BasicModel.class.php 第 30 行.
NOTIC: [2048] Declaration of Common\Model\MenuModel::find() should be compatible with that of Think\Model::find() F:\AppServ\www\iotcab\trunk\www\Application\Common\Model\MenuModel.class.php 第 93 行.
SQL: SHOW COLUMNS FROM `xc_menu` [ RunTime:0.0113s ]
SQL: SELECT * FROM `xc_menu` WHERE `status` = 1 AND `type` = 0 ORDER BY listorder desc,menu_id desc  [ RunTime:0.0106s ]
NOTIC: [8] Undefined index: adNews F:\AppServ\www\iotcab\trunk\www\Application\Runtime\Cache\Home\0d75cb75cd30b13fdd4834afd69acb19.php 第 62 行.
INFO: Run Behavior\ParseTemplateBehavior [ RunTime:0.102492s ]
INFO: [ view_parse ] --END-- [ RunTime:0.102566s ]
INFO: [ view_filter ] --START--
INFO: Run Behavior\WriteHtmlCacheBehavior [ RunTime:0.002198s ]
INFO: [ view_filter ] --END-- [ RunTime:0.002269s ]
INFO: [ app_end ] --START--
INFO: Run Behavior\ShowPageTraceBehavior [ RunTime:0.001328s ]
INFO: [ app_end ] --END-- [ RunTime:0.001396s ]

[ 2017-07-10T20:13:09+08:00 ] 127.0.0.1 /index.php?c=detail&id=22
INFO: [ app_init ] --START--
INFO: Run Behavior\BuildLiteBehavior [ RunTime:0.000016s ]
INFO: [ app_init ] --END-- [ RunTime:0.000650s ]
INFO: [ app_begin ] --START--
INFO: Run Behavior\ReadHtmlCacheBehavior [ RunTime:0.000864s ]
INFO: [ app_begin ] --END-- [ RunTime:0.000947s ]
NOTIC: [2048] Declaration of Home\Controller\CommonController::error() should be compatible with that of Think\Controller::error() F:\AppServ\www\iotcab\trunk\www\Application\Home\Controller\CommonController.class.php 第 24 行.
NOTIC: [2048] Declaration of Common\Model\NewsModel::find() should be compatible with that of Think\Model::find() F:\AppServ\www\iotcab\trunk\www\Application\Common\Model\NewsModel.class.php 第 9 行.
SQL: SHOW COLUMNS FROM `xc_news` [ RunTime:0.0313s ]
SQL: SELECT * FROM `xc_news` WHERE ( news_id=22 ) LIMIT 1   [ RunTime:0.0061s ]
SQL: UPDATE `xc_news` SET `count`='27' WHERE ( news_id=22 ) [ RunTime:0.0007s ]
NOTIC: [2048] Declaration of Common\Model\NewsContentModel::find() should be compatible with that of Think\Model::find() F:\AppServ\www\iotcab\trunk\www\Application\Common\Model\NewsContentModel.class.php 第 46 行.
SQL: SHOW COLUMNS FROM `xc_news_content` [ RunTime:0.0131s ]
SQL: SELECT * FROM `xc_news_content` WHERE ( news_id=22 ) LIMIT 1   [ RunTime:0.0105s ]
NOTIC: [2048] Declaration of Common\Model\PositionContentModel::find() should be compatible with that of Think\Model::find() F:\AppServ\www\iotcab\trunk\www\Application\Common\Model\PositionContentModel.class.php 第 89 行.
SQL: SHOW COLUMNS FROM `xc_position_content` [ RunTime:0.0119s ]
NOTIC: [8] Undefined index: title F:\AppServ\www\iotcab\trunk\www\Application\Common\Model\PositionContentModel.class.php 第 18 行.
SQL: SELECT * FROM `xc_position_content` WHERE `status` = 1 AND `position_id` = 5 ORDER BY listorder desc ,id desc LIMIT 2   [ RunTime:0.0098s ]
SQL: SELECT * FROM `xc_news` WHERE `status` = 1 ORDER BY count desc,news_id desc  LIMIT 10   [ RunTime:0.0014s ]
INFO: [ view_parse ] --START--
INFO: [ template_filter ] --START--
INFO: Run Behavior\ContentReplaceBehavior [ RunTime:0.000055s ]
INFO: [ template_filter ] --END-- [ RunTime:0.000126s ]
NOTIC: [2048] Declaration of Common\Model\BasicModel::save() should be compatible with that of Think\Model::save() F:\AppServ\www\iotcab\trunk\www\Application\Common\Model\BasicModel.class.php 第 30 行.
NOTIC: [2048] Declaration of Common\Model\BasicModel::select() should be compatible with that of Think\Model::select() F:\AppServ\www\iotcab\trunk\www\Application\Common\Model\BasicModel.class.php 第 30 行.
NOTIC: [2048] Declaration of Common\Model\MenuModel::find() should be compatible with that of Think\Model::find() F:\AppServ\www\iotcab\trunk\www\Application\Common\Model\MenuModel.class.php 第 93 行.
SQL: SHOW COLUMNS FROM `xc_menu` [ RunTime:0.0123s ]
SQL: SELECT * FROM `xc_menu` WHERE `status` = 1 AND `type` = 0 ORDER BY listorder desc,menu_id desc  [ RunTime:0.0099s ]
NOTIC: [8] Undefined index: adNews F:\AppServ\www\iotcab\trunk\www\Application\Runtime\Cache\Home\0d75cb75cd30b13fdd4834afd69acb19.php 第 62 行.
INFO: Run Behavior\ParseTemplateBehavior [ RunTime:0.101605s ]
INFO: [ view_parse ] --END-- [ RunTime:0.101678s ]
INFO: [ view_filter ] --START--
INFO: Run Behavior\WriteHtmlCacheBehavior [ RunTime:0.002064s ]
INFO: [ view_filter ] --END-- [ RunTime:0.002130s ]
INFO: [ app_end ] --START--
INFO: Run Behavior\ShowPageTraceBehavior [ RunTime:0.001701s ]
INFO: [ app_end ] --END-- [ RunTime:0.001756s ]

[ 2017-07-10T20:13:12+08:00 ] 127.0.0.1 /index.php?c=detail&id=22
INFO: [ app_init ] --START--
INFO: Run Behavior\BuildLiteBehavior [ RunTime:0.000019s ]
INFO: [ app_init ] --END-- [ RunTime:0.000833s ]
INFO: [ app_begin ] --START--
INFO: Run Behavior\ReadHtmlCacheBehavior [ RunTime:0.001072s ]
INFO: [ app_begin ] --END-- [ RunTime:0.001146s ]
NOTIC: [2048] Declaration of Home\Controller\CommonController::error() should be compatible with that of Think\Controller::error() F:\AppServ\www\iotcab\trunk\www\Application\Home\Controller\CommonController.class.php 第 24 行.
NOTIC: [2048] Declaration of Common\Model\NewsModel::find() should be compatible with that of Think\Model::find() F:\AppServ\www\iotcab\trunk\www\Application\Common\Model\NewsModel.class.php 第 9 行.
SQL: SHOW COLUMNS FROM `xc_news` [ RunTime:0.0141s ]
SQL: SELECT * FROM `xc_news` WHERE ( news_id=22 ) LIMIT 1   [ RunTime:0.0099s ]
SQL: UPDATE `xc_news` SET `count`='28' WHERE ( news_id=22 ) [ RunTime:0.0004s ]
NOTIC: [2048] Declaration of Common\Model\NewsContentModel::find() should be compatible with that of Think\Model::find() F:\AppServ\www\iotcab\trunk\www\Application\Common\Model\NewsContentModel.class.php 第 46 行.
SQL: SHOW COLUMNS FROM `xc_news_content` [ RunTime:0.0112s ]
SQL: SELECT * FROM `xc_news_content` WHERE ( news_id=22 ) LIMIT 1   [ RunTime:0.0062s ]
NOTIC: [2048] Declaration of Common\Model\PositionContentModel::find() should be compatible with that of Think\Model::find() F:\AppServ\www\iotcab\trunk\www\Application\Common\Model\PositionContentModel.class.php 第 89 行.
SQL: SHOW COLUMNS FROM `xc_position_content` [ RunTime:0.0094s ]
NOTIC: [8] Undefined index: title F:\AppServ\www\iotcab\trunk\www\Application\Common\Model\PositionContentModel.class.php 第 18 行.
SQL: SELECT * FROM `xc_position_content` WHERE `status` = 1 AND `position_id` = 5 ORDER BY listorder desc ,id desc LIMIT 2   [ RunTime:0.0061s ]
SQL: SELECT * FROM `xc_news` WHERE `status` = 1 ORDER BY count desc,news_id desc  LIMIT 10   [ RunTime:0.0011s ]
INFO: [ view_parse ] --START--
INFO: [ template_filter ] --START--
INFO: Run Behavior\ContentReplaceBehavior [ RunTime:0.000082s ]
INFO: [ template_filter ] --END-- [ RunTime:0.000186s ]
NOTIC: [2048] Declaration of Common\Model\BasicModel::save() should be compatible with that of Think\Model::save() F:\AppServ\www\iotcab\trunk\www\Application\Common\Model\BasicModel.class.php 第 30 行.
NOTIC: [2048] Declaration of Common\Model\BasicModel::select() should be compatible with that of Think\Model::select() F:\AppServ\www\iotcab\trunk\www\Application\Common\Model\BasicModel.class.php 第 30 行.
NOTIC: [2048] Declaration of Common\Model\MenuModel::find() should be compatible with that of Think\Model::find() F:\AppServ\www\iotcab\trunk\www\Application\Common\Model\MenuModel.class.php 第 93 行.
SQL: SHOW COLUMNS FROM `xc_menu` [ RunTime:0.0078s ]
SQL: SELECT * FROM `xc_menu` WHERE `status` = 1 AND `type` = 0 ORDER BY listorder desc,menu_id desc  [ RunTime:0.0065s ]
NOTIC: [8] Undefined index: adNews F:\AppServ\www\iotcab\trunk\www\Application\Runtime\Cache\Home\0d75cb75cd30b13fdd4834afd69acb19.php 第 62 行.
INFO: Run Behavior\ParseTemplateBehavior [ RunTime:0.091954s ]
INFO: [ view_parse ] --END-- [ RunTime:0.092049s ]
INFO: [ view_filter ] --START--
INFO: Run Behavior\WriteHtmlCacheBehavior [ RunTime:0.003122s ]
INFO: [ view_filter ] --END-- [ RunTime:0.003204s ]
INFO: [ app_end ] --START--
INFO: Run Behavior\ShowPageTraceBehavior [ RunTime:0.001175s ]
INFO: [ app_end ] --END-- [ RunTime:0.001258s ]

[ 2017-07-10T20:13:14+08:00 ] 127.0.0.1 /
INFO: [ app_init ] --START--
INFO: Run Behavior\BuildLiteBehavior [ RunTime:0.000019s ]
INFO: [ app_init ] --END-- [ RunTime:0.000771s ]
INFO: [ app_begin ] --START--
INFO: Run Behavior\ReadHtmlCacheBehavior [ RunTime:0.000751s ]
INFO: [ app_begin ] --END-- [ RunTime:0.000828s ]
NOTIC: [2048] Declaration of Home\Controller\CommonController::error() should be compatible with that of Think\Controller::error() F:\AppServ\www\iotcab\trunk\www\Application\Home\Controller\CommonController.class.php 第 24 行.
NOTIC: [2048] Declaration of Common\Model\NewsModel::find() should be compatible with that of Think\Model::find() F:\AppServ\www\iotcab\trunk\www\Application\Common\Model\NewsModel.class.php 第 9 行.
SQL: SHOW COLUMNS FROM `xc_news` [ RunTime:0.0332s ]
SQL: SELECT * FROM `xc_news` WHERE `status` = 1 ORDER BY count desc,news_id desc  LIMIT 10   [ RunTime:0.0105s ]
NOTIC: [2048] Declaration of Common\Model\PositionContentModel::find() should be compatible with that of Think\Model::find() F:\AppServ\www\iotcab\trunk\www\Application\Common\Model\PositionContentModel.class.php 第 89 行.
SQL: SHOW COLUMNS FROM `xc_position_content` [ RunTime:0.0127s ]
NOTIC: [8] Undefined index: title F:\AppServ\www\iotcab\trunk\www\Application\Common\Model\PositionContentModel.class.php 第 18 行.
SQL: SELECT * FROM `xc_position_content` WHERE `status` = 1 AND `position_id` = 2 ORDER BY listorder desc ,id desc LIMIT 1   [ RunTime:0.0096s ]
NOTIC: [8] Undefined index: title F:\AppServ\www\iotcab\trunk\www\Application\Common\Model\PositionContentModel.class.php 第 18 行.
SQL: SELECT * FROM `xc_position_content` WHERE `status` = 1 AND `position_id` = 3 ORDER BY listorder desc ,id desc LIMIT 3   [ RunTime:0.0007s ]
SQL: SELECT * FROM `xc_news` WHERE `status` = 1 AND `thumb` <> '' ORDER BY news_id desc LIMIT 30   [ RunTime:0.0006s ]
NOTIC: [8] Undefined index: title F:\AppServ\www\iotcab\trunk\www\Application\Common\Model\PositionContentModel.class.php 第 18 行.
SQL: SELECT * FROM `xc_position_content` WHERE `status` = 1 AND `position_id` = 5 ORDER BY listorder desc ,id desc LIMIT 2   [ RunTime:0.0005s ]
INFO: [ view_parse ] --START--
INFO: [ template_filter ] --START--
INFO: Run Behavior\ContentReplaceBehavior [ RunTime:0.000063s ]
INFO: [ template_filter ] --END-- [ RunTime:0.000136s ]
NOTIC: [2048] Declaration of Common\Model\BasicModel::save() should be compatible with that of Think\Model::save() F:\AppServ\www\iotcab\trunk\www\Application\Common\Model\BasicModel.class.php 第 30 行.
NOTIC: [2048] Declaration of Common\Model\BasicModel::select() should be compatible with that of Think\Model::select() F:\AppServ\www\iotcab\trunk\www\Application\Common\Model\BasicModel.class.php 第 30 行.
NOTIC: [2048] Declaration of Common\Model\MenuModel::find() should be compatible with that of Think\Model::find() F:\AppServ\www\iotcab\trunk\www\Application\Common\Model\MenuModel.class.php 第 93 行.
SQL: SHOW COLUMNS FROM `xc_menu` [ RunTime:0.0126s ]
SQL: SELECT * FROM `xc_menu` WHERE `status` = 1 AND `type` = 0 ORDER BY listorder desc,menu_id desc  [ RunTime:0.0100s ]
NOTIC: [8] Undefined index: catId F:\AppServ\www\iotcab\trunk\www\Application\Runtime\Cache\Home\2a94b8bda04ff446dcedd42276fc99ee.php 第 22 行.
NOTIC: [8] Undefined index: name F:\AppServ\www\iotcab\trunk\www\Application\Runtime\Cache\Home\2a94b8bda04ff446dcedd42276fc99ee.php 第 83 行.
NOTIC: [8] Undefined index: name F:\AppServ\www\iotcab\trunk\www\Application\Runtime\Cache\Home\2a94b8bda04ff446dcedd42276fc99ee.php 第 83 行.
INFO: Run Behavior\ParseTemplateBehavior [ RunTime:0.101479s ]
INFO: [ view_parse ] --END-- [ RunTime:0.101557s ]
INFO: [ view_filter ] --START--
INFO: Run Behavior\WriteHtmlCacheBehavior [ RunTime:0.002160s ]
INFO: [ view_filter ] --END-- [ RunTime:0.002224s ]
INFO: [ app_end ] --START--
INFO: Run Behavior\ShowPageTraceBehavior [ RunTime:0.000843s ]
INFO: [ app_end ] --END-- [ RunTime:0.000899s ]

[ 2017-07-10T20:13:14+08:00 ] 127.0.0.1 /index.php?c=index&a=getCount
INFO: [ app_init ] --START--
INFO: Run Behavior\BuildLiteBehavior [ RunTime:0.000021s ]
INFO: [ app_init ] --END-- [ RunTime:0.001098s ]
INFO: [ app_begin ] --START--
INFO: Run Behavior\ReadHtmlCacheBehavior [ RunTime:0.001912s ]
INFO: [ app_begin ] --END-- [ RunTime:0.002014s ]
NOTIC: [2048] Declaration of Home\Controller\CommonController::error() should be compatible with that of Think\Controller::error() F:\AppServ\www\iotcab\trunk\www\Application\Home\Controller\CommonController.class.php 第 24 行.
NOTIC: [2048] Declaration of Common\Model\NewsModel::find() should be compatible with that of Think\Model::find() F:\AppServ\www\iotcab\trunk\www\Application\Common\Model\NewsModel.class.php 第 9 行.
SQL: SHOW COLUMNS FROM `xc_news` [ RunTime:0.0093s ]
SQL: SELECT * FROM `xc_news` WHERE `news_id` IN ('21','25','24','23','22')  [ RunTime:0.0059s ]

[ 2017-07-10T20:13:18+08:00 ] 127.0.0.1 /index.php?c=detail&id=21
INFO: [ app_init ] --START--
INFO: Run Behavior\BuildLiteBehavior [ RunTime:0.000019s ]
INFO: [ app_init ] --END-- [ RunTime:0.000778s ]
INFO: [ app_begin ] --START--
INFO: Run Behavior\ReadHtmlCacheBehavior [ RunTime:0.000786s ]
INFO: [ app_begin ] --END-- [ RunTime:0.000859s ]
NOTIC: [2048] Declaration of Home\Controller\CommonController::error() should be compatible with that of Think\Controller::error() F:\AppServ\www\iotcab\trunk\www\Application\Home\Controller\CommonController.class.php 第 24 行.
NOTIC: [2048] Declaration of Common\Model\NewsModel::find() should be compatible with that of Think\Model::find() F:\AppServ\www\iotcab\trunk\www\Application\Common\Model\NewsModel.class.php 第 9 行.
SQL: SHOW COLUMNS FROM `xc_news` [ RunTime:0.0153s ]
SQL: SELECT * FROM `xc_news` WHERE ( news_id=21 ) LIMIT 1   [ RunTime:0.0099s ]
SQL: UPDATE `xc_news` SET `count`='24' WHERE ( news_id=21 ) [ RunTime:0.0004s ]
NOTIC: [2048] Declaration of Common\Model\NewsContentModel::find() should be compatible with that of Think\Model::find() F:\AppServ\www\iotcab\trunk\www\Application\Common\Model\NewsContentModel.class.php 第 46 行.
SQL: SHOW COLUMNS FROM `xc_news_content` [ RunTime:0.0107s ]
SQL: SELECT * FROM `xc_news_content` WHERE ( news_id=21 ) LIMIT 1   [ RunTime:0.0100s ]
NOTIC: [2048] Declaration of Common\Model\PositionContentModel::find() should be compatible with that of Think\Model::find() F:\AppServ\www\iotcab\trunk\www\Application\Common\Model\PositionContentModel.class.php 第 89 行.
SQL: SHOW COLUMNS FROM `xc_position_content` [ RunTime:0.0111s ]
NOTIC: [8] Undefined index: title F:\AppServ\www\iotcab\trunk\www\Application\Common\Model\PositionContentModel.class.php 第 18 行.
SQL: SELECT * FROM `xc_position_content` WHERE `status` = 1 AND `position_id` = 5 ORDER BY listorder desc ,id desc LIMIT 2   [ RunTime:0.0079s ]
SQL: SELECT * FROM `xc_news` WHERE `status` = 1 ORDER BY count desc,news_id desc  LIMIT 10   [ RunTime:0.0004s ]
INFO: [ view_parse ] --START--
INFO: [ template_filter ] --START--
INFO: Run Behavior\ContentReplaceBehavior [ RunTime:0.000052s ]
INFO: [ template_filter ] --END-- [ RunTime:0.000118s ]
NOTIC: [2048] Declaration of Common\Model\BasicModel::save() should be compatible with that of Think\Model::save() F:\AppServ\www\iotcab\trunk\www\Application\Common\Model\BasicModel.class.php 第 30 行.
NOTIC: [2048] Declaration of Common\Model\BasicModel::select() should be compatible with that of Think\Model::select() F:\AppServ\www\iotcab\trunk\www\Application\Common\Model\BasicModel.class.php 第 30 行.
NOTIC: [2048] Declaration of Common\Model\MenuModel::find() should be compatible with that of Think\Model::find() F:\AppServ\www\iotcab\trunk\www\Application\Common\Model\MenuModel.class.php 第 93 行.
SQL: SHOW COLUMNS FROM `xc_menu` [ RunTime:0.0081s ]
SQL: SELECT * FROM `xc_menu` WHERE `status` = 1 AND `type` = 0 ORDER BY listorder desc,menu_id desc  [ RunTime:0.0060s ]
NOTIC: [8] Undefined index: adNews F:\AppServ\www\iotcab\trunk\www\Application\Runtime\Cache\Home\0d75cb75cd30b13fdd4834afd69acb19.php 第 62 行.
INFO: Run Behavior\ParseTemplateBehavior [ RunTime:0.097960s ]
INFO: [ view_parse ] --END-- [ RunTime:0.098024s ]
INFO: [ view_filter ] --START--
INFO: Run Behavior\WriteHtmlCacheBehavior [ RunTime:0.002025s ]
INFO: [ view_filter ] --END-- [ RunTime:0.002083s ]
INFO: [ app_end ] --START--
INFO: Run Behavior\ShowPageTraceBehavior [ RunTime:0.003196s ]
INFO: [ app_end ] --END-- [ RunTime:0.003288s ]

[ 2017-07-10T20:13:21+08:00 ] 127.0.0.1 /index.php?c=detail&id=24
INFO: [ app_init ] --START--
INFO: Run Behavior\BuildLiteBehavior [ RunTime:0.000019s ]
INFO: [ app_init ] --END-- [ RunTime:0.001107s ]
INFO: [ app_begin ] --START--
INFO: Run Behavior\ReadHtmlCacheBehavior [ RunTime:0.002276s ]
INFO: [ app_begin ] --END-- [ RunTime:0.002350s ]
NOTIC: [2048] Declaration of Home\Controller\CommonController::error() should be compatible with that of Think\Controller::error() F:\AppServ\www\iotcab\trunk\www\Application\Home\Controller\CommonController.class.php 第 24 行.
NOTIC: [2048] Declaration of Common\Model\NewsModel::find() should be compatible with that of Think\Model::find() F:\AppServ\www\iotcab\trunk\www\Application\Common\Model\NewsModel.class.php 第 9 行.
SQL: SHOW COLUMNS FROM `xc_news` [ RunTime:0.0336s ]
SQL: SELECT * FROM `xc_news` WHERE ( news_id=24 ) LIMIT 1   [ RunTime:0.0057s ]
SQL: UPDATE `xc_news` SET `count`='16' WHERE ( news_id=24 ) [ RunTime:0.0004s ]
NOTIC: [2048] Declaration of Common\Model\NewsContentModel::find() should be compatible with that of Think\Model::find() F:\AppServ\www\iotcab\trunk\www\Application\Common\Model\NewsContentModel.class.php 第 46 行.
SQL: SHOW COLUMNS FROM `xc_news_content` [ RunTime:0.0096s ]
SQL: SELECT * FROM `xc_news_content` WHERE ( news_id=24 ) LIMIT 1   [ RunTime:0.0366s ]
NOTIC: [2048] Declaration of Common\Model\PositionContentModel::find() should be compatible with that of Think\Model::find() F:\AppServ\www\iotcab\trunk\www\Application\Common\Model\PositionContentModel.class.php 第 89 行.
SQL: SHOW COLUMNS FROM `xc_position_content` [ RunTime:0.0091s ]
NOTIC: [8] Undefined index: title F:\AppServ\www\iotcab\trunk\www\Application\Common\Model\PositionContentModel.class.php 第 18 行.
SQL: SELECT * FROM `xc_position_content` WHERE `status` = 1 AND `position_id` = 5 ORDER BY listorder desc ,id desc LIMIT 2   [ RunTime:0.0054s ]
SQL: SELECT * FROM `xc_news` WHERE `status` = 1 ORDER BY count desc,news_id desc  LIMIT 10   [ RunTime:0.0006s ]
INFO: [ view_parse ] --START--
INFO: [ template_filter ] --START--
INFO: Run Behavior\ContentReplaceBehavior [ RunTime:0.000054s ]
INFO: [ template_filter ] --END-- [ RunTime:0.000123s ]
NOTIC: [2048] Declaration of Common\Model\BasicModel::save() should be compatible with that of Think\Model::save() F:\AppServ\www\iotcab\trunk\www\Application\Common\Model\BasicModel.class.php 第 30 行.
NOTIC: [2048] Declaration of Common\Model\BasicModel::select() should be compatible with that of Think\Model::select() F:\AppServ\www\iotcab\trunk\www\Application\Common\Model\BasicModel.class.php 第 30 行.
NOTIC: [2048] Declaration of Common\Model\MenuModel::find() should be compatible with that of Think\Model::find() F:\AppServ\www\iotcab\trunk\www\Application\Common\Model\MenuModel.class.php 第 93 行.
SQL: SHOW COLUMNS FROM `xc_menu` [ RunTime:0.0099s ]
SQL: SELECT * FROM `xc_menu` WHERE `status` = 1 AND `type` = 0 ORDER BY listorder desc,menu_id desc  [ RunTime:0.0074s ]
NOTIC: [8] Undefined index: adNews F:\AppServ\www\iotcab\trunk\www\Application\Runtime\Cache\Home\0d75cb75cd30b13fdd4834afd69acb19.php 第 62 行.
INFO: Run Behavior\ParseTemplateBehavior [ RunTime:0.084769s ]
INFO: [ view_parse ] --END-- [ RunTime:0.084852s ]
INFO: [ view_filter ] --START--
INFO: Run Behavior\WriteHtmlCacheBehavior [ RunTime:0.002819s ]
INFO: [ view_filter ] --END-- [ RunTime:0.002911s ]
INFO: [ app_end ] --START--
INFO: Run Behavior\ShowPageTraceBehavior [ RunTime:0.002666s ]
INFO: [ app_end ] --END-- [ RunTime:0.002753s ]

[ 2017-07-10T20:13:24+08:00 ] 127.0.0.1 /index.php?c=detail&id=25
INFO: [ app_init ] --START--
INFO: Run Behavior\BuildLiteBehavior [ RunTime:0.000022s ]
INFO: [ app_init ] --END-- [ RunTime:0.001157s ]
INFO: [ app_begin ] --START--
INFO: Run Behavior\ReadHtmlCacheBehavior [ RunTime:0.002458s ]
INFO: [ app_begin ] --END-- [ RunTime:0.002544s ]
NOTIC: [2048] Declaration of Home\Controller\CommonController::error() should be compatible with that of Think\Controller::error() F:\AppServ\www\iotcab\trunk\www\Application\Home\Controller\CommonController.class.php 第 24 行.
NOTIC: [2048] Declaration of Common\Model\NewsModel::find() should be compatible with that of Think\Model::find() F:\AppServ\www\iotcab\trunk\www\Application\Common\Model\NewsModel.class.php 第 9 行.
SQL: SHOW COLUMNS FROM `xc_news` [ RunTime:0.0326s ]
SQL: SELECT * FROM `xc_news` WHERE ( news_id=25 ) LIMIT 1   [ RunTime:0.0069s ]
SQL: UPDATE `xc_news` SET `count`='5' WHERE ( news_id=25 ) [ RunTime:0.0009s ]
NOTIC: [2048] Declaration of Common\Model\NewsContentModel::find() should be compatible with that of Think\Model::find() F:\AppServ\www\iotcab\trunk\www\Application\Common\Model\NewsContentModel.class.php 第 46 行.
SQL: SHOW COLUMNS FROM `xc_news_content` [ RunTime:0.0083s ]
SQL: SELECT * FROM `xc_news_content` WHERE ( news_id=25 ) LIMIT 1   [ RunTime:0.0071s ]
NOTIC: [2048] Declaration of Common\Model\PositionContentModel::find() should be compatible with that of Think\Model::find() F:\AppServ\www\iotcab\trunk\www\Application\Common\Model\PositionContentModel.class.php 第 89 行.
SQL: SHOW COLUMNS FROM `xc_position_content` [ RunTime:0.0086s ]
NOTIC: [8] Undefined index: title F:\AppServ\www\iotcab\trunk\www\Application\Common\Model\PositionContentModel.class.php 第 18 行.
SQL: SELECT * FROM `xc_position_content` WHERE `status` = 1 AND `position_id` = 5 ORDER BY listorder desc ,id desc LIMIT 2   [ RunTime:0.0060s ]
SQL: SELECT * FROM `xc_news` WHERE `status` = 1 ORDER BY count desc,news_id desc  LIMIT 10   [ RunTime:0.0008s ]
INFO: [ view_parse ] --START--
INFO: [ template_filter ] --START--
INFO: Run Behavior\ContentReplaceBehavior [ RunTime:0.000051s ]
INFO: [ template_filter ] --END-- [ RunTime:0.000141s ]
NOTIC: [2048] Declaration of Common\Model\BasicModel::save() should be compatible with that of Think\Model::save() F:\AppServ\www\iotcab\trunk\www\Application\Common\Model\BasicModel.class.php 第 30 行.
NOTIC: [2048] Declaration of Common\Model\BasicModel::select() should be compatible with that of Think\Model::select() F:\AppServ\www\iotcab\trunk\www\Application\Common\Model\BasicModel.class.php 第 30 行.
NOTIC: [2048] Declaration of Common\Model\MenuModel::find() should be compatible with that of Think\Model::find() F:\AppServ\www\iotcab\trunk\www\Application\Common\Model\MenuModel.class.php 第 93 行.
SQL: SHOW COLUMNS FROM `xc_menu` [ RunTime:0.0117s ]
SQL: SELECT * FROM `xc_menu` WHERE `status` = 1 AND `type` = 0 ORDER BY listorder desc,menu_id desc  [ RunTime:0.0102s ]
NOTIC: [8] Undefined index: adNews F:\AppServ\www\iotcab\trunk\www\Application\Runtime\Cache\Home\0d75cb75cd30b13fdd4834afd69acb19.php 第 62 行.
INFO: Run Behavior\ParseTemplateBehavior [ RunTime:0.090440s ]
INFO: [ view_parse ] --END-- [ RunTime:0.090533s ]
INFO: [ view_filter ] --START--
INFO: Run Behavior\WriteHtmlCacheBehavior [ RunTime:0.002598s ]
INFO: [ view_filter ] --END-- [ RunTime:0.002668s ]
INFO: [ app_end ] --START--
INFO: Run Behavior\ShowPageTraceBehavior [ RunTime:0.002404s ]
INFO: [ app_end ] --END-- [ RunTime:0.002489s ]

[ 2017-07-10T20:13:26+08:00 ] 127.0.0.1 /index.php?c=detail&id=25
INFO: [ app_init ] --START--
INFO: Run Behavior\BuildLiteBehavior [ RunTime:0.000020s ]
INFO: [ app_init ] --END-- [ RunTime:0.001110s ]
INFO: [ app_begin ] --START--
INFO: Run Behavior\ReadHtmlCacheBehavior [ RunTime:0.002422s ]
INFO: [ app_begin ] --END-- [ RunTime:0.002502s ]
NOTIC: [2048] Declaration of Home\Controller\CommonController::error() should be compatible with that of Think\Controller::error() F:\AppServ\www\iotcab\trunk\www\Application\Home\Controller\CommonController.class.php 第 24 行.
NOTIC: [2048] Declaration of Common\Model\NewsModel::find() should be compatible with that of Think\Model::find() F:\AppServ\www\iotcab\trunk\www\Application\Common\Model\NewsModel.class.php 第 9 行.
SQL: SHOW COLUMNS FROM `xc_news` [ RunTime:0.0332s ]
SQL: SELECT * FROM `xc_news` WHERE ( news_id=25 ) LIMIT 1   [ RunTime:0.0115s ]
SQL: UPDATE `xc_news` SET `count`='6' WHERE ( news_id=25 ) [ RunTime:0.0005s ]
NOTIC: [2048] Declaration of Common\Model\NewsContentModel::find() should be compatible with that of Think\Model::find() F:\AppServ\www\iotcab\trunk\www\Application\Common\Model\NewsContentModel.class.php 第 46 行.
SQL: SHOW COLUMNS FROM `xc_news_content` [ RunTime:0.0101s ]
SQL: SELECT * FROM `xc_news_content` WHERE ( news_id=25 ) LIMIT 1   [ RunTime:0.0081s ]
NOTIC: [2048] Declaration of Common\Model\PositionContentModel::find() should be compatible with that of Think\Model::find() F:\AppServ\www\iotcab\trunk\www\Application\Common\Model\PositionContentModel.class.php 第 89 行.
SQL: SHOW COLUMNS FROM `xc_position_content` [ RunTime:0.0087s ]
NOTIC: [8] Undefined index: title F:\AppServ\www\iotcab\trunk\www\Application\Common\Model\PositionContentModel.class.php 第 18 行.
SQL: SELECT * FROM `xc_position_content` WHERE `status` = 1 AND `position_id` = 5 ORDER BY listorder desc ,id desc LIMIT 2   [ RunTime:0.0065s ]
SQL: SELECT * FROM `xc_news` WHERE `status` = 1 ORDER BY count desc,news_id desc  LIMIT 10   [ RunTime:0.0006s ]
INFO: [ view_parse ] --START--
INFO: [ template_filter ] --START--
INFO: Run Behavior\ContentReplaceBehavior [ RunTime:0.000051s ]
INFO: [ template_filter ] --END-- [ RunTime:0.000116s ]
NOTIC: [2048] Declaration of Common\Model\BasicModel::save() should be compatible with that of Think\Model::save() F:\AppServ\www\iotcab\trunk\www\Application\Common\Model\BasicModel.class.php 第 30 行.
NOTIC: [2048] Declaration of Common\Model\BasicModel::select() should be compatible with that of Think\Model::select() F:\AppServ\www\iotcab\trunk\www\Application\Common\Model\BasicModel.class.php 第 30 行.
NOTIC: [2048] Declaration of Common\Model\MenuModel::find() should be compatible with that of Think\Model::find() F:\AppServ\www\iotcab\trunk\www\Application\Common\Model\MenuModel.class.php 第 93 行.
SQL: SHOW COLUMNS FROM `xc_menu` [ RunTime:0.0116s ]
SQL: SELECT * FROM `xc_menu` WHERE `status` = 1 AND `type` = 0 ORDER BY listorder desc,menu_id desc  [ RunTime:0.0111s ]
NOTIC: [8] Undefined index: adNews F:\AppServ\www\iotcab\trunk\www\Application\Runtime\Cache\Home\0d75cb75cd30b13fdd4834afd69acb19.php 第 62 行.
INFO: Run Behavior\ParseTemplateBehavior [ RunTime:0.103576s ]
INFO: [ view_parse ] --END-- [ RunTime:0.103649s ]
INFO: [ view_filter ] --START--
INFO: Run Behavior\WriteHtmlCacheBehavior [ RunTime:0.002408s ]
INFO: [ view_filter ] --END-- [ RunTime:0.002473s ]
INFO: [ app_end ] --START--
INFO: Run Behavior\ShowPageTraceBehavior [ RunTime:0.002514s ]
INFO: [ app_end ] --END-- [ RunTime:0.002579s ]

[ 2017-07-10T20:13:27+08:00 ] 127.0.0.1 /index.php?c=detail&id=25
INFO: [ app_init ] --START--
INFO: Run Behavior\BuildLiteBehavior [ RunTime:0.000022s ]
INFO: [ app_init ] --END-- [ RunTime:0.001198s ]
INFO: [ app_begin ] --START--
INFO: Run Behavior\ReadHtmlCacheBehavior [ RunTime:0.002283s ]
INFO: [ app_begin ] --END-- [ RunTime:0.002356s ]
NOTIC: [2048] Declaration of Home\Controller\CommonController::error() should be compatible with that of Think\Controller::error() F:\AppServ\www\iotcab\trunk\www\Application\Home\Controller\CommonController.class.php 第 24 行.
NOTIC: [2048] Declaration of Common\Model\NewsModel::find() should be compatible with that of Think\Model::find() F:\AppServ\www\iotcab\trunk\www\Application\Common\Model\NewsModel.class.php 第 9 行.
SQL: SHOW COLUMNS FROM `xc_news` [ RunTime:0.0353s ]
SQL: SELECT * FROM `xc_news` WHERE ( news_id=25 ) LIMIT 1   [ RunTime:0.0096s ]
SQL: UPDATE `xc_news` SET `count`='7' WHERE ( news_id=25 ) [ RunTime:0.0005s ]
NOTIC: [2048] Declaration of Common\Model\NewsContentModel::find() should be compatible with that of Think\Model::find() F:\AppServ\www\iotcab\trunk\www\Application\Common\Model\NewsContentModel.class.php 第 46 行.
SQL: SHOW COLUMNS FROM `xc_news_content` [ RunTime:0.0082s ]
SQL: SELECT * FROM `xc_news_content` WHERE ( news_id=25 ) LIMIT 1   [ RunTime:0.0071s ]
NOTIC: [2048] Declaration of Common\Model\PositionContentModel::find() should be compatible with that of Think\Model::find() F:\AppServ\www\iotcab\trunk\www\Application\Common\Model\PositionContentModel.class.php 第 89 行.
SQL: SHOW COLUMNS FROM `xc_position_content` [ RunTime:0.0078s ]
NOTIC: [8] Undefined index: title F:\AppServ\www\iotcab\trunk\www\Application\Common\Model\PositionContentModel.class.php 第 18 行.
SQL: SELECT * FROM `xc_position_content` WHERE `status` = 1 AND `position_id` = 5 ORDER BY listorder desc ,id desc LIMIT 2   [ RunTime:0.0058s ]
SQL: SELECT * FROM `xc_news` WHERE `status` = 1 ORDER BY count desc,news_id desc  LIMIT 10   [ RunTime:0.0007s ]
INFO: [ view_parse ] --START--
INFO: [ template_filter ] --START--
INFO: Run Behavior\ContentReplaceBehavior [ RunTime:0.000050s ]
INFO: [ template_filter ] --END-- [ RunTime:0.000112s ]
NOTIC: [2048] Declaration of Common\Model\BasicModel::save() should be compatible with that of Think\Model::save() F:\AppServ\www\iotcab\trunk\www\Application\Common\Model\BasicModel.class.php 第 30 行.
NOTIC: [2048] Declaration of Common\Model\BasicModel::select() should be compatible with that of Think\Model::select() F:\AppServ\www\iotcab\trunk\www\Application\Common\Model\BasicModel.class.php 第 30 行.
NOTIC: [2048] Declaration of Common\Model\MenuModel::find() should be compatible with that of Think\Model::find() F:\AppServ\www\iotcab\trunk\www\Application\Common\Model\MenuModel.class.php 第 93 行.
SQL: SHOW COLUMNS FROM `xc_menu` [ RunTime:0.0090s ]
SQL: SELECT * FROM `xc_menu` WHERE `status` = 1 AND `type` = 0 ORDER BY listorder desc,menu_id desc  [ RunTime:0.0062s ]
NOTIC: [8] Undefined index: adNews F:\AppServ\www\iotcab\trunk\www\Application\Runtime\Cache\Home\0d75cb75cd30b13fdd4834afd69acb19.php 第 62 行.
INFO: Run Behavior\ParseTemplateBehavior [ RunTime:0.104237s ]
INFO: [ view_parse ] --END-- [ RunTime:0.104300s ]
INFO: [ view_filter ] --START--
INFO: Run Behavior\WriteHtmlCacheBehavior [ RunTime:0.002439s ]
INFO: [ view_filter ] --END-- [ RunTime:0.002514s ]
INFO: [ app_end ] --START--
INFO: Run Behavior\ShowPageTraceBehavior [ RunTime:0.002605s ]
INFO: [ app_end ] --END-- [ RunTime:0.002674s ]

[ 2017-07-10T20:13:28+08:00 ] 127.0.0.1 /index.php?c=detail&id=25
INFO: [ app_init ] --START--
INFO: Run Behavior\BuildLiteBehavior [ RunTime:0.000021s ]
INFO: [ app_init ] --END-- [ RunTime:0.001166s ]
INFO: [ app_begin ] --START--
INFO: Run Behavior\ReadHtmlCacheBehavior [ RunTime:0.002551s ]
INFO: [ app_begin ] --END-- [ RunTime:0.002643s ]
NOTIC: [2048] Declaration of Home\Controller\CommonController::error() should be compatible with that of Think\Controller::error() F:\AppServ\www\iotcab\trunk\www\Application\Home\Controller\CommonController.class.php 第 24 行.
NOTIC: [2048] Declaration of Common\Model\NewsModel::find() should be compatible with that of Think\Model::find() F:\AppServ\www\iotcab\trunk\www\Application\Common\Model\NewsModel.class.php 第 9 行.
SQL: SHOW COLUMNS FROM `xc_news` [ RunTime:0.0308s ]
SQL: SELECT * FROM `xc_news` WHERE ( news_id=25 ) LIMIT 1   [ RunTime:0.0056s ]
SQL: UPDATE `xc_news` SET `count`='8' WHERE ( news_id=25 ) [ RunTime:0.0008s ]
NOTIC: [2048] Declaration of Common\Model\NewsContentModel::find() should be compatible with that of Think\Model::find() F:\AppServ\www\iotcab\trunk\www\Application\Common\Model\NewsContentModel.class.php 第 46 行.
SQL: SHOW COLUMNS FROM `xc_news_content` [ RunTime:0.0109s ]
SQL: SELECT * FROM `xc_news_content` WHERE ( news_id=25 ) LIMIT 1   [ RunTime:0.0063s ]
NOTIC: [2048] Declaration of Common\Model\PositionContentModel::find() should be compatible with that of Think\Model::find() F:\AppServ\www\iotcab\trunk\www\Application\Common\Model\PositionContentModel.class.php 第 89 行.
SQL: SHOW COLUMNS FROM `xc_position_content` [ RunTime:0.0087s ]
NOTIC: [8] Undefined index: title F:\AppServ\www\iotcab\trunk\www\Application\Common\Model\PositionContentModel.class.php 第 18 行.
SQL: SELECT * FROM `xc_position_content` WHERE `status` = 1 AND `position_id` = 5 ORDER BY listorder desc ,id desc LIMIT 2   [ RunTime:0.0062s ]
SQL: SELECT * FROM `xc_news` WHERE `status` = 1 ORDER BY count desc,news_id desc  LIMIT 10   [ RunTime:0.0010s ]
INFO: [ view_parse ] --START--
INFO: [ template_filter ] --START--
INFO: Run Behavior\ContentReplaceBehavior [ RunTime:0.000053s ]
INFO: [ template_filter ] --END-- [ RunTime:0.000119s ]
NOTIC: [2048] Declaration of Common\Model\BasicModel::save() should be compatible with that of Think\Model::save() F:\AppServ\www\iotcab\trunk\www\Application\Common\Model\BasicModel.class.php 第 30 行.
NOTIC: [2048] Declaration of Common\Model\BasicModel::select() should be compatible with that of Think\Model::select() F:\AppServ\www\iotcab\trunk\www\Application\Common\Model\BasicModel.class.php 第 30 行.
NOTIC: [2048] Declaration of Common\Model\MenuModel::find() should be compatible with that of Think\Model::find() F:\AppServ\www\iotcab\trunk\www\Application\Common\Model\MenuModel.class.php 第 93 行.
SQL: SHOW COLUMNS FROM `xc_menu` [ RunTime:0.0086s ]
SQL: SELECT * FROM `xc_menu` WHERE `status` = 1 AND `type` = 0 ORDER BY listorder desc,menu_id desc  [ RunTime:0.0073s ]
NOTIC: [8] Undefined index: adNews F:\AppServ\www\iotcab\trunk\www\Application\Runtime\Cache\Home\0d75cb75cd30b13fdd4834afd69acb19.php 第 62 行.
INFO: Run Behavior\ParseTemplateBehavior [ RunTime:0.096669s ]
INFO: [ view_parse ] --END-- [ RunTime:0.096739s ]
INFO: [ view_filter ] --START--
INFO: Run Behavior\WriteHtmlCacheBehavior [ RunTime:0.002327s ]
INFO: [ view_filter ] --END-- [ RunTime:0.002385s ]
INFO: [ app_end ] --START--
INFO: Run Behavior\ShowPageTraceBehavior [ RunTime:0.002696s ]
INFO: [ app_end ] --END-- [ RunTime:0.002767s ]

[ 2017-07-10T20:13:29+08:00 ] 127.0.0.1 /index.php?c=detail&id=23
INFO: [ app_init ] --START--
INFO: Run Behavior\BuildLiteBehavior [ RunTime:0.000025s ]
INFO: [ app_init ] --END-- [ RunTime:0.001047s ]
INFO: [ app_begin ] --START--
INFO: Run Behavior\ReadHtmlCacheBehavior [ RunTime:0.002662s ]
INFO: [ app_begin ] --END-- [ RunTime:0.002755s ]
NOTIC: [2048] Declaration of Home\Controller\CommonController::error() should be compatible with that of Think\Controller::error() F:\AppServ\www\iotcab\trunk\www\Application\Home\Controller\CommonController.class.php 第 24 行.
NOTIC: [2048] Declaration of Common\Model\NewsModel::find() should be compatible with that of Think\Model::find() F:\AppServ\www\iotcab\trunk\www\Application\Common\Model\NewsModel.class.php 第 9 行.
SQL: SHOW COLUMNS FROM `xc_news` [ RunTime:0.0325s ]
SQL: SELECT * FROM `xc_news` WHERE ( news_id=23 ) LIMIT 1   [ RunTime:0.0103s ]
SQL: UPDATE `xc_news` SET `count`='9' WHERE ( news_id=23 ) [ RunTime:0.0004s ]
NOTIC: [2048] Declaration of Common\Model\NewsContentModel::find() should be compatible with that of Think\Model::find() F:\AppServ\www\iotcab\trunk\www\Application\Common\Model\NewsContentModel.class.php 第 46 行.
SQL: SHOW COLUMNS FROM `xc_news_content` [ RunTime:0.0094s ]
SQL: SELECT * FROM `xc_news_content` WHERE ( news_id=23 ) LIMIT 1   [ RunTime:0.0099s ]
NOTIC: [2048] Declaration of Common\Model\PositionContentModel::find() should be compatible with that of Think\Model::find() F:\AppServ\www\iotcab\trunk\www\Application\Common\Model\PositionContentModel.class.php 第 89 行.
SQL: SHOW COLUMNS FROM `xc_position_content` [ RunTime:0.0100s ]
NOTIC: [8] Undefined index: title F:\AppServ\www\iotcab\trunk\www\Application\Common\Model\PositionContentModel.class.php 第 18 行.
SQL: SELECT * FROM `xc_position_content` WHERE `status` = 1 AND `position_id` = 5 ORDER BY listorder desc ,id desc LIMIT 2   [ RunTime:0.0094s ]
SQL: SELECT * FROM `xc_news` WHERE `status` = 1 ORDER BY count desc,news_id desc  LIMIT 10   [ RunTime:0.0006s ]
INFO: [ view_parse ] --START--
INFO: [ template_filter ] --START--
INFO: Run Behavior\ContentReplaceBehavior [ RunTime:0.000051s ]
INFO: [ template_filter ] --END-- [ RunTime:0.000115s ]
NOTIC: [2048] Declaration of Common\Model\BasicModel::save() should be compatible with that of Think\Model::save() F:\AppServ\www\iotcab\trunk\www\Application\Common\Model\BasicModel.class.php 第 30 行.
NOTIC: [2048] Declaration of Common\Model\BasicModel::select() should be compatible with that of Think\Model::select() F:\AppServ\www\iotcab\trunk\www\Application\Common\Model\BasicModel.class.php 第 30 行.
NOTIC: [2048] Declaration of Common\Model\MenuModel::find() should be compatible with that of Think\Model::find() F:\AppServ\www\iotcab\trunk\www\Application\Common\Model\MenuModel.class.php 第 93 行.
SQL: SHOW COLUMNS FROM `xc_menu` [ RunTime:0.0111s ]
SQL: SELECT * FROM `xc_menu` WHERE `status` = 1 AND `type` = 0 ORDER BY listorder desc,menu_id desc  [ RunTime:0.0057s ]
NOTIC: [8] Undefined index: adNews F:\AppServ\www\iotcab\trunk\www\Application\Runtime\Cache\Home\0d75cb75cd30b13fdd4834afd69acb19.php 第 62 行.
INFO: Run Behavior\ParseTemplateBehavior [ RunTime:0.100833s ]
INFO: [ view_parse ] --END-- [ RunTime:0.100896s ]
INFO: [ view_filter ] --START--
INFO: Run Behavior\WriteHtmlCacheBehavior [ RunTime:0.002467s ]
INFO: [ view_filter ] --END-- [ RunTime:0.002539s ]
INFO: [ app_end ] --START--
INFO: Run Behavior\ShowPageTraceBehavior [ RunTime:0.002547s ]
INFO: [ app_end ] --END-- [ RunTime:0.002615s ]

[ 2017-07-10T20:13:30+08:00 ] 127.0.0.1 /index.php?c=detail&id=25
INFO: [ app_init ] --START--
INFO: Run Behavior\BuildLiteBehavior [ RunTime:0.000017s ]
INFO: [ app_init ] --END-- [ RunTime:0.000672s ]
INFO: [ app_begin ] --START--
INFO: Run Behavior\ReadHtmlCacheBehavior [ RunTime:0.000729s ]
INFO: [ app_begin ] --END-- [ RunTime:0.000787s ]
NOTIC: [2048] Declaration of Home\Controller\CommonController::error() should be compatible with that of Think\Controller::error() F:\AppServ\www\iotcab\trunk\www\Application\Home\Controller\CommonController.class.php 第 24 行.
NOTIC: [2048] Declaration of Common\Model\NewsModel::find() should be compatible with that of Think\Model::find() F:\AppServ\www\iotcab\trunk\www\Application\Common\Model\NewsModel.class.php 第 9 行.
SQL: SHOW COLUMNS FROM `xc_news` [ RunTime:0.0131s ]
SQL: SELECT * FROM `xc_news` WHERE ( news_id=25 ) LIMIT 1   [ RunTime:0.0078s ]
SQL: UPDATE `xc_news` SET `count`='9' WHERE ( news_id=25 ) [ RunTime:0.0007s ]
NOTIC: [2048] Declaration of Common\Model\NewsContentModel::find() should be compatible with that of Think\Model::find() F:\AppServ\www\iotcab\trunk\www\Application\Common\Model\NewsContentModel.class.php 第 46 行.
SQL: SHOW COLUMNS FROM `xc_news_content` [ RunTime:0.0086s ]
SQL: SELECT * FROM `xc_news_content` WHERE ( news_id=25 ) LIMIT 1   [ RunTime:0.0066s ]
NOTIC: [2048] Declaration of Common\Model\PositionContentModel::find() should be compatible with that of Think\Model::find() F:\AppServ\www\iotcab\trunk\www\Application\Common\Model\PositionContentModel.class.php 第 89 行.
SQL: SHOW COLUMNS FROM `xc_position_content` [ RunTime:0.0093s ]
NOTIC: [8] Undefined index: title F:\AppServ\www\iotcab\trunk\www\Application\Common\Model\PositionContentModel.class.php 第 18 行.
SQL: SELECT * FROM `xc_position_content` WHERE `status` = 1 AND `position_id` = 5 ORDER BY listorder desc ,id desc LIMIT 2   [ RunTime:0.0080s ]
SQL: SELECT * FROM `xc_news` WHERE `status` = 1 ORDER BY count desc,news_id desc  LIMIT 10   [ RunTime:0.0007s ]
INFO: [ view_parse ] --START--
INFO: [ template_filter ] --START--
INFO: Run Behavior\ContentReplaceBehavior [ RunTime:0.000050s ]
INFO: [ template_filter ] --END-- [ RunTime:0.000113s ]
NOTIC: [2048] Declaration of Common\Model\BasicModel::save() should be compatible with that of Think\Model::save() F:\AppServ\www\iotcab\trunk\www\Application\Common\Model\BasicModel.class.php 第 30 行.
NOTIC: [2048] Declaration of Common\Model\BasicModel::select() should be compatible with that of Think\Model::select() F:\AppServ\www\iotcab\trunk\www\Application\Common\Model\BasicModel.class.php 第 30 行.
NOTIC: [2048] Declaration of Common\Model\MenuModel::find() should be compatible with that of Think\Model::find() F:\AppServ\www\iotcab\trunk\www\Application\Common\Model\MenuModel.class.php 第 93 行.
SQL: SHOW COLUMNS FROM `xc_menu` [ RunTime:0.0109s ]
SQL: SELECT * FROM `xc_menu` WHERE `status` = 1 AND `type` = 0 ORDER BY listorder desc,menu_id desc  [ RunTime:0.0099s ]
NOTIC: [8] Undefined index: adNews F:\AppServ\www\iotcab\trunk\www\Application\Runtime\Cache\Home\0d75cb75cd30b13fdd4834afd69acb19.php 第 62 行.
INFO: Run Behavior\ParseTemplateBehavior [ RunTime:0.096228s ]
INFO: [ view_parse ] --END-- [ RunTime:0.096294s ]
INFO: [ view_filter ] --START--
INFO: Run Behavior\WriteHtmlCacheBehavior [ RunTime:0.002310s ]
INFO: [ view_filter ] --END-- [ RunTime:0.002385s ]
INFO: [ app_end ] --START--
INFO: Run Behavior\ShowPageTraceBehavior [ RunTime:0.001960s ]
INFO: [ app_end ] --END-- [ RunTime:0.002031s ]

[ 2017-07-10T20:13:31+08:00 ] 127.0.0.1 /index.php?c=detail&id=25
INFO: [ app_init ] --START--
INFO: Run Behavior\BuildLiteBehavior [ RunTime:0.000021s ]
INFO: [ app_init ] --END-- [ RunTime:0.000795s ]
INFO: [ app_begin ] --START--
INFO: Run Behavior\ReadHtmlCacheBehavior [ RunTime:0.000799s ]
INFO: [ app_begin ] --END-- [ RunTime:0.000870s ]
NOTIC: [2048] Declaration of Home\Controller\CommonController::error() should be compatible with that of Think\Controller::error() F:\AppServ\www\iotcab\trunk\www\Application\Home\Controller\CommonController.class.php 第 24 行.
NOTIC: [2048] Declaration of Common\Model\NewsModel::find() should be compatible with that of Think\Model::find() F:\AppServ\www\iotcab\trunk\www\Application\Common\Model\NewsModel.class.php 第 9 行.
SQL: SHOW COLUMNS FROM `xc_news` [ RunTime:0.0102s ]
SQL: SELECT * FROM `xc_news` WHERE ( news_id=25 ) LIMIT 1   [ RunTime:0.0097s ]
SQL: UPDATE `xc_news` SET `count`='10' WHERE ( news_id=25 ) [ RunTime:0.0007s ]
NOTIC: [2048] Declaration of Common\Model\NewsContentModel::find() should be compatible with that of Think\Model::find() F:\AppServ\www\iotcab\trunk\www\Application\Common\Model\NewsContentModel.class.php 第 46 行.
SQL: SHOW COLUMNS FROM `xc_news_content` [ RunTime:0.0100s ]
SQL: SELECT * FROM `xc_news_content` WHERE ( news_id=25 ) LIMIT 1   [ RunTime:0.0097s ]
NOTIC: [2048] Declaration of Common\Model\PositionContentModel::find() should be compatible with that of Think\Model::find() F:\AppServ\www\iotcab\trunk\www\Application\Common\Model\PositionContentModel.class.php 第 89 行.
SQL: SHOW COLUMNS FROM `xc_position_content` [ RunTime:0.0108s ]
NOTIC: [8] Undefined index: title F:\AppServ\www\iotcab\trunk\www\Application\Common\Model\PositionContentModel.class.php 第 18 行.
SQL: SELECT * FROM `xc_position_content` WHERE `status` = 1 AND `position_id` = 5 ORDER BY listorder desc ,id desc LIMIT 2   [ RunTime:0.0099s ]
SQL: SELECT * FROM `xc_news` WHERE `status` = 1 ORDER BY count desc,news_id desc  LIMIT 10   [ RunTime:0.0008s ]
INFO: [ view_parse ] --START--
INFO: [ template_filter ] --START--
INFO: Run Behavior\ContentReplaceBehavior [ RunTime:0.000056s ]
INFO: [ template_filter ] --END-- [ RunTime:0.000126s ]
NOTIC: [2048] Declaration of Common\Model\BasicModel::save() should be compatible with that of Think\Model::save() F:\AppServ\www\iotcab\trunk\www\Application\Common\Model\BasicModel.class.php 第 30 行.
NOTIC: [2048] Declaration of Common\Model\BasicModel::select() should be compatible with that of Think\Model::select() F:\AppServ\www\iotcab\trunk\www\Application\Common\Model\BasicModel.class.php 第 30 行.
NOTIC: [2048] Declaration of Common\Model\MenuModel::find() should be compatible with that of Think\Model::find() F:\AppServ\www\iotcab\trunk\www\Application\Common\Model\MenuModel.class.php 第 93 行.
SQL: SHOW COLUMNS FROM `xc_menu` [ RunTime:0.0130s ]
SQL: SELECT * FROM `xc_menu` WHERE `status` = 1 AND `type` = 0 ORDER BY listorder desc,menu_id desc  [ RunTime:0.0095s ]
NOTIC: [8] Undefined index: adNews F:\AppServ\www\iotcab\trunk\www\Application\Runtime\Cache\Home\0d75cb75cd30b13fdd4834afd69acb19.php 第 62 行.
INFO: Run Behavior\ParseTemplateBehavior [ RunTime:0.076228s ]
INFO: [ view_parse ] --END-- [ RunTime:0.076310s ]
INFO: [ view_filter ] --START--
INFO: Run Behavior\WriteHtmlCacheBehavior [ RunTime:0.002433s ]
INFO: [ view_filter ] --END-- [ RunTime:0.002518s ]
INFO: [ app_end ] --START--
INFO: Run Behavior\ShowPageTraceBehavior [ RunTime:0.002037s ]
INFO: [ app_end ] --END-- [ RunTime:0.002108s ]

[ 2017-07-10T20:13:33+08:00 ] 127.0.0.1 /index.php?c=detail&id=25
INFO: [ app_init ] --START--
INFO: Run Behavior\BuildLiteBehavior [ RunTime:0.000019s ]
INFO: [ app_init ] --END-- [ RunTime:0.000764s ]
INFO: [ app_begin ] --START--
INFO: Run Behavior\ReadHtmlCacheBehavior [ RunTime:0.000751s ]
INFO: [ app_begin ] --END-- [ RunTime:0.000818s ]
NOTIC: [2048] Declaration of Home\Controller\CommonController::error() should be compatible with that of Think\Controller::error() F:\AppServ\www\iotcab\trunk\www\Application\Home\Controller\CommonController.class.php 第 24 行.
NOTIC: [2048] Declaration of Common\Model\NewsModel::find() should be compatible with that of Think\Model::find() F:\AppServ\www\iotcab\trunk\www\Application\Common\Model\NewsModel.class.php 第 9 行.
SQL: SHOW COLUMNS FROM `xc_news` [ RunTime:0.0111s ]
SQL: SELECT * FROM `xc_news` WHERE ( news_id=25 ) LIMIT 1   [ RunTime:0.0063s ]
SQL: UPDATE `xc_news` SET `count`='11' WHERE ( news_id=25 ) [ RunTime:0.0008s ]
NOTIC: [2048] Declaration of Common\Model\NewsContentModel::find() should be compatible with that of Think\Model::find() F:\AppServ\www\iotcab\trunk\www\Application\Common\Model\NewsContentModel.class.php 第 46 行.
SQL: SHOW COLUMNS FROM `xc_news_content` [ RunTime:0.0090s ]
SQL: SELECT * FROM `xc_news_content` WHERE ( news_id=25 ) LIMIT 1   [ RunTime:0.0114s ]
NOTIC: [2048] Declaration of Common\Model\PositionContentModel::find() should be compatible with that of Think\Model::find() F:\AppServ\www\iotcab\trunk\www\Application\Common\Model\PositionContentModel.class.php 第 89 行.
SQL: SHOW COLUMNS FROM `xc_position_content` [ RunTime:0.0111s ]
NOTIC: [8] Undefined index: title F:\AppServ\www\iotcab\trunk\www\Application\Common\Model\PositionContentModel.class.php 第 18 行.
SQL: SELECT * FROM `xc_position_content` WHERE `status` = 1 AND `position_id` = 5 ORDER BY listorder desc ,id desc LIMIT 2   [ RunTime:0.0102s ]
SQL: SELECT * FROM `xc_news` WHERE `status` = 1 ORDER BY count desc,news_id desc  LIMIT 10   [ RunTime:0.0007s ]
INFO: [ view_parse ] --START--
INFO: [ template_filter ] --START--
INFO: Run Behavior\ContentReplaceBehavior [ RunTime:0.000050s ]
INFO: [ template_filter ] --END-- [ RunTime:0.000113s ]
NOTIC: [2048] Declaration of Common\Model\BasicModel::save() should be compatible with that of Think\Model::save() F:\AppServ\www\iotcab\trunk\www\Application\Common\Model\BasicModel.class.php 第 30 行.
NOTIC: [2048] Declaration of Common\Model\BasicModel::select() should be compatible with that of Think\Model::select() F:\AppServ\www\iotcab\trunk\www\Application\Common\Model\BasicModel.class.php 第 30 行.
NOTIC: [2048] Declaration of Common\Model\MenuModel::find() should be compatible with that of Think\Model::find() F:\AppServ\www\iotcab\trunk\www\Application\Common\Model\MenuModel.class.php 第 93 行.
SQL: SHOW COLUMNS FROM `xc_menu` [ RunTime:0.0107s ]
SQL: SELECT * FROM `xc_menu` WHERE `status` = 1 AND `type` = 0 ORDER BY listorder desc,menu_id desc  [ RunTime:0.0098s ]
NOTIC: [8] Undefined index: adNews F:\AppServ\www\iotcab\trunk\www\Application\Runtime\Cache\Home\0d75cb75cd30b13fdd4834afd69acb19.php 第 62 行.
INFO: Run Behavior\ParseTemplateBehavior [ RunTime:0.077563s ]
INFO: [ view_parse ] --END-- [ RunTime:0.077655s ]
INFO: [ view_filter ] --START--
INFO: Run Behavior\WriteHtmlCacheBehavior [ RunTime:0.002205s ]
INFO: [ view_filter ] --END-- [ RunTime:0.002275s ]
INFO: [ app_end ] --START--
INFO: Run Behavior\ShowPageTraceBehavior [ RunTime:0.002405s ]
INFO: [ app_end ] --END-- [ RunTime:0.002495s ]

[ 2017-07-10T20:13:34+08:00 ] 127.0.0.1 /index.php?c=detail&id=25
INFO: [ app_init ] --START--
INFO: Run Behavior\BuildLiteBehavior [ RunTime:0.000018s ]
INFO: [ app_init ] --END-- [ RunTime:0.000711s ]
INFO: [ app_begin ] --START--
INFO: Run Behavior\ReadHtmlCacheBehavior [ RunTime:0.000837s ]
INFO: [ app_begin ] --END-- [ RunTime:0.000914s ]
NOTIC: [2048] Declaration of Home\Controller\CommonController::error() should be compatible with that of Think\Controller::error() F:\AppServ\www\iotcab\trunk\www\Application\Home\Controller\CommonController.class.php 第 24 行.
NOTIC: [2048] Declaration of Common\Model\NewsModel::find() should be compatible with that of Think\Model::find() F:\AppServ\www\iotcab\trunk\www\Application\Common\Model\NewsModel.class.php 第 9 行.
SQL: SHOW COLUMNS FROM `xc_news` [ RunTime:0.0308s ]
SQL: SELECT * FROM `xc_news` WHERE ( news_id=25 ) LIMIT 1   [ RunTime:0.0068s ]
SQL: UPDATE `xc_news` SET `count`='12' WHERE ( news_id=25 ) [ RunTime:0.0004s ]
NOTIC: [2048] Declaration of Common\Model\NewsContentModel::find() should be compatible with that of Think\Model::find() F:\AppServ\www\iotcab\trunk\www\Application\Common\Model\NewsContentModel.class.php 第 46 行.
SQL: SHOW COLUMNS FROM `xc_news_content` [ RunTime:0.0083s ]
SQL: SELECT * FROM `xc_news_content` WHERE ( news_id=25 ) LIMIT 1   [ RunTime:0.0069s ]
NOTIC: [2048] Declaration of Common\Model\PositionContentModel::find() should be compatible with that of Think\Model::find() F:\AppServ\www\iotcab\trunk\www\Application\Common\Model\PositionContentModel.class.php 第 89 行.
SQL: SHOW COLUMNS FROM `xc_position_content` [ RunTime:0.0097s ]
NOTIC: [8] Undefined index: title F:\AppServ\www\iotcab\trunk\www\Application\Common\Model\PositionContentModel.class.php 第 18 行.
SQL: SELECT * FROM `xc_position_content` WHERE `status` = 1 AND `position_id` = 5 ORDER BY listorder desc ,id desc LIMIT 2   [ RunTime:0.0055s ]
SQL: SELECT * FROM `xc_news` WHERE `status` = 1 ORDER BY count desc,news_id desc  LIMIT 10   [ RunTime:0.0006s ]
INFO: [ view_parse ] --START--
INFO: [ template_filter ] --START--
INFO: Run Behavior\ContentReplaceBehavior [ RunTime:0.000050s ]
INFO: [ template_filter ] --END-- [ RunTime:0.000114s ]
NOTIC: [2048] Declaration of Common\Model\BasicModel::save() should be compatible with that of Think\Model::save() F:\AppServ\www\iotcab\trunk\www\Application\Common\Model\BasicModel.class.php 第 30 行.
NOTIC: [2048] Declaration of Common\Model\BasicModel::select() should be compatible with that of Think\Model::select() F:\AppServ\www\iotcab\trunk\www\Application\Common\Model\BasicModel.class.php 第 30 行.
NOTIC: [2048] Declaration of Common\Model\MenuModel::find() should be compatible with that of Think\Model::find() F:\AppServ\www\iotcab\trunk\www\Application\Common\Model\MenuModel.class.php 第 93 行.
SQL: SHOW COLUMNS FROM `xc_menu` [ RunTime:0.0218s ]
SQL: SELECT * FROM `xc_menu` WHERE `status` = 1 AND `type` = 0 ORDER BY listorder desc,menu_id desc  [ RunTime:0.0124s ]
NOTIC: [8] Undefined index: adNews F:\AppServ\www\iotcab\trunk\www\Application\Runtime\Cache\Home\0d75cb75cd30b13fdd4834afd69acb19.php 第 62 行.
INFO: Run Behavior\ParseTemplateBehavior [ RunTime:0.122855s ]
INFO: [ view_parse ] --END-- [ RunTime:0.122947s ]
INFO: [ view_filter ] --START--
INFO: Run Behavior\WriteHtmlCacheBehavior [ RunTime:0.003768s ]
INFO: [ view_filter ] --END-- [ RunTime:0.003880s ]
INFO: [ app_end ] --START--
INFO: Run Behavior\ShowPageTraceBehavior [ RunTime:0.003587s ]
INFO: [ app_end ] --END-- [ RunTime:0.003718s ]

[ 2017-07-10T20:13:35+08:00 ] 127.0.0.1 /index.php?c=detail&id=25
INFO: [ app_init ] --START--
INFO: Run Behavior\BuildLiteBehavior [ RunTime:0.000019s ]
INFO: [ app_init ] --END-- [ RunTime:0.000762s ]
INFO: [ app_begin ] --START--
INFO: Run Behavior\ReadHtmlCacheBehavior [ RunTime:0.000745s ]
INFO: [ app_begin ] --END-- [ RunTime:0.000810s ]
NOTIC: [2048] Declaration of Home\Controller\CommonController::error() should be compatible with that of Think\Controller::error() F:\AppServ\www\iotcab\trunk\www\Application\Home\Controller\CommonController.class.php 第 24 行.
NOTIC: [2048] Declaration of Common\Model\NewsModel::find() should be compatible with that of Think\Model::find() F:\AppServ\www\iotcab\trunk\www\Application\Common\Model\NewsModel.class.php 第 9 行.
SQL: SHOW COLUMNS FROM `xc_news` [ RunTime:0.0129s ]
SQL: SELECT * FROM `xc_news` WHERE ( news_id=25 ) LIMIT 1   [ RunTime:0.0070s ]
SQL: UPDATE `xc_news` SET `count`='13' WHERE ( news_id=25 ) [ RunTime:0.0007s ]
NOTIC: [2048] Declaration of Common\Model\NewsContentModel::find() should be compatible with that of Think\Model::find() F:\AppServ\www\iotcab\trunk\www\Application\Common\Model\NewsContentModel.class.php 第 46 行.
SQL: SHOW COLUMNS FROM `xc_news_content` [ RunTime:0.0114s ]
SQL: SELECT * FROM `xc_news_content` WHERE ( news_id=25 ) LIMIT 1   [ RunTime:0.0127s ]
NOTIC: [2048] Declaration of Common\Model\PositionContentModel::find() should be compatible with that of Think\Model::find() F:\AppServ\www\iotcab\trunk\www\Application\Common\Model\PositionContentModel.class.php 第 89 行.
SQL: SHOW COLUMNS FROM `xc_position_content` [ RunTime:0.0117s ]
NOTIC: [8] Undefined index: title F:\AppServ\www\iotcab\trunk\www\Application\Common\Model\PositionContentModel.class.php 第 18 行.
SQL: SELECT * FROM `xc_position_content` WHERE `status` = 1 AND `position_id` = 5 ORDER BY listorder desc ,id desc LIMIT 2   [ RunTime:0.0091s ]
SQL: SELECT * FROM `xc_news` WHERE `status` = 1 ORDER BY count desc,news_id desc  LIMIT 10   [ RunTime:0.0013s ]
INFO: [ view_parse ] --START--
INFO: [ template_filter ] --START--
INFO: Run Behavior\ContentReplaceBehavior [ RunTime:0.000051s ]
INFO: [ template_filter ] --END-- [ RunTime:0.000112s ]
NOTIC: [2048] Declaration of Common\Model\BasicModel::save() should be compatible with that of Think\Model::save() F:\AppServ\www\iotcab\trunk\www\Application\Common\Model\BasicModel.class.php 第 30 行.
NOTIC: [2048] Declaration of Common\Model\BasicModel::select() should be compatible with that of Think\Model::select() F:\AppServ\www\iotcab\trunk\www\Application\Common\Model\BasicModel.class.php 第 30 行.
NOTIC: [2048] Declaration of Common\Model\MenuModel::find() should be compatible with that of Think\Model::find() F:\AppServ\www\iotcab\trunk\www\Application\Common\Model\MenuModel.class.php 第 93 行.
SQL: SHOW COLUMNS FROM `xc_menu` [ RunTime:0.0177s ]
SQL: SELECT * FROM `xc_menu` WHERE `status` = 1 AND `type` = 0 ORDER BY listorder desc,menu_id desc  [ RunTime:0.0081s ]
NOTIC: [8] Undefined index: adNews F:\AppServ\www\iotcab\trunk\www\Application\Runtime\Cache\Home\0d75cb75cd30b13fdd4834afd69acb19.php 第 62 行.
INFO: Run Behavior\ParseTemplateBehavior [ RunTime:0.109258s ]
INFO: [ view_parse ] --END-- [ RunTime:0.109332s ]
INFO: [ view_filter ] --START--
INFO: Run Behavior\WriteHtmlCacheBehavior [ RunTime:0.002000s ]
INFO: [ view_filter ] --END-- [ RunTime:0.002059s ]
INFO: [ app_end ] --START--
INFO: Run Behavior\ShowPageTraceBehavior [ RunTime:0.001760s ]
INFO: [ app_end ] --END-- [ RunTime:0.001818s ]

[ 2017-07-10T20:13:36+08:00 ] 127.0.0.1 /index.php?c=detail&id=25
INFO: [ app_init ] --START--
INFO: Run Behavior\BuildLiteBehavior [ RunTime:0.000016s ]
INFO: [ app_init ] --END-- [ RunTime:0.000652s ]
INFO: [ app_begin ] --START--
INFO: Run Behavior\ReadHtmlCacheBehavior [ RunTime:0.000762s ]
INFO: [ app_begin ] --END-- [ RunTime:0.000829s ]
NOTIC: [2048] Declaration of Home\Controller\CommonController::error() should be compatible with that of Think\Controller::error() F:\AppServ\www\iotcab\trunk\www\Application\Home\Controller\CommonController.class.php 第 24 行.
NOTIC: [2048] Declaration of Common\Model\NewsModel::find() should be compatible with that of Think\Model::find() F:\AppServ\www\iotcab\trunk\www\Application\Common\Model\NewsModel.class.php 第 9 行.
SQL: SHOW COLUMNS FROM `xc_news` [ RunTime:0.0089s ]
SQL: SELECT * FROM `xc_news` WHERE ( news_id=25 ) LIMIT 1   [ RunTime:0.0055s ]
SQL: UPDATE `xc_news` SET `count`='14' WHERE ( news_id=25 ) [ RunTime:0.0004s ]
NOTIC: [2048] Declaration of Common\Model\NewsContentModel::find() should be compatible with that of Think\Model::find() F:\AppServ\www\iotcab\trunk\www\Application\Common\Model\NewsContentModel.class.php 第 46 行.
SQL: SHOW COLUMNS FROM `xc_news_content` [ RunTime:0.0099s ]
SQL: SELECT * FROM `xc_news_content` WHERE ( news_id=25 ) LIMIT 1   [ RunTime:0.0056s ]
NOTIC: [2048] Declaration of Common\Model\PositionContentModel::find() should be compatible with that of Think\Model::find() F:\AppServ\www\iotcab\trunk\www\Application\Common\Model\PositionContentModel.class.php 第 89 行.
SQL: SHOW COLUMNS FROM `xc_position_content` [ RunTime:0.0113s ]
NOTIC: [8] Undefined index: title F:\AppServ\www\iotcab\trunk\www\Application\Common\Model\PositionContentModel.class.php 第 18 行.
SQL: SELECT * FROM `xc_position_content` WHERE `status` = 1 AND `position_id` = 5 ORDER BY listorder desc ,id desc LIMIT 2   [ RunTime:0.0073s ]
SQL: SELECT * FROM `xc_news` WHERE `status` = 1 ORDER BY count desc,news_id desc  LIMIT 10   [ RunTime:0.0012s ]
INFO: [ view_parse ] --START--
INFO: [ template_filter ] --START--
INFO: Run Behavior\ContentReplaceBehavior [ RunTime:0.000082s ]
INFO: [ template_filter ] --END-- [ RunTime:0.000179s ]
NOTIC: [2048] Declaration of Common\Model\BasicModel::save() should be compatible with that of Think\Model::save() F:\AppServ\www\iotcab\trunk\www\Application\Common\Model\BasicModel.class.php 第 30 行.
NOTIC: [2048] Declaration of Common\Model\BasicModel::select() should be compatible with that of Think\Model::select() F:\AppServ\www\iotcab\trunk\www\Application\Common\Model\BasicModel.class.php 第 30 行.
NOTIC: [2048] Declaration of Common\Model\MenuModel::find() should be compatible with that of Think\Model::find() F:\AppServ\www\iotcab\trunk\www\Application\Common\Model\MenuModel.class.php 第 93 行.
SQL: SHOW COLUMNS FROM `xc_menu` [ RunTime:0.0376s ]
SQL: SELECT * FROM `xc_menu` WHERE `status` = 1 AND `type` = 0 ORDER BY listorder desc,menu_id desc  [ RunTime:0.0108s ]
NOTIC: [8] Undefined index: adNews F:\AppServ\www\iotcab\trunk\www\Application\Runtime\Cache\Home\0d75cb75cd30b13fdd4834afd69acb19.php 第 62 行.
INFO: Run Behavior\ParseTemplateBehavior [ RunTime:0.159585s ]
INFO: [ view_parse ] --END-- [ RunTime:0.159680s ]
INFO: [ view_filter ] --START--
INFO: Run Behavior\WriteHtmlCacheBehavior [ RunTime:0.001940s ]
INFO: [ view_filter ] --END-- [ RunTime:0.001996s ]
INFO: [ app_end ] --START--
INFO: Run Behavior\ShowPageTraceBehavior [ RunTime:0.001667s ]
INFO: [ app_end ] --END-- [ RunTime:0.001727s ]

[ 2017-07-10T20:13:37+08:00 ] 127.0.0.1 /index.php?c=detail&id=25
INFO: [ app_init ] --START--
INFO: Run Behavior\BuildLiteBehavior [ RunTime:0.000026s ]
INFO: [ app_init ] --END-- [ RunTime:0.001032s ]
INFO: [ app_begin ] --START--
INFO: Run Behavior\ReadHtmlCacheBehavior [ RunTime:0.000779s ]
INFO: [ app_begin ] --END-- [ RunTime:0.000855s ]
NOTIC: [2048] Declaration of Home\Controller\CommonController::error() should be compatible with that of Think\Controller::error() F:\AppServ\www\iotcab\trunk\www\Application\Home\Controller\CommonController.class.php 第 24 行.
NOTIC: [2048] Declaration of Common\Model\NewsModel::find() should be compatible with that of Think\Model::find() F:\AppServ\www\iotcab\trunk\www\Application\Common\Model\NewsModel.class.php 第 9 行.
SQL: SHOW COLUMNS FROM `xc_news` [ RunTime:0.0128s ]
SQL: SELECT * FROM `xc_news` WHERE ( news_id=25 ) LIMIT 1   [ RunTime:0.0094s ]
SQL: UPDATE `xc_news` SET `count`='15' WHERE ( news_id=25 ) [ RunTime:0.0004s ]
NOTIC: [2048] Declaration of Common\Model\NewsContentModel::find() should be compatible with that of Think\Model::find() F:\AppServ\www\iotcab\trunk\www\Application\Common\Model\NewsContentModel.class.php 第 46 行.
SQL: SHOW COLUMNS FROM `xc_news_content` [ RunTime:0.0117s ]
SQL: SELECT * FROM `xc_news_content` WHERE ( news_id=25 ) LIMIT 1   [ RunTime:0.0067s ]
NOTIC: [2048] Declaration of Common\Model\PositionContentModel::find() should be compatible with that of Think\Model::find() F:\AppServ\www\iotcab\trunk\www\Application\Common\Model\PositionContentModel.class.php 第 89 行.
SQL: SHOW COLUMNS FROM `xc_position_content` [ RunTime:0.0093s ]
NOTIC: [8] Undefined index: title F:\AppServ\www\iotcab\trunk\www\Application\Common\Model\PositionContentModel.class.php 第 18 行.
SQL: SELECT * FROM `xc_position_content` WHERE `status` = 1 AND `position_id` = 5 ORDER BY listorder desc ,id desc LIMIT 2   [ RunTime:0.0067s ]
SQL: SELECT * FROM `xc_news` WHERE `status` = 1 ORDER BY count desc,news_id desc  LIMIT 10   [ RunTime:0.0007s ]
INFO: [ view_parse ] --START--
INFO: [ template_filter ] --START--
INFO: Run Behavior\ContentReplaceBehavior [ RunTime:0.000064s ]
INFO: [ template_filter ] --END-- [ RunTime:0.000138s ]
NOTIC: [2048] Declaration of Common\Model\BasicModel::save() should be compatible with that of Think\Model::save() F:\AppServ\www\iotcab\trunk\www\Application\Common\Model\BasicModel.class.php 第 30 行.
NOTIC: [2048] Declaration of Common\Model\BasicModel::select() should be compatible with that of Think\Model::select() F:\AppServ\www\iotcab\trunk\www\Application\Common\Model\BasicModel.class.php 第 30 行.
NOTIC: [2048] Declaration of Common\Model\MenuModel::find() should be compatible with that of Think\Model::find() F:\AppServ\www\iotcab\trunk\www\Application\Common\Model\MenuModel.class.php 第 93 行.
SQL: SHOW COLUMNS FROM `xc_menu` [ RunTime:0.0096s ]
SQL: SELECT * FROM `xc_menu` WHERE `status` = 1 AND `type` = 0 ORDER BY listorder desc,menu_id desc  [ RunTime:0.0057s ]
NOTIC: [8] Undefined index: adNews F:\AppServ\www\iotcab\trunk\www\Application\Runtime\Cache\Home\0d75cb75cd30b13fdd4834afd69acb19.php 第 62 行.
INFO: Run Behavior\ParseTemplateBehavior [ RunTime:0.088971s ]
INFO: [ view_parse ] --END-- [ RunTime:0.089034s ]
INFO: [ view_filter ] --START--
INFO: Run Behavior\WriteHtmlCacheBehavior [ RunTime:0.002623s ]
INFO: [ view_filter ] --END-- [ RunTime:0.002726s ]
INFO: [ app_end ] --START--
INFO: Run Behavior\ShowPageTraceBehavior [ RunTime:0.002204s ]
INFO: [ app_end ] --END-- [ RunTime:0.002284s ]

[ 2017-07-10T20:13:38+08:00 ] 127.0.0.1 /index.php?c=detail&id=25
INFO: [ app_init ] --START--
INFO: Run Behavior\BuildLiteBehavior [ RunTime:0.000019s ]
INFO: [ app_init ] --END-- [ RunTime:0.000750s ]
INFO: [ app_begin ] --START--
INFO: Run Behavior\ReadHtmlCacheBehavior [ RunTime:0.000945s ]
INFO: [ app_begin ] --END-- [ RunTime:0.001033s ]
NOTIC: [2048] Declaration of Home\Controller\CommonController::error() should be compatible with that of Think\Controller::error() F:\AppServ\www\iotcab\trunk\www\Application\Home\Controller\CommonController.class.php 第 24 行.
NOTIC: [2048] Declaration of Common\Model\NewsModel::find() should be compatible with that of Think\Model::find() F:\AppServ\www\iotcab\trunk\www\Application\Common\Model\NewsModel.class.php 第 9 行.
SQL: SHOW COLUMNS FROM `xc_news` [ RunTime:0.0141s ]
SQL: SELECT * FROM `xc_news` WHERE ( news_id=25 ) LIMIT 1   [ RunTime:0.0107s ]
SQL: UPDATE `xc_news` SET `count`='16' WHERE ( news_id=25 ) [ RunTime:0.0005s ]
NOTIC: [2048] Declaration of Common\Model\NewsContentModel::find() should be compatible with that of Think\Model::find() F:\AppServ\www\iotcab\trunk\www\Application\Common\Model\NewsContentModel.class.php 第 46 行.
SQL: SHOW COLUMNS FROM `xc_news_content` [ RunTime:0.0102s ]
SQL: SELECT * FROM `xc_news_content` WHERE ( news_id=25 ) LIMIT 1   [ RunTime:0.0109s ]
NOTIC: [2048] Declaration of Common\Model\PositionContentModel::find() should be compatible with that of Think\Model::find() F:\AppServ\www\iotcab\trunk\www\Application\Common\Model\PositionContentModel.class.php 第 89 行.
SQL: SHOW COLUMNS FROM `xc_position_content` [ RunTime:0.0116s ]
NOTIC: [8] Undefined index: title F:\AppServ\www\iotcab\trunk\www\Application\Common\Model\PositionContentModel.class.php 第 18 行.
SQL: SELECT * FROM `xc_position_content` WHERE `status` = 1 AND `position_id` = 5 ORDER BY listorder desc ,id desc LIMIT 2   [ RunTime:0.0080s ]
SQL: SELECT * FROM `xc_news` WHERE `status` = 1 ORDER BY count desc,news_id desc  LIMIT 10   [ RunTime:0.0007s ]
INFO: [ view_parse ] --START--
INFO: [ template_filter ] --START--
INFO: Run Behavior\ContentReplaceBehavior [ RunTime:0.000050s ]
INFO: [ template_filter ] --END-- [ RunTime:0.000115s ]
NOTIC: [2048] Declaration of Common\Model\BasicModel::save() should be compatible with that of Think\Model::save() F:\AppServ\www\iotcab\trunk\www\Application\Common\Model\BasicModel.class.php 第 30 行.
NOTIC: [2048] Declaration of Common\Model\BasicModel::select() should be compatible with that of Think\Model::select() F:\AppServ\www\iotcab\trunk\www\Application\Common\Model\BasicModel.class.php 第 30 行.
NOTIC: [2048] Declaration of Common\Model\MenuModel::find() should be compatible with that of Think\Model::find() F:\AppServ\www\iotcab\trunk\www\Application\Common\Model\MenuModel.class.php 第 93 行.
SQL: SHOW COLUMNS FROM `xc_menu` [ RunTime:0.0091s ]
SQL: SELECT * FROM `xc_menu` WHERE `status` = 1 AND `type` = 0 ORDER BY listorder desc,menu_id desc  [ RunTime:0.0067s ]
NOTIC: [8] Undefined index: adNews F:\AppServ\www\iotcab\trunk\www\Application\Runtime\Cache\Home\0d75cb75cd30b13fdd4834afd69acb19.php 第 62 行.
INFO: Run Behavior\ParseTemplateBehavior [ RunTime:0.093073s ]
INFO: [ view_parse ] --END-- [ RunTime:0.093141s ]
INFO: [ view_filter ] --START--
INFO: Run Behavior\WriteHtmlCacheBehavior [ RunTime:0.002075s ]
INFO: [ view_filter ] --END-- [ RunTime:0.002140s ]
INFO: [ app_end ] --START--
INFO: Run Behavior\ShowPageTraceBehavior [ RunTime:0.001693s ]
INFO: [ app_end ] --END-- [ RunTime:0.001746s ]

[ 2017-07-10T20:13:39+08:00 ] 127.0.0.1 /index.php?c=detail&id=24
INFO: [ app_init ] --START--
INFO: Run Behavior\BuildLiteBehavior [ RunTime:0.000029s ]
INFO: [ app_init ] --END-- [ RunTime:0.001688s ]
INFO: [ app_begin ] --START--
INFO: Run Behavior\ReadHtmlCacheBehavior [ RunTime:0.003457s ]
INFO: [ app_begin ] --END-- [ RunTime:0.003548s ]
NOTIC: [2048] Declaration of Home\Controller\CommonController::error() should be compatible with that of Think\Controller::error() F:\AppServ\www\iotcab\trunk\www\Application\Home\Controller\CommonController.class.php 第 24 行.
NOTIC: [2048] Declaration of Common\Model\NewsModel::find() should be compatible with that of Think\Model::find() F:\AppServ\www\iotcab\trunk\www\Application\Common\Model\NewsModel.class.php 第 9 行.
SQL: SHOW COLUMNS FROM `xc_news` [ RunTime:0.0314s ]
SQL: SELECT * FROM `xc_news` WHERE ( news_id=24 ) LIMIT 1   [ RunTime:0.0106s ]
SQL: UPDATE `xc_news` SET `count`='17' WHERE ( news_id=24 ) [ RunTime:0.0010s ]
NOTIC: [2048] Declaration of Common\Model\NewsContentModel::find() should be compatible with that of Think\Model::find() F:\AppServ\www\iotcab\trunk\www\Application\Common\Model\NewsContentModel.class.php 第 46 行.
SQL: SHOW COLUMNS FROM `xc_news_content` [ RunTime:0.0123s ]
SQL: SELECT * FROM `xc_news_content` WHERE ( news_id=24 ) LIMIT 1   [ RunTime:0.0105s ]
NOTIC: [2048] Declaration of Common\Model\PositionContentModel::find() should be compatible with that of Think\Model::find() F:\AppServ\www\iotcab\trunk\www\Application\Common\Model\PositionContentModel.class.php 第 89 行.
SQL: SHOW COLUMNS FROM `xc_position_content` [ RunTime:0.0114s ]
NOTIC: [8] Undefined index: title F:\AppServ\www\iotcab\trunk\www\Application\Common\Model\PositionContentModel.class.php 第 18 行.
SQL: SELECT * FROM `xc_position_content` WHERE `status` = 1 AND `position_id` = 5 ORDER BY listorder desc ,id desc LIMIT 2   [ RunTime:0.0068s ]
SQL: SELECT * FROM `xc_news` WHERE `status` = 1 ORDER BY count desc,news_id desc  LIMIT 10   [ RunTime:0.0012s ]
INFO: [ view_parse ] --START--
INFO: [ template_filter ] --START--
INFO: Run Behavior\ContentReplaceBehavior [ RunTime:0.000091s ]
INFO: [ template_filter ] --END-- [ RunTime:0.000204s ]
NOTIC: [2048] Declaration of Common\Model\BasicModel::save() should be compatible with that of Think\Model::save() F:\AppServ\www\iotcab\trunk\www\Application\Common\Model\BasicModel.class.php 第 30 行.
NOTIC: [2048] Declaration of Common\Model\BasicModel::select() should be compatible with that of Think\Model::select() F:\AppServ\www\iotcab\trunk\www\Application\Common\Model\BasicModel.class.php 第 30 行.
NOTIC: [2048] Declaration of Common\Model\MenuModel::find() should be compatible with that of Think\Model::find() F:\AppServ\www\iotcab\trunk\www\Application\Common\Model\MenuModel.class.php 第 93 行.
SQL: SHOW COLUMNS FROM `xc_menu` [ RunTime:0.0427s ]
SQL: SELECT * FROM `xc_menu` WHERE `status` = 1 AND `type` = 0 ORDER BY listorder desc,menu_id desc  [ RunTime:0.0056s ]
NOTIC: [8] Undefined index: adNews F:\AppServ\www\iotcab\trunk\www\Application\Runtime\Cache\Home\0d75cb75cd30b13fdd4834afd69acb19.php 第 62 行.
INFO: Run Behavior\ParseTemplateBehavior [ RunTime:0.152704s ]
INFO: [ view_parse ] --END-- [ RunTime:0.152786s ]
INFO: [ view_filter ] --START--
INFO: Run Behavior\WriteHtmlCacheBehavior [ RunTime:0.002343s ]
INFO: [ view_filter ] --END-- [ RunTime:0.002405s ]
INFO: [ app_end ] --START--
INFO: Run Behavior\ShowPageTraceBehavior [ RunTime:0.002397s ]
INFO: [ app_end ] --END-- [ RunTime:0.002461s ]

[ 2017-07-10T20:13:39+08:00 ] 127.0.0.1 /index.php?c=detail&id=25
INFO: [ app_init ] --START--
INFO: Run Behavior\BuildLiteBehavior [ RunTime:0.000017s ]
INFO: [ app_init ] --END-- [ RunTime:0.000724s ]
INFO: [ app_begin ] --START--
INFO: Run Behavior\ReadHtmlCacheBehavior [ RunTime:0.000776s ]
INFO: [ app_begin ] --END-- [ RunTime:0.000844s ]
NOTIC: [2048] Declaration of Home\Controller\CommonController::error() should be compatible with that of Think\Controller::error() F:\AppServ\www\iotcab\trunk\www\Application\Home\Controller\CommonController.class.php 第 24 行.
NOTIC: [2048] Declaration of Common\Model\NewsModel::find() should be compatible with that of Think\Model::find() F:\AppServ\www\iotcab\trunk\www\Application\Common\Model\NewsModel.class.php 第 9 行.
SQL: SHOW COLUMNS FROM `xc_news` [ RunTime:0.0106s ]
SQL: SELECT * FROM `xc_news` WHERE ( news_id=25 ) LIMIT 1   [ RunTime:0.0069s ]
SQL: UPDATE `xc_news` SET `count`='17' WHERE ( news_id=25 ) [ RunTime:0.0005s ]
NOTIC: [2048] Declaration of Common\Model\NewsContentModel::find() should be compatible with that of Think\Model::find() F:\AppServ\www\iotcab\trunk\www\Application\Common\Model\NewsContentModel.class.php 第 46 行.
SQL: SHOW COLUMNS FROM `xc_news_content` [ RunTime:0.0083s ]
SQL: SELECT * FROM `xc_news_content` WHERE ( news_id=25 ) LIMIT 1   [ RunTime:0.0067s ]
NOTIC: [2048] Declaration of Common\Model\PositionContentModel::find() should be compatible with that of Think\Model::find() F:\AppServ\www\iotcab\trunk\www\Application\Common\Model\PositionContentModel.class.php 第 89 行.
SQL: SHOW COLUMNS FROM `xc_position_content` [ RunTime:0.0094s ]
NOTIC: [8] Undefined index: title F:\AppServ\www\iotcab\trunk\www\Application\Common\Model\PositionContentModel.class.php 第 18 行.
SQL: SELECT * FROM `xc_position_content` WHERE `status` = 1 AND `position_id` = 5 ORDER BY listorder desc ,id desc LIMIT 2   [ RunTime:0.0058s ]
SQL: SELECT * FROM `xc_news` WHERE `status` = 1 ORDER BY count desc,news_id desc  LIMIT 10   [ RunTime:0.0005s ]
INFO: [ view_parse ] --START--
INFO: [ template_filter ] --START--
INFO: Run Behavior\ContentReplaceBehavior [ RunTime:0.000053s ]
INFO: [ template_filter ] --END-- [ RunTime:0.000119s ]
NOTIC: [2048] Declaration of Common\Model\BasicModel::save() should be compatible with that of Think\Model::save() F:\AppServ\www\iotcab\trunk\www\Application\Common\Model\BasicModel.class.php 第 30 行.
NOTIC: [2048] Declaration of Common\Model\BasicModel::select() should be compatible with that of Think\Model::select() F:\AppServ\www\iotcab\trunk\www\Application\Common\Model\BasicModel.class.php 第 30 行.
NOTIC: [2048] Declaration of Common\Model\MenuModel::find() should be compatible with that of Think\Model::find() F:\AppServ\www\iotcab\trunk\www\Application\Common\Model\MenuModel.class.php 第 93 行.
SQL: SHOW COLUMNS FROM `xc_menu` [ RunTime:0.0089s ]
SQL: SELECT * FROM `xc_menu` WHERE `status` = 1 AND `type` = 0 ORDER BY listorder desc,menu_id desc  [ RunTime:0.0049s ]
NOTIC: [8] Undefined index: adNews F:\AppServ\www\iotcab\trunk\www\Application\Runtime\Cache\Home\0d75cb75cd30b13fdd4834afd69acb19.php 第 62 行.
INFO: Run Behavior\ParseTemplateBehavior [ RunTime:0.068949s ]
INFO: [ view_parse ] --END-- [ RunTime:0.069017s ]
INFO: [ view_filter ] --START--
INFO: Run Behavior\WriteHtmlCacheBehavior [ RunTime:0.003354s ]
INFO: [ view_filter ] --END-- [ RunTime:0.003430s ]
INFO: [ app_end ] --START--
INFO: Run Behavior\ShowPageTraceBehavior [ RunTime:0.002102s ]
INFO: [ app_end ] --END-- [ RunTime:0.002260s ]

