[ 2017-08-14T09:56:39+08:00 ] 127.0.0.1 /favicon.ico
INFO: [ app_init ] --START--
INFO: Run Behavior\BuildLiteBehavior [ RunTime:0.000000s ]
INFO: [ app_init ] --END-- [ RunTime:0.014000s ]

[ 2017-08-14T10:13:05+08:00 ] 127.0.0.1 /index_files/ACgIABACGAAgv-_1vQUo1NKD3AIwgAU4wAw.jpg
INFO: [ app_init ] --START--
INFO: Run Behavior\BuildLiteBehavior [ RunTime:0.000000s ]
INFO: [ app_init ] --END-- [ RunTime:0.024001s ]

[ 2017-08-14T10:13:05+08:00 ] 127.0.0.1 /index_files/0
INFO: [ app_init ] --START--
INFO: Run Behavior\BuildLiteBehavior [ RunTime:0.000000s ]
INFO: [ app_init ] --END-- [ RunTime:0.025001s ]
INFO: [ app_begin ] --START--
INFO: Run Behavior\ReadHtmlCacheBehavior [ RunTime:0.066004s ]
INFO: [ app_begin ] --END-- [ RunTime:0.066004s ]
ERR: 无法加载控制器:Index_files

[ 2017-08-14T10:13:14+08:00 ] 127.0.0.1 /index_files/ACgIABACGAAgv-_1vQUo1NKD3AIwgAU4wAw.jpg
INFO: [ app_init ] --START--
INFO: Run Behavior\BuildLiteBehavior [ RunTime:0.000000s ]
INFO: [ app_init ] --END-- [ RunTime:0.001000s ]

