[ 2017-07-12T17:01:14+08:00 ] 127.0.0.1 /
INFO: [ app_init ] --START--
INFO: Run Behavior\BuildLiteBehavior [ RunTime:0.000020s ]
INFO: [ app_init ] --END-- [ RunTime:0.001031s ]
INFO: [ app_begin ] --START--
INFO: Run Behavior\ReadHtmlCacheBehavior [ RunTime:0.002538s ]
INFO: [ app_begin ] --END-- [ RunTime:0.002636s ]
NOTIC: [2048] Declaration of Home\Controller\CommonController::error() should be compatible with that of Think\Controller::error() F:\AppServ\www\iotcab\trunk\www\Application\Home\Controller\CommonController.class.php 第 24 行.
NOTIC: [2048] Declaration of Common\Model\NewsModel::find() should be compatible with that of Think\Model::find() F:\AppServ\www\iotcab\trunk\www\Application\Common\Model\NewsModel.class.php 第 9 行.
SQL: SHOW COLUMNS FROM `xc_news` [ RunTime:0.0133s ]
SQL: SELECT * FROM `xc_news` WHERE `status` = 1 ORDER BY count desc,news_id desc  LIMIT 10   [ RunTime:0.0094s ]
NOTIC: [2048] Declaration of Common\Model\PositionContentModel::find() should be compatible with that of Think\Model::find() F:\AppServ\www\iotcab\trunk\www\Application\Common\Model\PositionContentModel.class.php 第 89 行.
SQL: SHOW COLUMNS FROM `xc_position_content` [ RunTime:0.0313s ]
NOTIC: [8] Undefined index: title F:\AppServ\www\iotcab\trunk\www\Application\Common\Model\PositionContentModel.class.php 第 18 行.
SQL: SELECT * FROM `xc_position_content` WHERE `status` = 1 AND `position_id` = 2 ORDER BY listorder desc ,id desc LIMIT 1   [ RunTime:0.0095s ]
NOTIC: [8] Undefined index: title F:\AppServ\www\iotcab\trunk\www\Application\Common\Model\PositionContentModel.class.php 第 18 行.
SQL: SELECT * FROM `xc_position_content` WHERE `status` = 1 AND `position_id` = 3 ORDER BY listorder desc ,id desc LIMIT 3   [ RunTime:0.0007s ]
SQL: SELECT * FROM `xc_news` WHERE `status` = 1 AND `thumb` <> '' ORDER BY news_id desc LIMIT 30   [ RunTime:0.0006s ]
NOTIC: [8] Undefined index: title F:\AppServ\www\iotcab\trunk\www\Application\Common\Model\PositionContentModel.class.php 第 18 行.
SQL: SELECT * FROM `xc_position_content` WHERE `status` = 1 AND `position_id` = 5 ORDER BY listorder desc ,id desc LIMIT 2   [ RunTime:0.0004s ]
INFO: [ view_parse ] --START--
INFO: [ template_filter ] --START--
INFO: Run Behavior\ContentReplaceBehavior [ RunTime:0.000170s ]
INFO: [ template_filter ] --END-- [ RunTime:0.000346s ]
NOTIC: [2048] Declaration of Common\Model\BasicModel::save() should be compatible with that of Think\Model::save() F:\AppServ\www\iotcab\trunk\www\Application\Common\Model\BasicModel.class.php 第 30 行.
NOTIC: [2048] Declaration of Common\Model\BasicModel::select() should be compatible with that of Think\Model::select() F:\AppServ\www\iotcab\trunk\www\Application\Common\Model\BasicModel.class.php 第 30 行.
NOTIC: [2048] Declaration of Common\Model\MenuModel::find() should be compatible with that of Think\Model::find() F:\AppServ\www\iotcab\trunk\www\Application\Common\Model\MenuModel.class.php 第 93 行.
SQL: SHOW COLUMNS FROM `xc_menu` [ RunTime:0.0341s ]
SQL: SELECT * FROM `xc_menu` WHERE `status` = 1 AND `type` = 0 ORDER BY listorder desc,menu_id desc  [ RunTime:0.0064s ]
NOTIC: [8] Undefined index: catId F:\AppServ\www\iotcab\trunk\www\Application\Runtime\Cache\Home\2a94b8bda04ff446dcedd42276fc99ee.php 第 22 行.
NOTIC: [8] Undefined index: name F:\AppServ\www\iotcab\trunk\www\Application\Runtime\Cache\Home\2a94b8bda04ff446dcedd42276fc99ee.php 第 83 行.
NOTIC: [8] Undefined index: name F:\AppServ\www\iotcab\trunk\www\Application\Runtime\Cache\Home\2a94b8bda04ff446dcedd42276fc99ee.php 第 83 行.
INFO: Run Behavior\ParseTemplateBehavior [ RunTime:0.176454s ]
INFO: [ view_parse ] --END-- [ RunTime:0.176536s ]
INFO: [ view_filter ] --START--
INFO: Run Behavior\WriteHtmlCacheBehavior [ RunTime:0.002903s ]
INFO: [ view_filter ] --END-- [ RunTime:0.002999s ]
INFO: [ app_end ] --START--
INFO: Run Behavior\ShowPageTraceBehavior [ RunTime:0.002652s ]
INFO: [ app_end ] --END-- [ RunTime:0.002738s ]

