[ 2017-06-29T15:48:36+08:00 ] 127.0.0.1 /
INFO: [ app_init ] --START--
INFO: Run Behavior\BuildLiteBehavior [ RunTime:0.000022s ]
INFO: [ app_init ] --END-- [ RunTime:0.003277s ]
INFO: [ app_begin ] --START--
INFO: Run Behavior\ReadHtmlCacheBehavior [ RunTime:0.014404s ]
INFO: [ app_begin ] --END-- [ RunTime:0.014521s ]
NOTIC: [2048] Declaration of Home\Controller\CommonController::error() should be compatible with that of Think\Controller::error() F:\AppServ\www\xcentiotsec\trunk\www\Application\Home\Controller\CommonController.class.php 第 24 行.
NOTIC: [2048] Declaration of Common\Model\NewsModel::find() should be compatible with that of Think\Model::find() F:\AppServ\www\xcentiotsec\trunk\www\Application\Common\Model\NewsModel.class.php 第 9 行.
SQL: SHOW COLUMNS FROM `xc_news` [ RunTime:0.3238s ]
SQL: SELECT * FROM `xc_news` WHERE `status` = 1 ORDER BY count desc,news_id desc  LIMIT 10   [ RunTime:0.1524s ]
NOTIC: [2048] Declaration of Common\Model\PositionContentModel::find() should be compatible with that of Think\Model::find() F:\AppServ\www\xcentiotsec\trunk\www\Application\Common\Model\PositionContentModel.class.php 第 89 行.
SQL: SHOW COLUMNS FROM `xc_position_content` [ RunTime:0.0920s ]
NOTIC: [8] Undefined index: title F:\AppServ\www\xcentiotsec\trunk\www\Application\Common\Model\PositionContentModel.class.php 第 18 行.
SQL: SELECT * FROM `xc_position_content` WHERE `status` = 1 AND `position_id` = 2 ORDER BY listorder desc ,id desc LIMIT 1   [ RunTime:0.0070s ]
NOTIC: [8] Undefined index: title F:\AppServ\www\xcentiotsec\trunk\www\Application\Common\Model\PositionContentModel.class.php 第 18 行.
SQL: SELECT * FROM `xc_position_content` WHERE `status` = 1 AND `position_id` = 3 ORDER BY listorder desc ,id desc LIMIT 3   [ RunTime:0.0004s ]
SQL: SELECT * FROM `xc_news` WHERE `status` = 1 AND `thumb` <> '' ORDER BY news_id desc LIMIT 30   [ RunTime:0.0010s ]
NOTIC: [8] Undefined index: title F:\AppServ\www\xcentiotsec\trunk\www\Application\Common\Model\PositionContentModel.class.php 第 18 行.
SQL: SELECT * FROM `xc_position_content` WHERE `status` = 1 AND `position_id` = 5 ORDER BY listorder desc ,id desc LIMIT 2   [ RunTime:0.0003s ]
INFO: [ view_parse ] --START--
INFO: [ template_filter ] --START--
INFO: Run Behavior\ContentReplaceBehavior [ RunTime:0.000079s ]
INFO: [ template_filter ] --END-- [ RunTime:0.000158s ]
NOTIC: [2048] Declaration of Common\Model\BasicModel::save() should be compatible with that of Think\Model::save() F:\AppServ\www\xcentiotsec\trunk\www\Application\Common\Model\BasicModel.class.php 第 30 行.
NOTIC: [2048] Declaration of Common\Model\BasicModel::select() should be compatible with that of Think\Model::select() F:\AppServ\www\xcentiotsec\trunk\www\Application\Common\Model\BasicModel.class.php 第 30 行.
NOTIC: [2048] Declaration of Common\Model\MenuModel::find() should be compatible with that of Think\Model::find() F:\AppServ\www\xcentiotsec\trunk\www\Application\Common\Model\MenuModel.class.php 第 93 行.
SQL: SHOW COLUMNS FROM `xc_menu` [ RunTime:0.0383s ]
SQL: SELECT * FROM `xc_menu` WHERE `status` = 1 AND `type` = 0 ORDER BY listorder desc,menu_id desc  [ RunTime:0.0079s ]
NOTIC: [8] Undefined index: catId F:\AppServ\www\xcentiotsec\trunk\www\Application\Runtime\Cache\Home\2a94b8bda04ff446dcedd42276fc99ee.php 第 22 行.
NOTIC: [8] Undefined index: catId F:\AppServ\www\xcentiotsec\trunk\www\Application\Runtime\Cache\Home\2a94b8bda04ff446dcedd42276fc99ee.php 第 23 行.
NOTIC: [8] Undefined index: catId F:\AppServ\www\xcentiotsec\trunk\www\Application\Runtime\Cache\Home\2a94b8bda04ff446dcedd42276fc99ee.php 第 23 行.
NOTIC: [8] Undefined index: catId F:\AppServ\www\xcentiotsec\trunk\www\Application\Runtime\Cache\Home\2a94b8bda04ff446dcedd42276fc99ee.php 第 23 行.
NOTIC: [8] Undefined index: name F:\AppServ\www\xcentiotsec\trunk\www\Application\Runtime\Cache\Home\2a94b8bda04ff446dcedd42276fc99ee.php 第 79 行.
NOTIC: [8] Undefined index: name F:\AppServ\www\xcentiotsec\trunk\www\Application\Runtime\Cache\Home\2a94b8bda04ff446dcedd42276fc99ee.php 第 79 行.
INFO: Run Behavior\ParseTemplateBehavior [ RunTime:0.296308s ]
INFO: [ view_parse ] --END-- [ RunTime:0.296392s ]
INFO: [ view_filter ] --START--
INFO: Run Behavior\WriteHtmlCacheBehavior [ RunTime:0.036568s ]
INFO: [ view_filter ] --END-- [ RunTime:0.036652s ]
INFO: [ app_end ] --START--
INFO: Run Behavior\ShowPageTraceBehavior [ RunTime:0.002557s ]
INFO: [ app_end ] --END-- [ RunTime:0.002631s ]

[ 2017-06-29T15:48:36+08:00 ] 127.0.0.1 /upload/2016/03/13/56e51fc82b13a.png
INFO: [ app_init ] --START--
INFO: Run Behavior\BuildLiteBehavior [ RunTime:0.000032s ]
INFO: [ app_init ] --END-- [ RunTime:0.001091s ]

[ 2017-06-29T15:48:36+08:00 ] 127.0.0.1 /upload/2017/04/26/59003b1aabcd7.jpg
INFO: [ app_init ] --START--
INFO: Run Behavior\BuildLiteBehavior [ RunTime:0.000029s ]
INFO: [ app_init ] --END-- [ RunTime:0.001539s ]

[ 2017-06-29T15:48:36+08:00 ] 127.0.0.1 /upload/2017/04/26/59003b9352ac3.png
INFO: [ app_init ] --START--
INFO: Run Behavior\BuildLiteBehavior [ RunTime:0.000033s ]
INFO: [ app_init ] --END-- [ RunTime:0.002083s ]

[ 2017-06-29T15:48:36+08:00 ] 127.0.0.1 /upload/2017/04/26/590041c1f04a5.JPG
INFO: [ app_init ] --START--
INFO: Run Behavior\BuildLiteBehavior [ RunTime:0.000034s ]
INFO: [ app_init ] --END-- [ RunTime:0.001660s ]

[ 2017-06-29T15:48:36+08:00 ] 127.0.0.1 /upload/2016/03/13/56e519a185c93.png
INFO: [ app_init ] --START--
INFO: Run Behavior\BuildLiteBehavior [ RunTime:0.000033s ]
INFO: [ app_init ] --END-- [ RunTime:0.001683s ]

[ 2017-06-29T15:48:36+08:00 ] 127.0.0.1 /upload/2016/03/13/56e51b6ac8ce2.jpg
INFO: [ app_init ] --START--
INFO: Run Behavior\BuildLiteBehavior [ RunTime:0.000033s ]
INFO: [ app_init ] --END-- [ RunTime:0.001202s ]

[ 2017-06-29T15:48:37+08:00 ] 127.0.0.1 /upload/2017/04/26/5900694aed5cf.JPG
INFO: [ app_init ] --START--
INFO: Run Behavior\BuildLiteBehavior [ RunTime:0.000034s ]
INFO: [ app_init ] --END-- [ RunTime:0.001151s ]

[ 2017-06-29T15:48:37+08:00 ] 127.0.0.1 /upload/2017/04/23/58fc1f4483345.png
INFO: [ app_init ] --START--
INFO: Run Behavior\BuildLiteBehavior [ RunTime:0.000034s ]
INFO: [ app_init ] --END-- [ RunTime:0.044444s ]

[ 2017-06-29T15:48:37+08:00 ] 127.0.0.1 /upload/2016/03/13/56e5612d525c3.png
INFO: [ app_init ] --START--
INFO: Run Behavior\BuildLiteBehavior [ RunTime:0.000060s ]
INFO: [ app_init ] --END-- [ RunTime:0.001471s ]

[ 2017-06-29T15:48:37+08:00 ] 127.0.0.1 /upload/2017/04/21/58f96288e58a2.png
INFO: [ app_init ] --START--
INFO: Run Behavior\BuildLiteBehavior [ RunTime:0.000035s ]
INFO: [ app_init ] --END-- [ RunTime:0.001708s ]

[ 2017-06-29T15:48:37+08:00 ] 127.0.0.1 /index.php?c=index&a=getCount
INFO: [ app_init ] --START--
INFO: Run Behavior\BuildLiteBehavior [ RunTime:0.000021s ]
INFO: [ app_init ] --END-- [ RunTime:0.000787s ]
INFO: [ app_begin ] --START--
INFO: Run Behavior\ReadHtmlCacheBehavior [ RunTime:0.002433s ]
INFO: [ app_begin ] --END-- [ RunTime:0.002536s ]
NOTIC: [2048] Declaration of Home\Controller\CommonController::error() should be compatible with that of Think\Controller::error() F:\AppServ\www\xcentiotsec\trunk\www\Application\Home\Controller\CommonController.class.php 第 24 行.
NOTIC: [2048] Declaration of Common\Model\NewsModel::find() should be compatible with that of Think\Model::find() F:\AppServ\www\xcentiotsec\trunk\www\Application\Common\Model\NewsModel.class.php 第 9 行.
SQL: SHOW COLUMNS FROM `xc_news` [ RunTime:0.0083s ]
SQL: SELECT * FROM `xc_news` WHERE `news_id` IN ('21','25','24','23','22')  [ RunTime:0.0496s ]

