[ 2017-07-16T18:32:06+08:00 ] 127.0.0.1 /
INFO: [ app_init ] --START--
INFO: Run Behavior\BuildLiteBehavior [ RunTime:0.000018s ]
INFO: [ app_init ] --END-- [ RunTime:0.000970s ]
INFO: [ app_begin ] --START--
INFO: Run Behavior\ReadHtmlCacheBehavior [ RunTime:0.002319s ]
INFO: [ app_begin ] --END-- [ RunTime:0.002432s ]
NOTIC: [2048] Declaration of Home\Controller\CommonController::error() should be compatible with that of Think\Controller::error() F:\AppServ\www\iotcab\trunk\www\Application\Home\Controller\CommonController.class.php 第 24 行.
NOTIC: [2048] Declaration of Common\Model\NewsModel::find() should be compatible with that of Think\Model::find() F:\AppServ\www\iotcab\trunk\www\Application\Common\Model\NewsModel.class.php 第 9 行.
SQL: SHOW COLUMNS FROM `xc_news` [ RunTime:0.2958s ]
SQL: SELECT * FROM `xc_news` WHERE `status` = 1 ORDER BY count desc,news_id desc  LIMIT 10   [ RunTime:0.1389s ]
NOTIC: [2048] Declaration of Common\Model\PositionContentModel::find() should be compatible with that of Think\Model::find() F:\AppServ\www\iotcab\trunk\www\Application\Common\Model\PositionContentModel.class.php 第 89 行.
SQL: SHOW COLUMNS FROM `xc_position_content` [ RunTime:0.1282s ]
NOTIC: [8] Undefined index: title F:\AppServ\www\iotcab\trunk\www\Application\Common\Model\PositionContentModel.class.php 第 18 行.
SQL: SELECT * FROM `xc_position_content` WHERE `status` = 1 AND `position_id` = 2 ORDER BY listorder desc ,id desc LIMIT 1   [ RunTime:0.0493s ]
NOTIC: [8] Undefined index: title F:\AppServ\www\iotcab\trunk\www\Application\Common\Model\PositionContentModel.class.php 第 18 行.
SQL: SELECT * FROM `xc_position_content` WHERE `status` = 1 AND `position_id` = 3 ORDER BY listorder desc ,id desc LIMIT 3   [ RunTime:0.0007s ]
SQL: SELECT * FROM `xc_news` WHERE `status` = 1 AND `thumb` <> '' ORDER BY news_id desc LIMIT 30   [ RunTime:0.0010s ]
NOTIC: [8] Undefined index: title F:\AppServ\www\iotcab\trunk\www\Application\Common\Model\PositionContentModel.class.php 第 18 行.
SQL: SELECT * FROM `xc_position_content` WHERE `status` = 1 AND `position_id` = 5 ORDER BY listorder desc ,id desc LIMIT 2   [ RunTime:0.0007s ]
INFO: [ view_parse ] --START--
INFO: [ template_filter ] --START--
INFO: Run Behavior\ContentReplaceBehavior [ RunTime:0.000094s ]
INFO: [ template_filter ] --END-- [ RunTime:0.000209s ]
NOTIC: [2048] Declaration of Common\Model\BasicModel::save() should be compatible with that of Think\Model::save() F:\AppServ\www\iotcab\trunk\www\Application\Common\Model\BasicModel.class.php 第 30 行.
NOTIC: [2048] Declaration of Common\Model\BasicModel::select() should be compatible with that of Think\Model::select() F:\AppServ\www\iotcab\trunk\www\Application\Common\Model\BasicModel.class.php 第 30 行.
NOTIC: [2048] Declaration of Common\Model\MenuModel::find() should be compatible with that of Think\Model::find() F:\AppServ\www\iotcab\trunk\www\Application\Common\Model\MenuModel.class.php 第 93 行.
SQL: SHOW COLUMNS FROM `xc_menu` [ RunTime:0.0975s ]
SQL: SELECT * FROM `xc_menu` WHERE `status` = 1 AND `type` = 0 ORDER BY listorder desc,menu_id desc  [ RunTime:0.0208s ]
NOTIC: [8] Undefined index: catId F:\AppServ\www\iotcab\trunk\www\Application\Runtime\Cache\Home\2a94b8bda04ff446dcedd42276fc99ee.php 第 22 行.
NOTIC: [8] Undefined index: name F:\AppServ\www\iotcab\trunk\www\Application\Runtime\Cache\Home\2a94b8bda04ff446dcedd42276fc99ee.php 第 83 行.
NOTIC: [8] Undefined index: name F:\AppServ\www\iotcab\trunk\www\Application\Runtime\Cache\Home\2a94b8bda04ff446dcedd42276fc99ee.php 第 83 行.
INFO: Run Behavior\ParseTemplateBehavior [ RunTime:0.200032s ]
INFO: [ view_parse ] --END-- [ RunTime:0.200110s ]
INFO: [ view_filter ] --START--
INFO: Run Behavior\WriteHtmlCacheBehavior [ RunTime:0.001881s ]
INFO: [ view_filter ] --END-- [ RunTime:0.001944s ]
INFO: [ app_end ] --START--
INFO: Run Behavior\ShowPageTraceBehavior [ RunTime:0.001930s ]
INFO: [ app_end ] --END-- [ RunTime:0.001994s ]

[ 2017-07-16T18:32:06+08:00 ] 127.0.0.1 /
INFO: [ app_init ] --START--
INFO: Run Behavior\BuildLiteBehavior [ RunTime:0.000026s ]
INFO: [ app_init ] --END-- [ RunTime:0.000714s ]
INFO: [ app_begin ] --START--
INFO: Run Behavior\ReadHtmlCacheBehavior [ RunTime:0.001219s ]
INFO: [ app_begin ] --END-- [ RunTime:0.001337s ]
NOTIC: [2048] Declaration of Home\Controller\CommonController::error() should be compatible with that of Think\Controller::error() F:\AppServ\www\iotcab\trunk\www\Application\Home\Controller\CommonController.class.php 第 24 行.
NOTIC: [2048] Declaration of Common\Model\NewsModel::find() should be compatible with that of Think\Model::find() F:\AppServ\www\iotcab\trunk\www\Application\Common\Model\NewsModel.class.php 第 9 行.
SQL: SHOW COLUMNS FROM `xc_news` [ RunTime:0.0466s ]
SQL: SELECT * FROM `xc_news` WHERE `status` = 1 ORDER BY count desc,news_id desc  LIMIT 10   [ RunTime:0.0056s ]
NOTIC: [2048] Declaration of Common\Model\PositionContentModel::find() should be compatible with that of Think\Model::find() F:\AppServ\www\iotcab\trunk\www\Application\Common\Model\PositionContentModel.class.php 第 89 行.
SQL: SHOW COLUMNS FROM `xc_position_content` [ RunTime:0.0087s ]
NOTIC: [8] Undefined index: title F:\AppServ\www\iotcab\trunk\www\Application\Common\Model\PositionContentModel.class.php 第 18 行.
SQL: SELECT * FROM `xc_position_content` WHERE `status` = 1 AND `position_id` = 2 ORDER BY listorder desc ,id desc LIMIT 1   [ RunTime:0.0062s ]
NOTIC: [8] Undefined index: title F:\AppServ\www\iotcab\trunk\www\Application\Common\Model\PositionContentModel.class.php 第 18 行.
SQL: SELECT * FROM `xc_position_content` WHERE `status` = 1 AND `position_id` = 3 ORDER BY listorder desc ,id desc LIMIT 3   [ RunTime:0.0008s ]
SQL: SELECT * FROM `xc_news` WHERE `status` = 1 AND `thumb` <> '' ORDER BY news_id desc LIMIT 30   [ RunTime:0.0010s ]
NOTIC: [8] Undefined index: title F:\AppServ\www\iotcab\trunk\www\Application\Common\Model\PositionContentModel.class.php 第 18 行.
SQL: SELECT * FROM `xc_position_content` WHERE `status` = 1 AND `position_id` = 5 ORDER BY listorder desc ,id desc LIMIT 2   [ RunTime:0.0007s ]
INFO: [ view_parse ] --START--
INFO: [ template_filter ] --START--
INFO: Run Behavior\ContentReplaceBehavior [ RunTime:0.000089s ]
INFO: [ template_filter ] --END-- [ RunTime:0.000188s ]
NOTIC: [2048] Declaration of Common\Model\BasicModel::save() should be compatible with that of Think\Model::save() F:\AppServ\www\iotcab\trunk\www\Application\Common\Model\BasicModel.class.php 第 30 行.
NOTIC: [2048] Declaration of Common\Model\BasicModel::select() should be compatible with that of Think\Model::select() F:\AppServ\www\iotcab\trunk\www\Application\Common\Model\BasicModel.class.php 第 30 行.
NOTIC: [2048] Declaration of Common\Model\MenuModel::find() should be compatible with that of Think\Model::find() F:\AppServ\www\iotcab\trunk\www\Application\Common\Model\MenuModel.class.php 第 93 行.
SQL: SHOW COLUMNS FROM `xc_menu` [ RunTime:0.0098s ]
SQL: SELECT * FROM `xc_menu` WHERE `status` = 1 AND `type` = 0 ORDER BY listorder desc,menu_id desc  [ RunTime:0.0099s ]
NOTIC: [8] Undefined index: catId F:\AppServ\www\iotcab\trunk\www\Application\Runtime\Cache\Home\2a94b8bda04ff446dcedd42276fc99ee.php 第 22 行.
NOTIC: [8] Undefined index: name F:\AppServ\www\iotcab\trunk\www\Application\Runtime\Cache\Home\2a94b8bda04ff446dcedd42276fc99ee.php 第 83 行.
NOTIC: [8] Undefined index: name F:\AppServ\www\iotcab\trunk\www\Application\Runtime\Cache\Home\2a94b8bda04ff446dcedd42276fc99ee.php 第 83 行.
INFO: Run Behavior\ParseTemplateBehavior [ RunTime:0.068862s ]
INFO: [ view_parse ] --END-- [ RunTime:0.068928s ]
INFO: [ view_filter ] --START--
INFO: Run Behavior\WriteHtmlCacheBehavior [ RunTime:0.000775s ]
INFO: [ view_filter ] --END-- [ RunTime:0.000837s ]
INFO: [ app_end ] --START--
INFO: Run Behavior\ShowPageTraceBehavior [ RunTime:0.000751s ]
INFO: [ app_end ] --END-- [ RunTime:0.000804s ]

[ 2017-07-16T18:32:07+08:00 ] 127.0.0.1 /index.php?c=index&a=getCount
INFO: [ app_init ] --START--
INFO: Run Behavior\BuildLiteBehavior [ RunTime:0.000019s ]
INFO: [ app_init ] --END-- [ RunTime:0.000952s ]
INFO: [ app_begin ] --START--
INFO: Run Behavior\ReadHtmlCacheBehavior [ RunTime:0.001685s ]
INFO: [ app_begin ] --END-- [ RunTime:0.001758s ]
NOTIC: [2048] Declaration of Home\Controller\CommonController::error() should be compatible with that of Think\Controller::error() F:\AppServ\www\iotcab\trunk\www\Application\Home\Controller\CommonController.class.php 第 24 行.
NOTIC: [2048] Declaration of Common\Model\NewsModel::find() should be compatible with that of Think\Model::find() F:\AppServ\www\iotcab\trunk\www\Application\Common\Model\NewsModel.class.php 第 9 行.
SQL: SHOW COLUMNS FROM `xc_news` [ RunTime:0.0095s ]
SQL: SELECT * FROM `xc_news` WHERE `news_id` IN ('21','25','24','23','22')  [ RunTime:0.0583s ]

[ 2017-07-16T22:39:00+08:00 ] 127.0.0.1 /iotcab/trunk/www/?XDEBUG_SESSION_START=18277
INFO: [ app_init ] --START--
INFO: Run Behavior\BuildLiteBehavior [ RunTime:0.000018s ]
INFO: [ app_init ] --END-- [ RunTime:0.022298s ]
INFO: [ app_begin ] --START--
INFO: Run Behavior\ReadHtmlCacheBehavior [ RunTime:0.023859s ]
INFO: [ app_begin ] --END-- [ RunTime:0.024047s ]
NOTIC: [2048] Declaration of Home\Controller\CommonController::error() should be compatible with that of Think\Controller::error() F:\AppServ\www\iotcab\trunk\www\Application\Home\Controller\CommonController.class.php 第 24 行.
NOTIC: [2048] Declaration of Common\Model\NewsModel::find() should be compatible with that of Think\Model::find() F:\AppServ\www\iotcab\trunk\www\Application\Common\Model\NewsModel.class.php 第 9 行.
SQL: SHOW COLUMNS FROM `xc_news` [ RunTime:0.1142s ]
SQL: SELECT * FROM `xc_news` WHERE `status` = 1 ORDER BY count desc,news_id desc  LIMIT 10   [ RunTime:0.0589s ]
NOTIC: [2048] Declaration of Common\Model\PositionContentModel::find() should be compatible with that of Think\Model::find() F:\AppServ\www\iotcab\trunk\www\Application\Common\Model\PositionContentModel.class.php 第 89 行.
SQL: SHOW COLUMNS FROM `xc_position_content` [ RunTime:0.0614s ]
NOTIC: [8] Undefined index: title F:\AppServ\www\iotcab\trunk\www\Application\Common\Model\PositionContentModel.class.php 第 18 行.
SQL: SELECT * FROM `xc_position_content` WHERE `status` = 1 AND `position_id` = 2 ORDER BY listorder desc ,id desc LIMIT 1   [ RunTime:0.0153s ]
NOTIC: [8] Undefined index: title F:\AppServ\www\iotcab\trunk\www\Application\Common\Model\PositionContentModel.class.php 第 18 行.
SQL: SELECT * FROM `xc_position_content` WHERE `status` = 1 AND `position_id` = 3 ORDER BY listorder desc ,id desc LIMIT 3   [ RunTime:0.0009s ]
SQL: SELECT * FROM `xc_news` WHERE `status` = 1 AND `thumb` <> '' ORDER BY news_id desc LIMIT 30   [ RunTime:0.0015s ]
NOTIC: [8] Undefined index: title F:\AppServ\www\iotcab\trunk\www\Application\Common\Model\PositionContentModel.class.php 第 18 行.
SQL: SELECT * FROM `xc_position_content` WHERE `status` = 1 AND `position_id` = 5 ORDER BY listorder desc ,id desc LIMIT 2   [ RunTime:0.0010s ]
INFO: [ view_parse ] --START--
INFO: [ template_filter ] --START--
INFO: Run Behavior\ContentReplaceBehavior [ RunTime:0.000114s ]
INFO: [ template_filter ] --END-- [ RunTime:0.000232s ]
NOTIC: [2048] Declaration of Common\Model\BasicModel::save() should be compatible with that of Think\Model::save() F:\AppServ\www\iotcab\trunk\www\Application\Common\Model\BasicModel.class.php 第 30 行.
NOTIC: [2048] Declaration of Common\Model\BasicModel::select() should be compatible with that of Think\Model::select() F:\AppServ\www\iotcab\trunk\www\Application\Common\Model\BasicModel.class.php 第 30 行.
NOTIC: [2048] Declaration of Common\Model\MenuModel::find() should be compatible with that of Think\Model::find() F:\AppServ\www\iotcab\trunk\www\Application\Common\Model\MenuModel.class.php 第 93 行.
SQL: SHOW COLUMNS FROM `xc_menu` [ RunTime:0.0967s ]
SQL: SELECT * FROM `xc_menu` WHERE `status` = 1 AND `type` = 0 ORDER BY listorder desc,menu_id desc  [ RunTime:0.0270s ]
NOTIC: [8] Undefined index: catId F:\AppServ\www\iotcab\trunk\www\Application\Runtime\Cache\Home\2a94b8bda04ff446dcedd42276fc99ee.php 第 22 行.
NOTIC: [8] Undefined index: name F:\AppServ\www\iotcab\trunk\www\Application\Runtime\Cache\Home\2a94b8bda04ff446dcedd42276fc99ee.php 第 83 行.
NOTIC: [8] Undefined index: name F:\AppServ\www\iotcab\trunk\www\Application\Runtime\Cache\Home\2a94b8bda04ff446dcedd42276fc99ee.php 第 83 行.
INFO: Run Behavior\ParseTemplateBehavior [ RunTime:0.228932s ]
INFO: [ view_parse ] --END-- [ RunTime:0.229098s ]
INFO: [ view_filter ] --START--
INFO: Run Behavior\WriteHtmlCacheBehavior [ RunTime:0.023946s ]
INFO: [ view_filter ] --END-- [ RunTime:0.024227s ]
INFO: [ app_end ] --START--
INFO: Run Behavior\ShowPageTraceBehavior [ RunTime:0.008957s ]
INFO: [ app_end ] --END-- [ RunTime:0.009311s ]

[ 2017-07-16T22:50:56+08:00 ] 127.0.0.1 /index.php
INFO: [ app_init ] --START--
INFO: Run Behavior\BuildLiteBehavior [ RunTime:0.000029s ]
INFO: [ app_init ] --END-- [ RunTime:0.001670s ]
INFO: [ app_begin ] --START--
INFO: Run Behavior\ReadHtmlCacheBehavior [ RunTime:0.002430s ]
INFO: [ app_begin ] --END-- [ RunTime:0.002545s ]
NOTIC: [2048] Declaration of Home\Controller\CommonController::error() should be compatible with that of Think\Controller::error() F:\AppServ\www\iotcab\trunk\www\Application\Home\Controller\CommonController.class.php 第 24 行.
NOTIC: [2048] Declaration of Common\Model\NewsModel::find() should be compatible with that of Think\Model::find() F:\AppServ\www\iotcab\trunk\www\Application\Common\Model\NewsModel.class.php 第 9 行.
SQL: SHOW COLUMNS FROM `xc_news` [ RunTime:0.0676s ]
SQL: SELECT * FROM `xc_news` WHERE `status` = 1 ORDER BY count desc,news_id desc  LIMIT 10   [ RunTime:0.0280s ]
NOTIC: [2048] Declaration of Common\Model\PositionContentModel::find() should be compatible with that of Think\Model::find() F:\AppServ\www\iotcab\trunk\www\Application\Common\Model\PositionContentModel.class.php 第 89 行.
SQL: SHOW COLUMNS FROM `xc_position_content` [ RunTime:0.0838s ]
NOTIC: [8] Undefined index: title F:\AppServ\www\iotcab\trunk\www\Application\Common\Model\PositionContentModel.class.php 第 18 行.
SQL: SELECT * FROM `xc_position_content` WHERE `status` = 1 AND `position_id` = 2 ORDER BY listorder desc ,id desc LIMIT 1   [ RunTime:0.0077s ]
NOTIC: [8] Undefined index: title F:\AppServ\www\iotcab\trunk\www\Application\Common\Model\PositionContentModel.class.php 第 18 行.
SQL: SELECT * FROM `xc_position_content` WHERE `status` = 1 AND `position_id` = 3 ORDER BY listorder desc ,id desc LIMIT 3   [ RunTime:0.0008s ]
SQL: SELECT * FROM `xc_news` WHERE `status` = 1 AND `thumb` <> '' ORDER BY news_id desc LIMIT 30   [ RunTime:0.0011s ]
NOTIC: [8] Undefined index: title F:\AppServ\www\iotcab\trunk\www\Application\Common\Model\PositionContentModel.class.php 第 18 行.
SQL: SELECT * FROM `xc_position_content` WHERE `status` = 1 AND `position_id` = 5 ORDER BY listorder desc ,id desc LIMIT 2   [ RunTime:0.0013s ]
INFO: [ view_parse ] --START--
INFO: [ template_filter ] --START--
INFO: Run Behavior\ContentReplaceBehavior [ RunTime:0.000118s ]
INFO: [ template_filter ] --END-- [ RunTime:0.000248s ]
NOTIC: [2048] Declaration of Common\Model\BasicModel::save() should be compatible with that of Think\Model::save() F:\AppServ\www\iotcab\trunk\www\Application\Common\Model\BasicModel.class.php 第 30 行.
NOTIC: [2048] Declaration of Common\Model\BasicModel::select() should be compatible with that of Think\Model::select() F:\AppServ\www\iotcab\trunk\www\Application\Common\Model\BasicModel.class.php 第 30 行.
NOTIC: [2048] Declaration of Common\Model\MenuModel::find() should be compatible with that of Think\Model::find() F:\AppServ\www\iotcab\trunk\www\Application\Common\Model\MenuModel.class.php 第 93 行.
SQL: SHOW COLUMNS FROM `xc_menu` [ RunTime:0.0808s ]
SQL: SELECT * FROM `xc_menu` WHERE `status` = 1 AND `type` = 0 ORDER BY listorder desc,menu_id desc  [ RunTime:0.0219s ]
NOTIC: [8] Undefined index: catId F:\AppServ\www\iotcab\trunk\www\Application\Runtime\Cache\Home\2a94b8bda04ff446dcedd42276fc99ee.php 第 22 行.
NOTIC: [8] Undefined index: name F:\AppServ\www\iotcab\trunk\www\Application\Runtime\Cache\Home\2a94b8bda04ff446dcedd42276fc99ee.php 第 83 行.
NOTIC: [8] Undefined index: name F:\AppServ\www\iotcab\trunk\www\Application\Runtime\Cache\Home\2a94b8bda04ff446dcedd42276fc99ee.php 第 83 行.
INFO: Run Behavior\ParseTemplateBehavior [ RunTime:0.181301s ]
INFO: [ view_parse ] --END-- [ RunTime:0.181400s ]
INFO: [ view_filter ] --START--
INFO: Run Behavior\WriteHtmlCacheBehavior [ RunTime:0.001948s ]
INFO: [ view_filter ] --END-- [ RunTime:0.002016s ]
INFO: [ app_end ] --START--
INFO: Run Behavior\ShowPageTraceBehavior [ RunTime:0.002025s ]
INFO: [ app_end ] --END-- [ RunTime:0.002090s ]

[ 2017-07-16T22:50:56+08:00 ] 127.0.0.1 /index.php?c=index&a=getCount
INFO: [ app_init ] --START--
INFO: Run Behavior\BuildLiteBehavior [ RunTime:0.000031s ]
INFO: [ app_init ] --END-- [ RunTime:0.001788s ]
INFO: [ app_begin ] --START--
INFO: Run Behavior\ReadHtmlCacheBehavior [ RunTime:0.002164s ]
INFO: [ app_begin ] --END-- [ RunTime:0.002265s ]
NOTIC: [2048] Declaration of Home\Controller\CommonController::error() should be compatible with that of Think\Controller::error() F:\AppServ\www\iotcab\trunk\www\Application\Home\Controller\CommonController.class.php 第 24 行.
NOTIC: [2048] Declaration of Common\Model\NewsModel::find() should be compatible with that of Think\Model::find() F:\AppServ\www\iotcab\trunk\www\Application\Common\Model\NewsModel.class.php 第 9 行.
SQL: SHOW COLUMNS FROM `xc_news` [ RunTime:0.0111s ]
SQL: SELECT * FROM `xc_news` WHERE `news_id` IN ('21','25','24','23','22')  [ RunTime:0.0398s ]

[ 2017-07-16T22:51:20+08:00 ] 127.0.0.1 /iotcab/trunk/www/index.php
INFO: [ app_init ] --START--
INFO: Run Behavior\BuildLiteBehavior [ RunTime:0.000000s ]
INFO: [ app_init ] --END-- [ RunTime:0.005000s ]
INFO: [ app_begin ] --START--
INFO: Run Behavior\ReadHtmlCacheBehavior [ RunTime:0.003000s ]
INFO: [ app_begin ] --END-- [ RunTime:0.004000s ]
NOTIC: [2048] Declaration of Home\Controller\CommonController::error() should be compatible with Think\Controller::error($message = '', $jumpUrl = '', $ajax = false) F:\AppServ\www\iotcab\trunk\www\Application\Home\Controller\CommonController.class.php 第 24 行.
NOTIC: [2048] Declaration of Common\Model\NewsModel::find() should be compatible with Think\Model::find($options = Array) F:\AppServ\www\iotcab\trunk\www\Application\Common\Model\NewsModel.class.php 第 9 行.
SQL: SHOW COLUMNS FROM `xc_news` [ RunTime:0.0100s ]
SQL: SELECT * FROM `xc_news` WHERE `status` = 1 ORDER BY count desc,news_id desc  LIMIT 10   [ RunTime:0.0030s ]
NOTIC: [2048] Declaration of Common\Model\PositionContentModel::find() should be compatible with Think\Model::find($options = Array) F:\AppServ\www\iotcab\trunk\www\Application\Common\Model\PositionContentModel.class.php 第 89 行.
SQL: SHOW COLUMNS FROM `xc_position_content` [ RunTime:0.0100s ]
NOTIC: [8] Undefined index: title F:\AppServ\www\iotcab\trunk\www\Application\Common\Model\PositionContentModel.class.php 第 18 行.
SQL: SELECT * FROM `xc_position_content` WHERE `status` = 1 AND `position_id` = 2 ORDER BY listorder desc ,id desc LIMIT 1   [ RunTime:0.0010s ]
NOTIC: [8] Undefined index: title F:\AppServ\www\iotcab\trunk\www\Application\Common\Model\PositionContentModel.class.php 第 18 行.
SQL: SELECT * FROM `xc_position_content` WHERE `status` = 1 AND `position_id` = 3 ORDER BY listorder desc ,id desc LIMIT 3   [ RunTime:0.0010s ]
SQL: SELECT * FROM `xc_news` WHERE `status` = 1 AND `thumb` <> '' ORDER BY news_id desc LIMIT 30   [ RunTime:0.0010s ]
NOTIC: [8] Undefined index: title F:\AppServ\www\iotcab\trunk\www\Application\Common\Model\PositionContentModel.class.php 第 18 行.
SQL: SELECT * FROM `xc_position_content` WHERE `status` = 1 AND `position_id` = 5 ORDER BY listorder desc ,id desc LIMIT 2   [ RunTime:0.0020s ]
INFO: [ view_parse ] --START--
INFO: [ template_filter ] --START--
INFO: Run Behavior\ContentReplaceBehavior [ RunTime:0.001000s ]
INFO: [ template_filter ] --END-- [ RunTime:0.003000s ]
NOTIC: [2048] Declaration of Common\Model\BasicModel::save() should be compatible with Think\Model::save($data = '', $options = Array) F:\AppServ\www\iotcab\trunk\www\Application\Common\Model\BasicModel.class.php 第 30 行.
NOTIC: [2048] Declaration of Common\Model\BasicModel::select() should be compatible with Think\Model::select($options = Array) F:\AppServ\www\iotcab\trunk\www\Application\Common\Model\BasicModel.class.php 第 30 行.
NOTIC: [2048] Declaration of Common\Model\MenuModel::find() should be compatible with Think\Model::find($options = Array) F:\AppServ\www\iotcab\trunk\www\Application\Common\Model\MenuModel.class.php 第 93 行.
SQL: SHOW COLUMNS FROM `xc_menu` [ RunTime:0.0080s ]
SQL: SELECT * FROM `xc_menu` WHERE `status` = 1 AND `type` = 0 ORDER BY listorder desc,menu_id desc  [ RunTime:0.0010s ]
NOTIC: [8] Undefined index: catId F:\AppServ\www\iotcab\trunk\www\Application\Runtime\Cache\Home\2a94b8bda04ff446dcedd42276fc99ee.php 第 22 行.
NOTIC: [8] Undefined index: name F:\AppServ\www\iotcab\trunk\www\Application\Runtime\Cache\Home\2a94b8bda04ff446dcedd42276fc99ee.php 第 83 行.
NOTIC: [8] Undefined index: name F:\AppServ\www\iotcab\trunk\www\Application\Runtime\Cache\Home\2a94b8bda04ff446dcedd42276fc99ee.php 第 83 行.
INFO: Run Behavior\ParseTemplateBehavior [ RunTime:0.275015s ]
INFO: [ view_parse ] --END-- [ RunTime:0.277015s ]
INFO: [ view_filter ] --START--
INFO: Run Behavior\WriteHtmlCacheBehavior [ RunTime:0.003001s ]
INFO: [ view_filter ] --END-- [ RunTime:0.004001s ]
INFO: [ app_end ] --START--
INFO: Run Behavior\ShowPageTraceBehavior [ RunTime:0.003000s ]
INFO: [ app_end ] --END-- [ RunTime:0.004000s ]

