[ 2017-04-10T01:05:40+08:00 ] 127.0.0.1 /
INFO: [ app_init ] --START--
INFO: Run Behavior\BuildLiteBehavior [ RunTime:0.000035s ]
INFO: [ app_init ] --END-- [ RunTime:0.001097s ]

[ 2017-04-10T01:05:40+08:00 ] 127.0.0.1 /
INFO: [ app_init ] --START--
INFO: Run Behavior\BuildLiteBehavior [ RunTime:0.000022s ]
INFO: [ app_init ] --END-- [ RunTime:0.000614s ]

[ 2017-04-10T01:06:05+08:00 ] 127.0.0.1 /
INFO: [ app_init ] --START--
INFO: Run Behavior\BuildLiteBehavior [ RunTime:0.000024s ]
INFO: [ app_init ] --END-- [ RunTime:0.000628s ]

[ 2017-04-10T01:12:09+08:00 ] 127.0.0.1 /
INFO: [ app_init ] --START--
INFO: Run Behavior\BuildLiteBehavior [ RunTime:0.000064s ]
INFO: [ app_init ] --END-- [ RunTime:0.003460s ]
NOTIC: [8] Undefined index: PATH_INFO F:\AppServ\www\muke\ThinkPHP\Library\Think\Dispatcher.class.php 第 113 行.

[ 2017-04-10T01:26:57+08:00 ] 127.0.0.1 /
INFO: [ app_init ] --START--
INFO: Run Behavior\BuildLiteBehavior [ RunTime:0.000038s ]
INFO: [ app_init ] --END-- [ RunTime:0.057642s ]
NOTIC: [8] Undefined index: PATH_INFO F:\AppServ\www\muke\ThinkPHP\Library\Think\Dispatcher.class.php 第 113 行.

[ 2017-04-10T01:27:09+08:00 ] 127.0.0.1 /
INFO: [ app_init ] --START--
INFO: Run Behavior\BuildLiteBehavior [ RunTime:0.000057s ]
INFO: [ app_init ] --END-- [ RunTime:0.001659s ]
NOTIC: [8] Undefined index: PATH_INFO F:\AppServ\www\muke\ThinkPHP\Library\Think\Dispatcher.class.php 第 113 行.

