[ 2017-06-25T11:43:58+08:00 ] 127.0.0.1 /index.php?m=GROUP_NAME&c=Admin&a=add
INFO: [ app_init ] --START--
INFO: Run Behavior\BuildLiteBehavior [ RunTime:0.000015s ]
INFO: [ app_init ] --END-- [ RunTime:0.000750s ]
ERR: 无法加载模块:GROUP_NAME

[ 2017-06-25T11:44:00+08:00 ] 127.0.0.1 /index.php?m=GROUP_NAME&c=Admin&a=index
INFO: [ app_init ] --START--
INFO: Run Behavior\BuildLiteBehavior [ RunTime:0.000017s ]
INFO: [ app_init ] --END-- [ RunTime:0.000819s ]
ERR: 无法加载模块:GROUP_NAME

[ 2017-06-25T11:49:56+08:00 ] 127.0.0.1 /index.php?m=GROUP_NAME&c=Index&a=COUNT&field=click
INFO: [ app_init ] --START--
INFO: Run Behavior\BuildLiteBehavior [ RunTime:0.000016s ]
INFO: [ app_init ] --END-- [ RunTime:0.000929s ]
ERR: 无法加载模块:GROUP_NAME

[ 2017-06-25T12:19:50+08:00 ] 127.0.0.1 /index.php?m=GROUP_NAME&c=Index&a=COUNT&field=click
INFO: [ app_init ] --START--
INFO: Run Behavior\BuildLiteBehavior [ RunTime:0.000018s ]
INFO: [ app_init ] --END-- [ RunTime:0.001541s ]
ERR: 无法加载模块:GROUP_NAME

[ 2017-06-25T13:07:24+08:00 ] 127.0.0.1 /index.php?m=GROUP_NAME&c=Index&a=COUNT&field=click
INFO: [ app_init ] --START--
INFO: Run Behavior\BuildLiteBehavior [ RunTime:0.000023s ]
INFO: [ app_init ] --END-- [ RunTime:0.001598s ]
ERR: 无法加载模块:GROUP_NAME

[ 2017-06-25T13:54:12+08:00 ] 127.0.0.1 /index.php?m=GROUP_NAME&c=Index&a=COUNT&field=click
INFO: [ app_init ] --START--
INFO: Run Behavior\BuildLiteBehavior [ RunTime:0.000035s ]
INFO: [ app_init ] --END-- [ RunTime:0.003119s ]
ERR: 无法加载模块:GROUP_NAME

[ 2017-06-25T14:21:39+08:00 ] 127.0.0.1 /index.php?m=GROUP_NAME&c=Index&a=COUNT&field=click
INFO: [ app_init ] --START--
INFO: Run Behavior\BuildLiteBehavior [ RunTime:0.000030s ]
INFO: [ app_init ] --END-- [ RunTime:0.001320s ]
ERR: 无法加载模块:GROUP_NAME

