[ 2017-04-29T13:27:36+08:00 ] 127.0.0.1 /admin
INFO: [ app_init ] --START--
INFO: Run Behavior\BuildLiteBehavior [ RunTime:0.000052s ]
INFO: [ app_init ] --END-- [ RunTime:0.001641s ]
INFO: [ app_begin ] --START--
INFO: Run Behavior\ReadHtmlCacheBehavior [ RunTime:0.003348s ]
INFO: [ app_begin ] --END-- [ RunTime:0.003632s ]
INFO: [ view_parse ] --START--
INFO: [ template_filter ] --START--
INFO: Run Behavior\ContentReplaceBehavior [ RunTime:0.000296s ]
INFO: [ template_filter ] --END-- [ RunTime:0.000604s ]
NOTIC: [2048] Declaration of Common\Model\MenuModel::find() should be compatible with that of Think\Model::find() F:\AppServ\www\muke\Application\Common\Model\MenuModel.class.php 第 5 行.
SQL: SHOW COLUMNS FROM `cms_menu` [ RunTime:0.0563s ]
SQL: SELECT * FROM `cms_menu` WHERE `status` <> -1 AND `type` = 1 ORDER BY listorder desc,menu_id desc  [ RunTime:0.0542s ]
NOTIC: [8] Undefined index: adminUser F:\AppServ\www\muke\Application\Common\Common\function.php 第 54 行.
NOTIC: [8] Undefined index: a F:\AppServ\www\muke\Application\Common\Common\function.php 第 33 行.
NOTIC: [8] Undefined index: a F:\AppServ\www\muke\Application\Common\Common\function.php 第 33 行.
NOTIC: [8] Undefined index: a F:\AppServ\www\muke\Application\Common\Common\function.php 第 33 行.
NOTIC: [8] Undefined index: a F:\AppServ\www\muke\Application\Common\Common\function.php 第 33 行.
NOTIC: [8] Undefined index: a F:\AppServ\www\muke\Application\Common\Common\function.php 第 33 行.
INFO: Run Behavior\ParseTemplateBehavior [ RunTime:0.547809s ]
INFO: [ view_parse ] --END-- [ RunTime:0.547990s ]
INFO: [ view_filter ] --START--
INFO: Run Behavior\WriteHtmlCacheBehavior [ RunTime:0.002473s ]
INFO: [ view_filter ] --END-- [ RunTime:0.002743s ]
INFO: [ app_end ] --START--
INFO: Run Behavior\ShowPageTraceBehavior [ RunTime:0.005046s ]
INFO: [ app_end ] --END-- [ RunTime:0.005338s ]

[ 2017-04-29T13:27:39+08:00 ] 127.0.0.1 /admin.php?c=position
INFO: [ app_init ] --START--
INFO: Run Behavior\BuildLiteBehavior [ RunTime:0.000052s ]
INFO: [ app_init ] --END-- [ RunTime:0.002045s ]
INFO: [ app_begin ] --START--
INFO: Run Behavior\ReadHtmlCacheBehavior [ RunTime:0.005737s ]
INFO: [ app_begin ] --END-- [ RunTime:0.006011s ]
NOTIC: [2048] Declaration of Admin\Controller\PositionController::setStatus() should be compatible with that of Admin\Controller\CommonController::setStatus() F:\AppServ\www\muke\Application\Admin\Controller\PositionController.class.php 第 7 行.
NOTIC: [8] Undefined variable: module F:\AppServ\www\muke\ThinkPHP\Common\functions.php 第 991 行.
NOTIC: [8] Undefined variable: var F:\AppServ\www\muke\ThinkPHP\Common\functions.php 第 991 行.
NOTIC: [2] array_reverse() expects parameter 1 to be array, null given F:\AppServ\www\muke\ThinkPHP\Common\functions.php 第 991 行.
NOTIC: [2] http_build_query() [<a href='function.http-build-query'>function.http-build-query</a>]: Parameter 1 expected to be Array or Object.  Incorrect value given F:\AppServ\www\muke\ThinkPHP\Common\functions.php 第 991 行.

[ 2017-04-29T13:27:43+08:00 ] 127.0.0.1 /admin.php?c=menu
INFO: [ app_init ] --START--
INFO: Run Behavior\BuildLiteBehavior [ RunTime:0.000055s ]
INFO: [ app_init ] --END-- [ RunTime:0.002358s ]
INFO: [ app_begin ] --START--
INFO: Run Behavior\ReadHtmlCacheBehavior [ RunTime:0.004630s ]
INFO: [ app_begin ] --END-- [ RunTime:0.004901s ]
NOTIC: [2048] Declaration of Admin\Controller\MenuController::setStatus() should be compatible with that of Admin\Controller\CommonController::setStatus() F:\AppServ\www\muke\Application\Admin\Controller\MenuController.class.php 第 13 行.
NOTIC: [2048] Declaration of Admin\Controller\MenuController::listorder() should be compatible with that of Admin\Controller\CommonController::listorder() F:\AppServ\www\muke\Application\Admin\Controller\MenuController.class.php 第 13 行.
NOTIC: [8] Undefined variable: module F:\AppServ\www\muke\ThinkPHP\Common\functions.php 第 991 行.
NOTIC: [8] Undefined variable: var F:\AppServ\www\muke\ThinkPHP\Common\functions.php 第 991 行.
NOTIC: [2] array_reverse() expects parameter 1 to be array, null given F:\AppServ\www\muke\ThinkPHP\Common\functions.php 第 991 行.
NOTIC: [2] http_build_query() [<a href='function.http-build-query'>function.http-build-query</a>]: Parameter 1 expected to be Array or Object.  Incorrect value given F:\AppServ\www\muke\ThinkPHP\Common\functions.php 第 991 行.

[ 2017-04-29T13:27:47+08:00 ] 127.0.0.1 /index.php?m=admin&c=login
INFO: [ app_init ] --START--
INFO: Run Behavior\BuildLiteBehavior [ RunTime:0.000045s ]
INFO: [ app_init ] --END-- [ RunTime:0.001423s ]
INFO: [ app_begin ] --START--
INFO: Run Behavior\ReadHtmlCacheBehavior [ RunTime:0.003436s ]
INFO: [ app_begin ] --END-- [ RunTime:0.003659s ]
INFO: [ view_parse ] --START--
INFO: [ template_filter ] --START--
INFO: Run Behavior\ContentReplaceBehavior [ RunTime:0.000147s ]
INFO: [ template_filter ] --END-- [ RunTime:0.000349s ]
INFO: Run Behavior\ParseTemplateBehavior [ RunTime:0.048826s ]
INFO: [ view_parse ] --END-- [ RunTime:0.049132s ]
INFO: [ view_filter ] --START--
INFO: Run Behavior\WriteHtmlCacheBehavior [ RunTime:0.003187s ]
INFO: [ view_filter ] --END-- [ RunTime:0.003409s ]
INFO: [ app_end ] --START--
INFO: Run Behavior\ShowPageTraceBehavior [ RunTime:0.003813s ]
INFO: [ app_end ] --END-- [ RunTime:0.004084s ]

[ 2017-04-29T13:27:48+08:00 ] 127.0.0.1 /index.php?m=admin&c=login
INFO: [ app_init ] --START--
INFO: Run Behavior\BuildLiteBehavior [ RunTime:0.000053s ]
INFO: [ app_init ] --END-- [ RunTime:0.001848s ]
INFO: [ app_begin ] --START--
INFO: Run Behavior\ReadHtmlCacheBehavior [ RunTime:0.004057s ]
INFO: [ app_begin ] --END-- [ RunTime:0.004329s ]
INFO: [ view_parse ] --START--
INFO: [ template_filter ] --START--
INFO: Run Behavior\ContentReplaceBehavior [ RunTime:0.000180s ]
INFO: [ template_filter ] --END-- [ RunTime:0.000429s ]
INFO: Run Behavior\ParseTemplateBehavior [ RunTime:0.030646s ]
INFO: [ view_parse ] --END-- [ RunTime:0.030904s ]
INFO: [ view_filter ] --START--
INFO: Run Behavior\WriteHtmlCacheBehavior [ RunTime:0.002149s ]
INFO: [ view_filter ] --END-- [ RunTime:0.002303s ]
INFO: [ app_end ] --START--
INFO: Run Behavior\ShowPageTraceBehavior [ RunTime:0.002978s ]
INFO: [ app_end ] --END-- [ RunTime:0.003123s ]

[ 2017-04-29T13:27:52+08:00 ] 127.0.0.1 /admin.php?c=login&a=check
INFO: [ app_init ] --START--
INFO: Run Behavior\BuildLiteBehavior [ RunTime:0.000054s ]
INFO: [ app_init ] --END-- [ RunTime:0.001802s ]
INFO: [ app_begin ] --START--
INFO: Run Behavior\ReadHtmlCacheBehavior [ RunTime:0.003940s ]
INFO: [ app_begin ] --END-- [ RunTime:0.004195s ]
SQL: SHOW COLUMNS FROM `cms_admin` [ RunTime:0.1168s ]
SQL: SELECT * FROM `cms_admin` WHERE ( username="admin" ) LIMIT 1   [ RunTime:0.0038s ]

[ 2017-04-29T13:27:54+08:00 ] 127.0.0.1 /admin.php?c=index
INFO: [ app_init ] --START--
INFO: Run Behavior\BuildLiteBehavior [ RunTime:0.000053s ]
INFO: [ app_init ] --END-- [ RunTime:0.001728s ]
INFO: [ app_begin ] --START--
INFO: Run Behavior\ReadHtmlCacheBehavior [ RunTime:0.004064s ]
INFO: [ app_begin ] --END-- [ RunTime:0.004333s ]
INFO: [ view_parse ] --START--
INFO: [ template_filter ] --START--
INFO: Run Behavior\ContentReplaceBehavior [ RunTime:0.000234s ]
INFO: [ template_filter ] --END-- [ RunTime:0.000456s ]
NOTIC: [2048] Declaration of Common\Model\MenuModel::find() should be compatible with that of Think\Model::find() F:\AppServ\www\muke\Application\Common\Model\MenuModel.class.php 第 5 行.
SQL: SHOW COLUMNS FROM `cms_menu` [ RunTime:0.0126s ]
SQL: SELECT * FROM `cms_menu` WHERE `status` <> -1 AND `type` = 1 ORDER BY listorder desc,menu_id desc  [ RunTime:0.0018s ]
NOTIC: [8] Undefined index: a F:\AppServ\www\muke\Application\Common\Common\function.php 第 33 行.
NOTIC: [8] Undefined index: a F:\AppServ\www\muke\Application\Common\Common\function.php 第 33 行.
NOTIC: [8] Undefined index: a F:\AppServ\www\muke\Application\Common\Common\function.php 第 33 行.
NOTIC: [8] Undefined index: a F:\AppServ\www\muke\Application\Common\Common\function.php 第 33 行.
NOTIC: [8] Undefined index: a F:\AppServ\www\muke\Application\Common\Common\function.php 第 33 行.
NOTIC: [8] Undefined index: a F:\AppServ\www\muke\Application\Common\Common\function.php 第 33 行.
INFO: Run Behavior\ParseTemplateBehavior [ RunTime:0.111839s ]
INFO: [ view_parse ] --END-- [ RunTime:0.112064s ]
INFO: [ view_filter ] --START--
INFO: Run Behavior\WriteHtmlCacheBehavior [ RunTime:0.003271s ]
INFO: [ view_filter ] --END-- [ RunTime:0.003468s ]
INFO: [ app_end ] --START--
INFO: Run Behavior\ShowPageTraceBehavior [ RunTime:0.004071s ]
INFO: [ app_end ] --END-- [ RunTime:0.004297s ]

[ 2017-04-29T13:27:56+08:00 ] 127.0.0.1 /admin.php?c=positioncontent
INFO: [ app_init ] --START--
INFO: Run Behavior\BuildLiteBehavior [ RunTime:0.000055s ]
INFO: [ app_init ] --END-- [ RunTime:0.002451s ]
INFO: [ app_begin ] --START--
INFO: Run Behavior\ReadHtmlCacheBehavior [ RunTime:0.006215s ]
INFO: [ app_begin ] --END-- [ RunTime:0.006542s ]
NOTIC: [2048] Declaration of Admin\Controller\PositioncontentController::setStatus() should be compatible with that of Admin\Controller\CommonController::setStatus() F:\AppServ\www\muke\Application\Admin\Controller\PositioncontentController.class.php 第 9 行.
NOTIC: [2048] Declaration of Admin\Controller\PositioncontentController::listorder() should be compatible with that of Admin\Controller\CommonController::listorder() F:\AppServ\www\muke\Application\Admin\Controller\PositioncontentController.class.php 第 9 行.
NOTIC: [2048] Declaration of Common\Model\PositionModel::find() should be compatible with that of Think\Model::find() F:\AppServ\www\muke\Application\Common\Model\PositionModel.class.php 第 9 行.
SQL: SHOW COLUMNS FROM `cms_position` [ RunTime:0.0505s ]
SQL: SELECT * FROM `cms_position` WHERE `status` = 1 ORDER BY id  [ RunTime:0.0038s ]
NOTIC: [8] Undefined index: title F:\AppServ\www\muke\Application\Admin\Controller\PositioncontentController.class.php 第 14 行.
NOTIC: [8] Undefined index: position_id F:\AppServ\www\muke\Application\Admin\Controller\PositioncontentController.class.php 第 18 行.
NOTIC: [2048] Declaration of Common\Model\PositionContentModel::find() should be compatible with that of Think\Model::find() F:\AppServ\www\muke\Application\Common\Model\PositionContentModel.class.php 第 89 行.
SQL: SHOW COLUMNS FROM `cms_position_content` [ RunTime:0.0202s ]
NOTIC: [8] Undefined index: title F:\AppServ\www\muke\Application\Common\Model\PositionContentModel.class.php 第 18 行.
SQL: SELECT * FROM `cms_position_content` WHERE `status` <> -1 AND `position_id` = 2 ORDER BY listorder desc ,id desc  [ RunTime:0.0010s ]
INFO: [ view_parse ] --START--
INFO: [ template_filter ] --START--
INFO: Run Behavior\ContentReplaceBehavior [ RunTime:0.000250s ]
INFO: [ template_filter ] --END-- [ RunTime:0.000473s ]
NOTIC: [2048] Declaration of Common\Model\MenuModel::find() should be compatible with that of Think\Model::find() F:\AppServ\www\muke\Application\Common\Model\MenuModel.class.php 第 93 行.
SQL: SHOW COLUMNS FROM `cms_menu` [ RunTime:0.0118s ]
SQL: SELECT * FROM `cms_menu` WHERE `status` <> -1 AND `type` = 1 ORDER BY listorder desc,menu_id desc  [ RunTime:0.0052s ]
NOTIC: [8] Undefined index: a F:\AppServ\www\muke\Application\Common\Common\function.php 第 33 行.
NOTIC: [8] Undefined index: a F:\AppServ\www\muke\Application\Common\Common\function.php 第 33 行.
NOTIC: [8] Undefined index: a F:\AppServ\www\muke\Application\Common\Common\function.php 第 33 行.
NOTIC: [8] Undefined index: a F:\AppServ\www\muke\Application\Common\Common\function.php 第 33 行.
NOTIC: [8] Undefined index: a F:\AppServ\www\muke\Application\Common\Common\function.php 第 33 行.
NOTIC: [8] Undefined index: a F:\AppServ\www\muke\Application\Common\Common\function.php 第 33 行.
NOTIC: [8] Undefined variable: title F:\AppServ\www\muke\Application\Runtime\Cache\Admin\b8a8b9d170e6c07d7b463ea02385894d.php 第 120 行.
INFO: Run Behavior\ParseTemplateBehavior [ RunTime:0.105877s ]
INFO: [ view_parse ] --END-- [ RunTime:0.106093s ]
INFO: [ view_filter ] --START--
INFO: Run Behavior\WriteHtmlCacheBehavior [ RunTime:0.003494s ]
INFO: [ view_filter ] --END-- [ RunTime:0.004365s ]
INFO: [ app_end ] --START--
INFO: Run Behavior\ShowPageTraceBehavior [ RunTime:0.004198s ]
INFO: [ app_end ] --END-- [ RunTime:0.004413s ]

[ 2017-04-29T13:28:00+08:00 ] 127.0.0.1 /admin.php?c=admin
INFO: [ app_init ] --START--
INFO: Run Behavior\BuildLiteBehavior [ RunTime:0.000085s ]
INFO: [ app_init ] --END-- [ RunTime:0.010764s ]
INFO: [ app_begin ] --START--
INFO: Run Behavior\ReadHtmlCacheBehavior [ RunTime:0.009170s ]
INFO: [ app_begin ] --END-- [ RunTime:0.009455s ]
ERR: 无法加载控制器:Admin

[ 2017-04-29T13:28:04+08:00 ] 127.0.0.1 /admin.php?c=basic
INFO: [ app_init ] --START--
INFO: Run Behavior\BuildLiteBehavior [ RunTime:0.000052s ]
INFO: [ app_init ] --END-- [ RunTime:0.002271s ]
INFO: [ app_begin ] --START--
INFO: Run Behavior\ReadHtmlCacheBehavior [ RunTime:0.004649s ]
INFO: [ app_begin ] --END-- [ RunTime:0.004912s ]
NOTIC: [2048] Declaration of Common\Model\BasicModel::save() should be compatible with that of Think\Model::save() F:\AppServ\www\muke\Application\Common\Model\BasicModel.class.php 第 9 行.
NOTIC: [2048] Declaration of Common\Model\BasicModel::select() should be compatible with that of Think\Model::select() F:\AppServ\www\muke\Application\Common\Model\BasicModel.class.php 第 9 行.
INFO: [ view_parse ] --START--
NOTIC: [2] file_get_contents(./Application/Admin/View/Basic/button.html) [<a href='function.file-get-contents'>function.file-get-contents</a>]: failed to open stream: No such file or directory F:\AppServ\www\muke\ThinkPHP\Library\Think\Template.class.php 第 696 行.
INFO: [ template_filter ] --START--
INFO: Run Behavior\ContentReplaceBehavior [ RunTime:0.000208s ]
INFO: [ template_filter ] --END-- [ RunTime:0.000458s ]
NOTIC: [2048] Declaration of Common\Model\MenuModel::find() should be compatible with that of Think\Model::find() F:\AppServ\www\muke\Application\Common\Model\MenuModel.class.php 第 93 行.
SQL: SHOW COLUMNS FROM `cms_menu` [ RunTime:0.0110s ]
SQL: SELECT * FROM `cms_menu` WHERE `status` <> -1 AND `type` = 1 ORDER BY listorder desc,menu_id desc  [ RunTime:0.0026s ]
NOTIC: [8] Undefined index: a F:\AppServ\www\muke\Application\Common\Common\function.php 第 33 行.
NOTIC: [8] Undefined index: a F:\AppServ\www\muke\Application\Common\Common\function.php 第 33 行.
NOTIC: [8] Undefined index: a F:\AppServ\www\muke\Application\Common\Common\function.php 第 33 行.
NOTIC: [8] Undefined index: a F:\AppServ\www\muke\Application\Common\Common\function.php 第 33 行.
NOTIC: [8] Undefined index: a F:\AppServ\www\muke\Application\Common\Common\function.php 第 33 行.
NOTIC: [8] Undefined index: a F:\AppServ\www\muke\Application\Common\Common\function.php 第 33 行.
NOTIC: [8] Undefined index: dumpmysql F:\AppServ\www\muke\Application\Runtime\Cache\Admin\bb97361d9e4731aec48331de29e1c4d1.php 第 120 行.
NOTIC: [8] Undefined index: dumpmysql F:\AppServ\www\muke\Application\Runtime\Cache\Admin\bb97361d9e4731aec48331de29e1c4d1.php 第 121 行.
NOTIC: [8] Undefined index: cacheindex F:\AppServ\www\muke\Application\Runtime\Cache\Admin\bb97361d9e4731aec48331de29e1c4d1.php 第 128 行.
NOTIC: [8] Undefined index: cacheindex F:\AppServ\www\muke\Application\Runtime\Cache\Admin\bb97361d9e4731aec48331de29e1c4d1.php 第 129 行.
INFO: Run Behavior\ParseTemplateBehavior [ RunTime:0.150094s ]
INFO: [ view_parse ] --END-- [ RunTime:0.150319s ]
INFO: [ view_filter ] --START--
INFO: Run Behavior\WriteHtmlCacheBehavior [ RunTime:0.003585s ]
INFO: [ view_filter ] --END-- [ RunTime:0.003799s ]
INFO: [ app_end ] --START--
INFO: Run Behavior\ShowPageTraceBehavior [ RunTime:0.004135s ]
INFO: [ app_end ] --END-- [ RunTime:0.004435s ]

[ 2017-04-29T13:29:20+08:00 ] 127.0.0.1 /admin.php?c=basic
INFO: [ app_init ] --START--
INFO: Run Behavior\BuildLiteBehavior [ RunTime:0.000058s ]
INFO: [ app_init ] --END-- [ RunTime:0.004657s ]
INFO: [ app_begin ] --START--
INFO: Run Behavior\ReadHtmlCacheBehavior [ RunTime:0.003650s ]
INFO: [ app_begin ] --END-- [ RunTime:0.003906s ]
NOTIC: [2048] Declaration of Common\Model\BasicModel::save() should be compatible with that of Think\Model::save() F:\AppServ\www\muke\Application\Common\Model\BasicModel.class.php 第 9 行.
NOTIC: [2048] Declaration of Common\Model\BasicModel::select() should be compatible with that of Think\Model::select() F:\AppServ\www\muke\Application\Common\Model\BasicModel.class.php 第 9 行.
INFO: [ view_parse ] --START--
INFO: [ template_filter ] --START--
INFO: Run Behavior\ContentReplaceBehavior [ RunTime:0.000212s ]
INFO: [ template_filter ] --END-- [ RunTime:0.000447s ]
NOTIC: [2048] Declaration of Common\Model\MenuModel::find() should be compatible with that of Think\Model::find() F:\AppServ\www\muke\Application\Common\Model\MenuModel.class.php 第 93 行.
SQL: SHOW COLUMNS FROM `cms_menu` [ RunTime:0.0113s ]
SQL: SELECT * FROM `cms_menu` WHERE `status` <> -1 AND `type` = 1 ORDER BY listorder desc,menu_id desc  [ RunTime:0.0025s ]
NOTIC: [8] Undefined index: a F:\AppServ\www\muke\Application\Common\Common\function.php 第 33 行.
NOTIC: [8] Undefined index: a F:\AppServ\www\muke\Application\Common\Common\function.php 第 33 行.
NOTIC: [8] Undefined index: a F:\AppServ\www\muke\Application\Common\Common\function.php 第 33 行.
NOTIC: [8] Undefined index: a F:\AppServ\www\muke\Application\Common\Common\function.php 第 33 行.
NOTIC: [8] Undefined index: a F:\AppServ\www\muke\Application\Common\Common\function.php 第 33 行.
NOTIC: [8] Undefined index: a F:\AppServ\www\muke\Application\Common\Common\function.php 第 33 行.
NOTIC: [8] Undefined index: dumpmysql F:\AppServ\www\muke\Application\Runtime\Cache\Admin\bb97361d9e4731aec48331de29e1c4d1.php 第 125 行.
NOTIC: [8] Undefined index: dumpmysql F:\AppServ\www\muke\Application\Runtime\Cache\Admin\bb97361d9e4731aec48331de29e1c4d1.php 第 126 行.
NOTIC: [8] Undefined index: cacheindex F:\AppServ\www\muke\Application\Runtime\Cache\Admin\bb97361d9e4731aec48331de29e1c4d1.php 第 133 行.
NOTIC: [8] Undefined index: cacheindex F:\AppServ\www\muke\Application\Runtime\Cache\Admin\bb97361d9e4731aec48331de29e1c4d1.php 第 134 行.
INFO: Run Behavior\ParseTemplateBehavior [ RunTime:0.091440s ]
INFO: [ view_parse ] --END-- [ RunTime:0.091720s ]
INFO: [ view_filter ] --START--
INFO: Run Behavior\WriteHtmlCacheBehavior [ RunTime:0.002006s ]
INFO: [ view_filter ] --END-- [ RunTime:0.002199s ]
INFO: [ app_end ] --START--
INFO: Run Behavior\ShowPageTraceBehavior [ RunTime:0.003061s ]
INFO: [ app_end ] --END-- [ RunTime:0.003295s ]

[ 2017-04-29T13:29:23+08:00 ] 127.0.0.1 /admin.php?c=basic&a=cache
INFO: [ app_init ] --START--
INFO: Run Behavior\BuildLiteBehavior [ RunTime:0.000053s ]
INFO: [ app_init ] --END-- [ RunTime:0.001998s ]
INFO: [ app_begin ] --START--
INFO: Run Behavior\ReadHtmlCacheBehavior [ RunTime:0.001886s ]
INFO: [ app_begin ] --END-- [ RunTime:0.002113s ]
INFO: [ view_parse ] --START--
INFO: [ template_filter ] --START--
INFO: Run Behavior\ContentReplaceBehavior [ RunTime:0.000194s ]
INFO: [ template_filter ] --END-- [ RunTime:0.000544s ]
NOTIC: [2048] Declaration of Common\Model\MenuModel::find() should be compatible with that of Think\Model::find() F:\AppServ\www\muke\Application\Common\Model\MenuModel.class.php 第 5 行.
SQL: SHOW COLUMNS FROM `cms_menu` [ RunTime:0.0112s ]
SQL: SELECT * FROM `cms_menu` WHERE `status` <> -1 AND `type` = 1 ORDER BY listorder desc,menu_id desc  [ RunTime:0.0029s ]
NOTIC: [8] Undefined index: a F:\AppServ\www\muke\Application\Common\Common\function.php 第 33 行.
NOTIC: [8] Undefined index: a F:\AppServ\www\muke\Application\Common\Common\function.php 第 33 行.
NOTIC: [8] Undefined index: a F:\AppServ\www\muke\Application\Common\Common\function.php 第 33 行.
NOTIC: [8] Undefined index: a F:\AppServ\www\muke\Application\Common\Common\function.php 第 33 行.
NOTIC: [8] Undefined index: a F:\AppServ\www\muke\Application\Common\Common\function.php 第 33 行.
NOTIC: [8] Undefined index: a F:\AppServ\www\muke\Application\Common\Common\function.php 第 33 行.
INFO: Run Behavior\ParseTemplateBehavior [ RunTime:0.093936s ]
INFO: [ view_parse ] --END-- [ RunTime:0.094159s ]
INFO: [ view_filter ] --START--
INFO: Run Behavior\WriteHtmlCacheBehavior [ RunTime:0.001331s ]
INFO: [ view_filter ] --END-- [ RunTime:0.001541s ]
INFO: [ app_end ] --START--
INFO: Run Behavior\ShowPageTraceBehavior [ RunTime:0.002102s ]
INFO: [ app_end ] --END-- [ RunTime:0.002311s ]

[ 2017-04-29T13:29:27+08:00 ] 127.0.0.1 /admin.php?c=basic&a=cache
INFO: [ app_init ] --START--
INFO: Run Behavior\BuildLiteBehavior [ RunTime:0.000051s ]
INFO: [ app_init ] --END-- [ RunTime:0.001435s ]
INFO: [ app_begin ] --START--
INFO: Run Behavior\ReadHtmlCacheBehavior [ RunTime:0.002667s ]
INFO: [ app_begin ] --END-- [ RunTime:0.002919s ]
INFO: [ view_parse ] --START--
INFO: [ template_filter ] --START--
INFO: Run Behavior\ContentReplaceBehavior [ RunTime:0.000191s ]
INFO: [ template_filter ] --END-- [ RunTime:0.000433s ]
NOTIC: [2048] Declaration of Common\Model\MenuModel::find() should be compatible with that of Think\Model::find() F:\AppServ\www\muke\Application\Common\Model\MenuModel.class.php 第 5 行.
SQL: SHOW COLUMNS FROM `cms_menu` [ RunTime:0.0145s ]
SQL: SELECT * FROM `cms_menu` WHERE `status` <> -1 AND `type` = 1 ORDER BY listorder desc,menu_id desc  [ RunTime:0.0012s ]
NOTIC: [8] Undefined index: a F:\AppServ\www\muke\Application\Common\Common\function.php 第 33 行.
NOTIC: [8] Undefined index: a F:\AppServ\www\muke\Application\Common\Common\function.php 第 33 行.
NOTIC: [8] Undefined index: a F:\AppServ\www\muke\Application\Common\Common\function.php 第 33 行.
NOTIC: [8] Undefined index: a F:\AppServ\www\muke\Application\Common\Common\function.php 第 33 行.
NOTIC: [8] Undefined index: a F:\AppServ\www\muke\Application\Common\Common\function.php 第 33 行.
NOTIC: [8] Undefined index: a F:\AppServ\www\muke\Application\Common\Common\function.php 第 33 行.
INFO: Run Behavior\ParseTemplateBehavior [ RunTime:0.110891s ]
INFO: [ view_parse ] --END-- [ RunTime:0.111113s ]
INFO: [ view_filter ] --START--
INFO: Run Behavior\WriteHtmlCacheBehavior [ RunTime:0.001271s ]
INFO: [ view_filter ] --END-- [ RunTime:0.001469s ]
INFO: [ app_end ] --START--
INFO: Run Behavior\ShowPageTraceBehavior [ RunTime:0.002189s ]
INFO: [ app_end ] --END-- [ RunTime:0.002405s ]

[ 2017-04-29T16:53:05+08:00 ] 127.0.0.1 /admin.php?c=basic
INFO: [ app_init ] --START--
INFO: Run Behavior\BuildLiteBehavior [ RunTime:0.000052s ]
INFO: [ app_init ] --END-- [ RunTime:0.001455s ]
INFO: [ app_begin ] --START--
INFO: Run Behavior\ReadHtmlCacheBehavior [ RunTime:0.002125s ]
INFO: [ app_begin ] --END-- [ RunTime:0.002369s ]
NOTIC: [2048] Declaration of Common\Model\BasicModel::save() should be compatible with that of Think\Model::save() F:\AppServ\www\muke\Application\Common\Model\BasicModel.class.php 第 9 行.
NOTIC: [2048] Declaration of Common\Model\BasicModel::select() should be compatible with that of Think\Model::select() F:\AppServ\www\muke\Application\Common\Model\BasicModel.class.php 第 9 行.
INFO: [ view_parse ] --START--
INFO: [ template_filter ] --START--
INFO: Run Behavior\ContentReplaceBehavior [ RunTime:0.000214s ]
INFO: [ template_filter ] --END-- [ RunTime:0.000445s ]
NOTIC: [2048] Declaration of Common\Model\MenuModel::find() should be compatible with that of Think\Model::find() F:\AppServ\www\muke\Application\Common\Model\MenuModel.class.php 第 93 行.
SQL: SHOW COLUMNS FROM `cms_menu` [ RunTime:0.0136s ]
SQL: SELECT * FROM `cms_menu` WHERE `status` <> -1 AND `type` = 1 ORDER BY listorder desc,menu_id desc  [ RunTime:0.0013s ]
NOTIC: [8] Undefined index: a F:\AppServ\www\muke\Application\Common\Common\function.php 第 33 行.
NOTIC: [8] Undefined index: a F:\AppServ\www\muke\Application\Common\Common\function.php 第 33 行.
NOTIC: [8] Undefined index: a F:\AppServ\www\muke\Application\Common\Common\function.php 第 33 行.
NOTIC: [8] Undefined index: a F:\AppServ\www\muke\Application\Common\Common\function.php 第 33 行.
NOTIC: [8] Undefined index: a F:\AppServ\www\muke\Application\Common\Common\function.php 第 33 行.
NOTIC: [8] Undefined index: a F:\AppServ\www\muke\Application\Common\Common\function.php 第 33 行.
NOTIC: [8] Undefined index: dumpmysql F:\AppServ\www\muke\Application\Runtime\Cache\Admin\bb97361d9e4731aec48331de29e1c4d1.php 第 125 行.
NOTIC: [8] Undefined index: dumpmysql F:\AppServ\www\muke\Application\Runtime\Cache\Admin\bb97361d9e4731aec48331de29e1c4d1.php 第 126 行.
NOTIC: [8] Undefined index: cacheindex F:\AppServ\www\muke\Application\Runtime\Cache\Admin\bb97361d9e4731aec48331de29e1c4d1.php 第 133 行.
NOTIC: [8] Undefined index: cacheindex F:\AppServ\www\muke\Application\Runtime\Cache\Admin\bb97361d9e4731aec48331de29e1c4d1.php 第 134 行.
INFO: Run Behavior\ParseTemplateBehavior [ RunTime:0.158636s ]
INFO: [ view_parse ] --END-- [ RunTime:0.158831s ]
INFO: [ view_filter ] --START--
INFO: Run Behavior\WriteHtmlCacheBehavior [ RunTime:0.000957s ]
INFO: [ view_filter ] --END-- [ RunTime:0.001110s ]
INFO: [ app_end ] --START--
INFO: Run Behavior\ShowPageTraceBehavior [ RunTime:0.001519s ]
INFO: [ app_end ] --END-- [ RunTime:0.001678s ]

[ 2017-04-29T16:53:07+08:00 ] 127.0.0.1 /admin.php?c=basic&a=cache
INFO: [ app_init ] --START--
INFO: Run Behavior\BuildLiteBehavior [ RunTime:0.000052s ]
INFO: [ app_init ] --END-- [ RunTime:0.001480s ]
INFO: [ app_begin ] --START--
INFO: Run Behavior\ReadHtmlCacheBehavior [ RunTime:0.002251s ]
INFO: [ app_begin ] --END-- [ RunTime:0.002625s ]
INFO: [ view_parse ] --START--
INFO: [ template_filter ] --START--
INFO: Run Behavior\ContentReplaceBehavior [ RunTime:0.000188s ]
INFO: [ template_filter ] --END-- [ RunTime:0.000404s ]
NOTIC: [2048] Declaration of Common\Model\MenuModel::find() should be compatible with that of Think\Model::find() F:\AppServ\www\muke\Application\Common\Model\MenuModel.class.php 第 5 行.
SQL: SHOW COLUMNS FROM `cms_menu` [ RunTime:0.0132s ]
SQL: SELECT * FROM `cms_menu` WHERE `status` <> -1 AND `type` = 1 ORDER BY listorder desc,menu_id desc  [ RunTime:0.0019s ]
NOTIC: [8] Undefined index: a F:\AppServ\www\muke\Application\Common\Common\function.php 第 33 行.
NOTIC: [8] Undefined index: a F:\AppServ\www\muke\Application\Common\Common\function.php 第 33 行.
NOTIC: [8] Undefined index: a F:\AppServ\www\muke\Application\Common\Common\function.php 第 33 行.
NOTIC: [8] Undefined index: a F:\AppServ\www\muke\Application\Common\Common\function.php 第 33 行.
NOTIC: [8] Undefined index: a F:\AppServ\www\muke\Application\Common\Common\function.php 第 33 行.
NOTIC: [8] Undefined index: a F:\AppServ\www\muke\Application\Common\Common\function.php 第 33 行.
INFO: Run Behavior\ParseTemplateBehavior [ RunTime:0.110656s ]
INFO: [ view_parse ] --END-- [ RunTime:0.110880s ]
INFO: [ view_filter ] --START--
INFO: Run Behavior\WriteHtmlCacheBehavior [ RunTime:0.001218s ]
INFO: [ view_filter ] --END-- [ RunTime:0.001399s ]
INFO: [ app_end ] --START--
INFO: Run Behavior\ShowPageTraceBehavior [ RunTime:0.001913s ]
INFO: [ app_end ] --END-- [ RunTime:0.002104s ]

[ 2017-04-29T16:53:08+08:00 ] 127.0.0.1 /admin.php?c=admin
INFO: [ app_init ] --START--
INFO: Run Behavior\BuildLiteBehavior [ RunTime:0.000054s ]
INFO: [ app_init ] --END-- [ RunTime:0.001561s ]
INFO: [ app_begin ] --START--
INFO: Run Behavior\ReadHtmlCacheBehavior [ RunTime:0.002383s ]
INFO: [ app_begin ] --END-- [ RunTime:0.002644s ]
ERR: 无法加载控制器:Admin

[ 2017-04-29T16:53:12+08:00 ] 127.0.0.1 /admin.php?c=position
INFO: [ app_init ] --START--
INFO: Run Behavior\BuildLiteBehavior [ RunTime:0.000053s ]
INFO: [ app_init ] --END-- [ RunTime:0.001632s ]
INFO: [ app_begin ] --START--
INFO: Run Behavior\ReadHtmlCacheBehavior [ RunTime:0.001826s ]
INFO: [ app_begin ] --END-- [ RunTime:0.002052s ]
NOTIC: [2048] Declaration of Admin\Controller\PositionController::setStatus() should be compatible with that of Admin\Controller\CommonController::setStatus() F:\AppServ\www\muke\Application\Admin\Controller\PositionController.class.php 第 7 行.
NOTIC: [2048] Declaration of Common\Model\PositionModel::find() should be compatible with that of Think\Model::find() F:\AppServ\www\muke\Application\Common\Model\PositionModel.class.php 第 9 行.
SQL: SHOW COLUMNS FROM `cms_position` [ RunTime:0.0473s ]
SQL: SELECT * FROM `cms_position` WHERE `status` <> -1 ORDER BY id  [ RunTime:0.0013s ]
INFO: [ view_parse ] --START--
INFO: [ template_filter ] --START--
INFO: Run Behavior\ContentReplaceBehavior [ RunTime:0.000220s ]
INFO: [ template_filter ] --END-- [ RunTime:0.000443s ]
NOTIC: [2048] Declaration of Common\Model\MenuModel::find() should be compatible with that of Think\Model::find() F:\AppServ\www\muke\Application\Common\Model\MenuModel.class.php 第 93 行.
SQL: SHOW COLUMNS FROM `cms_menu` [ RunTime:0.0113s ]
SQL: SELECT * FROM `cms_menu` WHERE `status` <> -1 AND `type` = 1 ORDER BY listorder desc,menu_id desc  [ RunTime:0.0032s ]
NOTIC: [8] Undefined index: a F:\AppServ\www\muke\Application\Common\Common\function.php 第 33 行.
NOTIC: [8] Undefined index: a F:\AppServ\www\muke\Application\Common\Common\function.php 第 33 行.
NOTIC: [8] Undefined index: a F:\AppServ\www\muke\Application\Common\Common\function.php 第 33 行.
NOTIC: [8] Undefined index: a F:\AppServ\www\muke\Application\Common\Common\function.php 第 33 行.
NOTIC: [8] Undefined index: a F:\AppServ\www\muke\Application\Common\Common\function.php 第 33 行.
NOTIC: [8] Undefined index: a F:\AppServ\www\muke\Application\Common\Common\function.php 第 33 行.
INFO: Run Behavior\ParseTemplateBehavior [ RunTime:0.085097s ]
INFO: [ view_parse ] --END-- [ RunTime:0.085389s ]
INFO: [ view_filter ] --START--
INFO: Run Behavior\WriteHtmlCacheBehavior [ RunTime:0.001320s ]
INFO: [ view_filter ] --END-- [ RunTime:0.001510s ]
INFO: [ app_end ] --START--
INFO: Run Behavior\ShowPageTraceBehavior [ RunTime:0.002220s ]
INFO: [ app_end ] --END-- [ RunTime:0.002436s ]

[ 2017-04-29T16:53:14+08:00 ] 127.0.0.1 /admin.php?c=positioncontent
INFO: [ app_init ] --START--
INFO: Run Behavior\BuildLiteBehavior [ RunTime:0.000053s ]
INFO: [ app_init ] --END-- [ RunTime:0.001601s ]
INFO: [ app_begin ] --START--
INFO: Run Behavior\ReadHtmlCacheBehavior [ RunTime:0.001910s ]
INFO: [ app_begin ] --END-- [ RunTime:0.002156s ]
NOTIC: [2048] Declaration of Admin\Controller\PositioncontentController::setStatus() should be compatible with that of Admin\Controller\CommonController::setStatus() F:\AppServ\www\muke\Application\Admin\Controller\PositioncontentController.class.php 第 9 行.
NOTIC: [2048] Declaration of Admin\Controller\PositioncontentController::listorder() should be compatible with that of Admin\Controller\CommonController::listorder() F:\AppServ\www\muke\Application\Admin\Controller\PositioncontentController.class.php 第 9 行.
NOTIC: [2048] Declaration of Common\Model\PositionModel::find() should be compatible with that of Think\Model::find() F:\AppServ\www\muke\Application\Common\Model\PositionModel.class.php 第 9 行.
SQL: SHOW COLUMNS FROM `cms_position` [ RunTime:0.0117s ]
SQL: SELECT * FROM `cms_position` WHERE `status` = 1 ORDER BY id  [ RunTime:0.0025s ]
NOTIC: [8] Undefined index: title F:\AppServ\www\muke\Application\Admin\Controller\PositioncontentController.class.php 第 14 行.
NOTIC: [8] Undefined index: position_id F:\AppServ\www\muke\Application\Admin\Controller\PositioncontentController.class.php 第 18 行.
NOTIC: [2048] Declaration of Common\Model\PositionContentModel::find() should be compatible with that of Think\Model::find() F:\AppServ\www\muke\Application\Common\Model\PositionContentModel.class.php 第 89 行.
SQL: SHOW COLUMNS FROM `cms_position_content` [ RunTime:0.0113s ]
NOTIC: [8] Undefined index: title F:\AppServ\www\muke\Application\Common\Model\PositionContentModel.class.php 第 18 行.
SQL: SELECT * FROM `cms_position_content` WHERE `status` <> -1 AND `position_id` = 2 ORDER BY listorder desc ,id desc  [ RunTime:0.0021s ]
INFO: [ view_parse ] --START--
INFO: [ template_filter ] --START--
INFO: Run Behavior\ContentReplaceBehavior [ RunTime:0.000241s ]
INFO: [ template_filter ] --END-- [ RunTime:0.000463s ]
NOTIC: [2048] Declaration of Common\Model\MenuModel::find() should be compatible with that of Think\Model::find() F:\AppServ\www\muke\Application\Common\Model\MenuModel.class.php 第 93 行.
SQL: SHOW COLUMNS FROM `cms_menu` [ RunTime:0.0126s ]
SQL: SELECT * FROM `cms_menu` WHERE `status` <> -1 AND `type` = 1 ORDER BY listorder desc,menu_id desc  [ RunTime:0.0016s ]
NOTIC: [8] Undefined index: a F:\AppServ\www\muke\Application\Common\Common\function.php 第 33 行.
NOTIC: [8] Undefined index: a F:\AppServ\www\muke\Application\Common\Common\function.php 第 33 行.
NOTIC: [8] Undefined index: a F:\AppServ\www\muke\Application\Common\Common\function.php 第 33 行.
NOTIC: [8] Undefined index: a F:\AppServ\www\muke\Application\Common\Common\function.php 第 33 行.
NOTIC: [8] Undefined index: a F:\AppServ\www\muke\Application\Common\Common\function.php 第 33 行.
NOTIC: [8] Undefined index: a F:\AppServ\www\muke\Application\Common\Common\function.php 第 33 行.
NOTIC: [8] Undefined variable: title F:\AppServ\www\muke\Application\Runtime\Cache\Admin\b8a8b9d170e6c07d7b463ea02385894d.php 第 120 行.
INFO: Run Behavior\ParseTemplateBehavior [ RunTime:0.088303s ]
INFO: [ view_parse ] --END-- [ RunTime:0.088527s ]
INFO: [ view_filter ] --START--
INFO: Run Behavior\WriteHtmlCacheBehavior [ RunTime:0.001429s ]
INFO: [ view_filter ] --END-- [ RunTime:0.001624s ]
INFO: [ app_end ] --START--
INFO: Run Behavior\ShowPageTraceBehavior [ RunTime:0.001999s ]
INFO: [ app_end ] --END-- [ RunTime:0.002196s ]

[ 2017-04-29T16:53:15+08:00 ] 127.0.0.1 /admin.php?c=content
INFO: [ app_init ] --START--
INFO: Run Behavior\BuildLiteBehavior [ RunTime:0.000132s ]
INFO: [ app_init ] --END-- [ RunTime:0.001546s ]
INFO: [ app_begin ] --START--
INFO: Run Behavior\ReadHtmlCacheBehavior [ RunTime:0.002467s ]
INFO: [ app_begin ] --END-- [ RunTime:0.002720s ]
NOTIC: [2048] Declaration of Admin\Controller\ContentController::setStatus() should be compatible with that of Admin\Controller\CommonController::setStatus() F:\AppServ\www\muke\Application\Admin\Controller\ContentController.class.php 第 12 行.
NOTIC: [2048] Declaration of Admin\Controller\ContentController::listorder() should be compatible with that of Admin\Controller\CommonController::listorder() F:\AppServ\www\muke\Application\Admin\Controller\ContentController.class.php 第 12 行.
NOTIC: [8] Undefined index: title F:\AppServ\www\muke\Application\Admin\Controller\ContentController.class.php 第 16 行.
NOTIC: [8] Undefined index: catid F:\AppServ\www\muke\Application\Admin\Controller\ContentController.class.php 第 20 行.
NOTIC: [8] Undefined index: p F:\AppServ\www\muke\Application\Admin\Controller\ContentController.class.php 第 24 行.
NOTIC: [2048] Declaration of Common\Model\NewsModel::find() should be compatible with that of Think\Model::find() F:\AppServ\www\muke\Application\Common\Model\NewsModel.class.php 第 9 行.
SQL: SHOW COLUMNS FROM `cms_news` [ RunTime:0.0138s ]
SQL: SELECT * FROM `cms_news` WHERE `status` <> -1 ORDER BY listorder desc ,news_id desc LIMIT 0,10   [ RunTime:0.0019s ]
SQL: SELECT COUNT(*) AS tp_count FROM `cms_news` WHERE `status` <> -1 LIMIT 1   [ RunTime:0.0379s ]
NOTIC: [2048] Declaration of Common\Model\PositionModel::find() should be compatible with that of Think\Model::find() F:\AppServ\www\muke\Application\Common\Model\PositionModel.class.php 第 83 行.
SQL: SHOW COLUMNS FROM `cms_position` [ RunTime:0.0112s ]
SQL: SELECT * FROM `cms_position` WHERE `status` = 1 ORDER BY id  [ RunTime:0.0029s ]
NOTIC: [2048] Declaration of Common\Model\MenuModel::find() should be compatible with that of Think\Model::find() F:\AppServ\www\muke\Application\Common\Model\MenuModel.class.php 第 93 行.
SQL: SHOW COLUMNS FROM `cms_menu` [ RunTime:0.0122s ]
SQL: SELECT * FROM `cms_menu` WHERE `status` = 1 AND `type` = 0 ORDER BY listorder desc,menu_id desc  [ RunTime:0.0030s ]
INFO: [ view_parse ] --START--
INFO: [ template_filter ] --START--
INFO: Run Behavior\ContentReplaceBehavior [ RunTime:0.000390s ]
INFO: [ template_filter ] --END-- [ RunTime:0.000626s ]
SQL: SELECT * FROM `cms_menu` WHERE `status` <> -1 AND `type` = 1 ORDER BY listorder desc,menu_id desc  [ RunTime:0.0012s ]
NOTIC: [8] Undefined index: a F:\AppServ\www\muke\Application\Common\Common\function.php 第 33 行.
NOTIC: [8] Undefined index: a F:\AppServ\www\muke\Application\Common\Common\function.php 第 33 行.
NOTIC: [8] Undefined index: a F:\AppServ\www\muke\Application\Common\Common\function.php 第 33 行.
NOTIC: [8] Undefined index: a F:\AppServ\www\muke\Application\Common\Common\function.php 第 33 行.
NOTIC: [8] Undefined index: a F:\AppServ\www\muke\Application\Common\Common\function.php 第 33 行.
NOTIC: [8] Undefined index: a F:\AppServ\www\muke\Application\Common\Common\function.php 第 33 行.
INFO: Run Behavior\ParseTemplateBehavior [ RunTime:0.078002s ]
INFO: [ view_parse ] --END-- [ RunTime:0.078292s ]
INFO: [ view_filter ] --START--
INFO: Run Behavior\WriteHtmlCacheBehavior [ RunTime:0.001187s ]
INFO: [ view_filter ] --END-- [ RunTime:0.001374s ]
INFO: [ app_end ] --START--
INFO: Run Behavior\ShowPageTraceBehavior [ RunTime:0.002176s ]
INFO: [ app_end ] --END-- [ RunTime:0.002396s ]

[ 2017-04-29T16:53:16+08:00 ] 127.0.0.1 /admin.php?c=menu
INFO: [ app_init ] --START--
INFO: Run Behavior\BuildLiteBehavior [ RunTime:0.000055s ]
INFO: [ app_init ] --END-- [ RunTime:0.001759s ]
INFO: [ app_begin ] --START--
INFO: Run Behavior\ReadHtmlCacheBehavior [ RunTime:0.001899s ]
INFO: [ app_begin ] --END-- [ RunTime:0.002144s ]
NOTIC: [2048] Declaration of Admin\Controller\MenuController::setStatus() should be compatible with that of Admin\Controller\CommonController::setStatus() F:\AppServ\www\muke\Application\Admin\Controller\MenuController.class.php 第 13 行.
NOTIC: [2048] Declaration of Admin\Controller\MenuController::listorder() should be compatible with that of Admin\Controller\CommonController::listorder() F:\AppServ\www\muke\Application\Admin\Controller\MenuController.class.php 第 13 行.
NOTIC: [8] Undefined index: p F:\AppServ\www\muke\Application\Admin\Controller\MenuController.class.php 第 55 行.
NOTIC: [8] Undefined index: pageSize F:\AppServ\www\muke\Application\Admin\Controller\MenuController.class.php 第 56 行.
NOTIC: [2048] Declaration of Common\Model\MenuModel::find() should be compatible with that of Think\Model::find() F:\AppServ\www\muke\Application\Common\Model\MenuModel.class.php 第 5 行.
SQL: SHOW COLUMNS FROM `cms_menu` [ RunTime:0.0119s ]
SQL: SELECT * FROM `cms_menu` WHERE `status` <> -1 ORDER BY listorder desc,menu_id desc LIMIT 0,3   [ RunTime:0.0011s ]
SQL: SELECT COUNT(*) AS tp_count FROM `cms_menu` WHERE `status` <> -1 LIMIT 1   [ RunTime:0.0008s ]
INFO: [ view_parse ] --START--
INFO: [ template_filter ] --START--
INFO: Run Behavior\ContentReplaceBehavior [ RunTime:0.000240s ]
INFO: [ template_filter ] --END-- [ RunTime:0.000477s ]
SQL: SELECT * FROM `cms_menu` WHERE `status` <> -1 AND `type` = 1 ORDER BY listorder desc,menu_id desc  [ RunTime:0.0013s ]
NOTIC: [8] Undefined index: a F:\AppServ\www\muke\Application\Common\Common\function.php 第 33 行.
NOTIC: [8] Undefined index: a F:\AppServ\www\muke\Application\Common\Common\function.php 第 33 行.
NOTIC: [8] Undefined index: a F:\AppServ\www\muke\Application\Common\Common\function.php 第 33 行.
NOTIC: [8] Undefined index: a F:\AppServ\www\muke\Application\Common\Common\function.php 第 33 行.
NOTIC: [8] Undefined index: a F:\AppServ\www\muke\Application\Common\Common\function.php 第 33 行.
NOTIC: [8] Undefined index: a F:\AppServ\www\muke\Application\Common\Common\function.php 第 33 行.
NOTIC: [8] Undefined variable: nav F:\AppServ\www\muke\Application\Runtime\Cache\Admin\b956215329b6f9aca22277599a4efdfc.php 第 101 行.
INFO: Run Behavior\ParseTemplateBehavior [ RunTime:0.079069s ]
INFO: [ view_parse ] --END-- [ RunTime:0.079319s ]
INFO: [ view_filter ] --START--
INFO: Run Behavior\WriteHtmlCacheBehavior [ RunTime:0.001270s ]
INFO: [ view_filter ] --END-- [ RunTime:0.001460s ]
INFO: [ app_end ] --START--
INFO: Run Behavior\ShowPageTraceBehavior [ RunTime:0.002546s ]
INFO: [ app_end ] --END-- [ RunTime:0.002815s ]

[ 2017-04-29T16:53:18+08:00 ] 127.0.0.1 /admin.php?c=content
INFO: [ app_init ] --START--
INFO: Run Behavior\BuildLiteBehavior [ RunTime:0.000055s ]
INFO: [ app_init ] --END-- [ RunTime:0.002226s ]
INFO: [ app_begin ] --START--
INFO: Run Behavior\ReadHtmlCacheBehavior [ RunTime:0.002002s ]
INFO: [ app_begin ] --END-- [ RunTime:0.002250s ]
NOTIC: [2048] Declaration of Admin\Controller\ContentController::setStatus() should be compatible with that of Admin\Controller\CommonController::setStatus() F:\AppServ\www\muke\Application\Admin\Controller\ContentController.class.php 第 12 行.
NOTIC: [2048] Declaration of Admin\Controller\ContentController::listorder() should be compatible with that of Admin\Controller\CommonController::listorder() F:\AppServ\www\muke\Application\Admin\Controller\ContentController.class.php 第 12 行.
NOTIC: [8] Undefined index: title F:\AppServ\www\muke\Application\Admin\Controller\ContentController.class.php 第 16 行.
NOTIC: [8] Undefined index: catid F:\AppServ\www\muke\Application\Admin\Controller\ContentController.class.php 第 20 行.
NOTIC: [8] Undefined index: p F:\AppServ\www\muke\Application\Admin\Controller\ContentController.class.php 第 24 行.
NOTIC: [2048] Declaration of Common\Model\NewsModel::find() should be compatible with that of Think\Model::find() F:\AppServ\www\muke\Application\Common\Model\NewsModel.class.php 第 9 行.
SQL: SHOW COLUMNS FROM `cms_news` [ RunTime:0.0123s ]
SQL: SELECT * FROM `cms_news` WHERE `status` <> -1 ORDER BY listorder desc ,news_id desc LIMIT 0,10   [ RunTime:0.0058s ]
SQL: SELECT COUNT(*) AS tp_count FROM `cms_news` WHERE `status` <> -1 LIMIT 1   [ RunTime:0.0008s ]
NOTIC: [2048] Declaration of Common\Model\PositionModel::find() should be compatible with that of Think\Model::find() F:\AppServ\www\muke\Application\Common\Model\PositionModel.class.php 第 83 行.
SQL: SHOW COLUMNS FROM `cms_position` [ RunTime:0.0115s ]
SQL: SELECT * FROM `cms_position` WHERE `status` = 1 ORDER BY id  [ RunTime:0.0029s ]
NOTIC: [2048] Declaration of Common\Model\MenuModel::find() should be compatible with that of Think\Model::find() F:\AppServ\www\muke\Application\Common\Model\MenuModel.class.php 第 93 行.
SQL: SHOW COLUMNS FROM `cms_menu` [ RunTime:0.0157s ]
SQL: SELECT * FROM `cms_menu` WHERE `status` = 1 AND `type` = 0 ORDER BY listorder desc,menu_id desc  [ RunTime:0.0011s ]
INFO: [ view_parse ] --START--
INFO: [ template_filter ] --START--
INFO: Run Behavior\ContentReplaceBehavior [ RunTime:0.000377s ]
INFO: [ template_filter ] --END-- [ RunTime:0.000610s ]
SQL: SELECT * FROM `cms_menu` WHERE `status` <> -1 AND `type` = 1 ORDER BY listorder desc,menu_id desc  [ RunTime:0.0012s ]
NOTIC: [8] Undefined index: a F:\AppServ\www\muke\Application\Common\Common\function.php 第 33 行.
NOTIC: [8] Undefined index: a F:\AppServ\www\muke\Application\Common\Common\function.php 第 33 行.
NOTIC: [8] Undefined index: a F:\AppServ\www\muke\Application\Common\Common\function.php 第 33 行.
NOTIC: [8] Undefined index: a F:\AppServ\www\muke\Application\Common\Common\function.php 第 33 行.
NOTIC: [8] Undefined index: a F:\AppServ\www\muke\Application\Common\Common\function.php 第 33 行.
NOTIC: [8] Undefined index: a F:\AppServ\www\muke\Application\Common\Common\function.php 第 33 行.
INFO: Run Behavior\ParseTemplateBehavior [ RunTime:0.067994s ]
INFO: [ view_parse ] --END-- [ RunTime:0.068230s ]
INFO: [ view_filter ] --START--
INFO: Run Behavior\WriteHtmlCacheBehavior [ RunTime:0.001214s ]
INFO: [ view_filter ] --END-- [ RunTime:0.001404s ]
INFO: [ app_end ] --START--
INFO: Run Behavior\ShowPageTraceBehavior [ RunTime:0.001931s ]
INFO: [ app_end ] --END-- [ RunTime:0.002131s ]

[ 2017-04-29T16:53:19+08:00 ] 127.0.0.1 /admin.php?c=menu
INFO: [ app_init ] --START--
INFO: Run Behavior\BuildLiteBehavior [ RunTime:0.000052s ]
INFO: [ app_init ] --END-- [ RunTime:0.001400s ]
INFO: [ app_begin ] --START--
INFO: Run Behavior\ReadHtmlCacheBehavior [ RunTime:0.002048s ]
INFO: [ app_begin ] --END-- [ RunTime:0.002296s ]
NOTIC: [2048] Declaration of Admin\Controller\MenuController::setStatus() should be compatible with that of Admin\Controller\CommonController::setStatus() F:\AppServ\www\muke\Application\Admin\Controller\MenuController.class.php 第 13 行.
NOTIC: [2048] Declaration of Admin\Controller\MenuController::listorder() should be compatible with that of Admin\Controller\CommonController::listorder() F:\AppServ\www\muke\Application\Admin\Controller\MenuController.class.php 第 13 行.
NOTIC: [8] Undefined index: p F:\AppServ\www\muke\Application\Admin\Controller\MenuController.class.php 第 55 行.
NOTIC: [8] Undefined index: pageSize F:\AppServ\www\muke\Application\Admin\Controller\MenuController.class.php 第 56 行.
NOTIC: [2048] Declaration of Common\Model\MenuModel::find() should be compatible with that of Think\Model::find() F:\AppServ\www\muke\Application\Common\Model\MenuModel.class.php 第 5 行.
SQL: SHOW COLUMNS FROM `cms_menu` [ RunTime:0.0112s ]
SQL: SELECT * FROM `cms_menu` WHERE `status` <> -1 ORDER BY listorder desc,menu_id desc LIMIT 0,3   [ RunTime:0.0026s ]
SQL: SELECT COUNT(*) AS tp_count FROM `cms_menu` WHERE `status` <> -1 LIMIT 1   [ RunTime:0.0013s ]
INFO: [ view_parse ] --START--
INFO: [ template_filter ] --START--
INFO: Run Behavior\ContentReplaceBehavior [ RunTime:0.000240s ]
INFO: [ template_filter ] --END-- [ RunTime:0.000474s ]
SQL: SELECT * FROM `cms_menu` WHERE `status` <> -1 AND `type` = 1 ORDER BY listorder desc,menu_id desc  [ RunTime:0.0031s ]
NOTIC: [8] Undefined index: a F:\AppServ\www\muke\Application\Common\Common\function.php 第 33 行.
NOTIC: [8] Undefined index: a F:\AppServ\www\muke\Application\Common\Common\function.php 第 33 行.
NOTIC: [8] Undefined index: a F:\AppServ\www\muke\Application\Common\Common\function.php 第 33 行.
NOTIC: [8] Undefined index: a F:\AppServ\www\muke\Application\Common\Common\function.php 第 33 行.
NOTIC: [8] Undefined index: a F:\AppServ\www\muke\Application\Common\Common\function.php 第 33 行.
NOTIC: [8] Undefined index: a F:\AppServ\www\muke\Application\Common\Common\function.php 第 33 行.
NOTIC: [8] Undefined variable: nav F:\AppServ\www\muke\Application\Runtime\Cache\Admin\b956215329b6f9aca22277599a4efdfc.php 第 101 行.
INFO: Run Behavior\ParseTemplateBehavior [ RunTime:0.052691s ]
INFO: [ view_parse ] --END-- [ RunTime:0.052921s ]
INFO: [ view_filter ] --START--
INFO: Run Behavior\WriteHtmlCacheBehavior [ RunTime:0.001293s ]
INFO: [ view_filter ] --END-- [ RunTime:0.001510s ]
INFO: [ app_end ] --START--
INFO: Run Behavior\ShowPageTraceBehavior [ RunTime:0.002379s ]
INFO: [ app_end ] --END-- [ RunTime:0.002634s ]

[ 2017-04-29T16:53:20+08:00 ] 127.0.0.1 /admin.php
INFO: [ app_init ] --START--
INFO: Run Behavior\BuildLiteBehavior [ RunTime:0.000089s ]
INFO: [ app_init ] --END-- [ RunTime:0.001610s ]
INFO: [ app_begin ] --START--
INFO: Run Behavior\ReadHtmlCacheBehavior [ RunTime:0.001852s ]
INFO: [ app_begin ] --END-- [ RunTime:0.002083s ]
INFO: [ view_parse ] --START--
INFO: [ template_filter ] --START--
INFO: Run Behavior\ContentReplaceBehavior [ RunTime:0.000241s ]
INFO: [ template_filter ] --END-- [ RunTime:0.000472s ]
NOTIC: [2048] Declaration of Common\Model\MenuModel::find() should be compatible with that of Think\Model::find() F:\AppServ\www\muke\Application\Common\Model\MenuModel.class.php 第 5 行.
SQL: SHOW COLUMNS FROM `cms_menu` [ RunTime:0.0113s ]
SQL: SELECT * FROM `cms_menu` WHERE `status` <> -1 AND `type` = 1 ORDER BY listorder desc,menu_id desc  [ RunTime:0.0016s ]
NOTIC: [8] Undefined index: a F:\AppServ\www\muke\Application\Common\Common\function.php 第 33 行.
NOTIC: [8] Undefined index: a F:\AppServ\www\muke\Application\Common\Common\function.php 第 33 行.
NOTIC: [8] Undefined index: a F:\AppServ\www\muke\Application\Common\Common\function.php 第 33 行.
NOTIC: [8] Undefined index: a F:\AppServ\www\muke\Application\Common\Common\function.php 第 33 行.
NOTIC: [8] Undefined index: a F:\AppServ\www\muke\Application\Common\Common\function.php 第 33 行.
NOTIC: [8] Undefined index: a F:\AppServ\www\muke\Application\Common\Common\function.php 第 33 行.
INFO: Run Behavior\ParseTemplateBehavior [ RunTime:0.144009s ]
INFO: [ view_parse ] --END-- [ RunTime:0.144236s ]
INFO: [ view_filter ] --START--
INFO: Run Behavior\WriteHtmlCacheBehavior [ RunTime:0.001260s ]
INFO: [ view_filter ] --END-- [ RunTime:0.001452s ]
INFO: [ app_end ] --START--
INFO: Run Behavior\ShowPageTraceBehavior [ RunTime:0.002062s ]
INFO: [ app_end ] --END-- [ RunTime:0.002396s ]

