[ 2017-04-18T17:36:10+08:00 ] 127.0.0.1 /admin
INFO: [ app_init ] --START--
INFO: Run Behavior\BuildLiteBehavior [ RunTime:0.000057s ]
INFO: [ app_init ] --END-- [ RunTime:0.027322s ]
INFO: [ app_begin ] --START--
INFO: Run Behavior\ReadHtmlCacheBehavior [ RunTime:0.003977s ]
INFO: [ app_begin ] --END-- [ RunTime:0.004241s ]
INFO: [ view_parse ] --START--
INFO: [ template_filter ] --START--
INFO: Run Behavior\ContentReplaceBehavior [ RunTime:0.000890s ]
INFO: [ template_filter ] --END-- [ RunTime:0.001152s ]
NOTIC: [2048] Declaration of Common\Model\MenuModel::find() should be compatible with that of Think\Model::find() F:\AppServ\www\muke\Application\Common\Model\MenuModel.class.php 第 5 行.
SQL: SHOW COLUMNS FROM `cms_menu` [ RunTime:0.0751s ]
SQL: SELECT * FROM `cms_menu` WHERE `status` <> -1 AND `type` = 1 ORDER BY listorder desc,menu_id desc  [ RunTime:0.0023s ]
NOTIC: [8] Undefined index: adminUser F:\AppServ\www\muke\Application\Common\Common\function.php 第 54 行.
NOTIC: [8] Undefined index: a F:\AppServ\www\muke\Application\Common\Common\function.php 第 33 行.
NOTIC: [8] Undefined index: a F:\AppServ\www\muke\Application\Common\Common\function.php 第 33 行.
NOTIC: [8] Undefined index: a F:\AppServ\www\muke\Application\Common\Common\function.php 第 33 行.
NOTIC: [8] Undefined index: a F:\AppServ\www\muke\Application\Common\Common\function.php 第 33 行.
NOTIC: [8] Undefined index: a F:\AppServ\www\muke\Application\Common\Common\function.php 第 33 行.
INFO: Run Behavior\ParseTemplateBehavior [ RunTime:0.522168s ]
INFO: [ view_parse ] --END-- [ RunTime:0.522395s ]
INFO: [ view_filter ] --START--
INFO: Run Behavior\WriteHtmlCacheBehavior [ RunTime:0.047367s ]
INFO: [ view_filter ] --END-- [ RunTime:0.047610s ]
INFO: [ app_end ] --START--
INFO: Run Behavior\ShowPageTraceBehavior [ RunTime:0.003893s ]
INFO: [ app_end ] --END-- [ RunTime:0.004220s ]

[ 2017-04-18T17:36:12+08:00 ] 127.0.0.1 /favicon.ico
INFO: [ app_init ] --START--
INFO: Run Behavior\BuildLiteBehavior [ RunTime:0.000051s ]
INFO: [ app_init ] --END-- [ RunTime:0.001374s ]

[ 2017-04-18T17:36:15+08:00 ] 127.0.0.1 /admin.php?c=menu
INFO: [ app_init ] --START--
INFO: Run Behavior\BuildLiteBehavior [ RunTime:0.000054s ]
INFO: [ app_init ] --END-- [ RunTime:0.001834s ]
INFO: [ app_begin ] --START--
INFO: Run Behavior\ReadHtmlCacheBehavior [ RunTime:0.001958s ]
INFO: [ app_begin ] --END-- [ RunTime:0.002176s ]
NOTIC: [8] Undefined variable: module F:\AppServ\www\muke\ThinkPHP\Common\functions.php 第 991 行.
NOTIC: [8] Undefined variable: var F:\AppServ\www\muke\ThinkPHP\Common\functions.php 第 991 行.
NOTIC: [2] array_reverse() expects parameter 1 to be array, null given F:\AppServ\www\muke\ThinkPHP\Common\functions.php 第 991 行.
NOTIC: [2] http_build_query() [<a href='function.http-build-query'>function.http-build-query</a>]: Parameter 1 expected to be Array or Object.  Incorrect value given F:\AppServ\www\muke\ThinkPHP\Common\functions.php 第 991 行.

[ 2017-04-18T17:36:15+08:00 ] 127.0.0.1 /index.php?m=&&c=login
INFO: [ app_init ] --START--
INFO: Run Behavior\BuildLiteBehavior [ RunTime:0.000055s ]
INFO: [ app_init ] --END-- [ RunTime:0.001613s ]
INFO: [ app_begin ] --START--
INFO: Run Behavior\ReadHtmlCacheBehavior [ RunTime:0.001997s ]
INFO: [ app_begin ] --END-- [ RunTime:0.002252s ]
INFO: [ view_parse ] --START--
INFO: [ template_filter ] --START--
INFO: Run Behavior\ContentReplaceBehavior [ RunTime:0.000171s ]
INFO: [ template_filter ] --END-- [ RunTime:0.000470s ]
INFO: Run Behavior\ParseTemplateBehavior [ RunTime:0.044714s ]
INFO: [ view_parse ] --END-- [ RunTime:0.044987s ]
INFO: [ view_filter ] --START--
INFO: Run Behavior\WriteHtmlCacheBehavior [ RunTime:0.001056s ]
INFO: [ view_filter ] --END-- [ RunTime:0.001247s ]
INFO: [ app_end ] --START--
INFO: Run Behavior\ShowPageTraceBehavior [ RunTime:0.002141s ]
INFO: [ app_end ] --END-- [ RunTime:0.002350s ]

[ 2017-04-18T17:36:16+08:00 ] 127.0.0.1 /signin.css
INFO: [ app_init ] --START--
INFO: Run Behavior\BuildLiteBehavior [ RunTime:0.000052s ]
INFO: [ app_init ] --END-- [ RunTime:0.001439s ]
INFO: [ app_begin ] --START--
INFO: Run Behavior\ReadHtmlCacheBehavior [ RunTime:0.001922s ]
INFO: [ app_begin ] --END-- [ RunTime:0.002168s ]
ERR: 无法加载控制器:Signin.css

[ 2017-04-18T17:36:16+08:00 ] 127.0.0.1 /index.php?m=&&c=login
INFO: [ app_init ] --START--
INFO: Run Behavior\BuildLiteBehavior [ RunTime:0.000051s ]
INFO: [ app_init ] --END-- [ RunTime:0.001447s ]
INFO: [ app_begin ] --START--
INFO: Run Behavior\ReadHtmlCacheBehavior [ RunTime:0.003525s ]
INFO: [ app_begin ] --END-- [ RunTime:0.003773s ]
INFO: [ view_parse ] --START--
INFO: [ template_filter ] --START--
INFO: Run Behavior\ContentReplaceBehavior [ RunTime:0.000162s ]
INFO: [ template_filter ] --END-- [ RunTime:0.000417s ]
INFO: Run Behavior\ParseTemplateBehavior [ RunTime:0.021160s ]
INFO: [ view_parse ] --END-- [ RunTime:0.021394s ]
INFO: [ view_filter ] --START--
INFO: Run Behavior\WriteHtmlCacheBehavior [ RunTime:0.001036s ]
INFO: [ view_filter ] --END-- [ RunTime:0.001226s ]
INFO: [ app_end ] --START--
INFO: Run Behavior\ShowPageTraceBehavior [ RunTime:0.001931s ]
INFO: [ app_end ] --END-- [ RunTime:0.002132s ]

[ 2017-04-18T17:36:23+08:00 ] 127.0.0.1 /admin.php?c=login&a=check
INFO: [ app_init ] --START--
INFO: Run Behavior\BuildLiteBehavior [ RunTime:0.000043s ]
INFO: [ app_init ] --END-- [ RunTime:0.001430s ]
INFO: [ app_begin ] --START--
INFO: Run Behavior\ReadHtmlCacheBehavior [ RunTime:0.002222s ]
INFO: [ app_begin ] --END-- [ RunTime:0.002403s ]
SQL: SHOW COLUMNS FROM `cms_admin` [ RunTime:0.0559s ]
SQL: SELECT * FROM `cms_admin` WHERE ( username="admin" ) LIMIT 1   [ RunTime:0.0018s ]

[ 2017-04-18T17:36:25+08:00 ] 127.0.0.1 /admin.php?c=index
INFO: [ app_init ] --START--
INFO: Run Behavior\BuildLiteBehavior [ RunTime:0.000149s ]
INFO: [ app_init ] --END-- [ RunTime:0.002581s ]
INFO: [ app_begin ] --START--
INFO: Run Behavior\ReadHtmlCacheBehavior [ RunTime:0.001877s ]
INFO: [ app_begin ] --END-- [ RunTime:0.002104s ]
INFO: [ view_parse ] --START--
INFO: [ template_filter ] --START--
INFO: Run Behavior\ContentReplaceBehavior [ RunTime:0.000235s ]
INFO: [ template_filter ] --END-- [ RunTime:0.000456s ]
NOTIC: [2048] Declaration of Common\Model\MenuModel::find() should be compatible with that of Think\Model::find() F:\AppServ\www\muke\Application\Common\Model\MenuModel.class.php 第 5 行.
SQL: SHOW COLUMNS FROM `cms_menu` [ RunTime:0.0119s ]
SQL: SELECT * FROM `cms_menu` WHERE `status` <> -1 AND `type` = 1 ORDER BY listorder desc,menu_id desc  [ RunTime:0.0018s ]
NOTIC: [8] Undefined index: a F:\AppServ\www\muke\Application\Common\Common\function.php 第 33 行.
NOTIC: [8] Undefined index: a F:\AppServ\www\muke\Application\Common\Common\function.php 第 33 行.
NOTIC: [8] Undefined index: a F:\AppServ\www\muke\Application\Common\Common\function.php 第 33 行.
NOTIC: [8] Undefined index: a F:\AppServ\www\muke\Application\Common\Common\function.php 第 33 行.
NOTIC: [8] Undefined index: a F:\AppServ\www\muke\Application\Common\Common\function.php 第 33 行.
NOTIC: [8] Undefined index: a F:\AppServ\www\muke\Application\Common\Common\function.php 第 33 行.
INFO: Run Behavior\ParseTemplateBehavior [ RunTime:0.094932s ]
INFO: [ view_parse ] --END-- [ RunTime:0.095168s ]
INFO: [ view_filter ] --START--
INFO: Run Behavior\WriteHtmlCacheBehavior [ RunTime:0.001911s ]
INFO: [ view_filter ] --END-- [ RunTime:0.002115s ]
INFO: [ app_end ] --START--
INFO: Run Behavior\ShowPageTraceBehavior [ RunTime:0.002565s ]
INFO: [ app_end ] --END-- [ RunTime:0.002768s ]

[ 2017-04-18T17:36:27+08:00 ] 127.0.0.1 /admin.php?c=menu
INFO: [ app_init ] --START--
INFO: Run Behavior\BuildLiteBehavior [ RunTime:0.000054s ]
INFO: [ app_init ] --END-- [ RunTime:0.001598s ]
INFO: [ app_begin ] --START--
INFO: Run Behavior\ReadHtmlCacheBehavior [ RunTime:0.002312s ]
INFO: [ app_begin ] --END-- [ RunTime:0.002548s ]
NOTIC: [8] Undefined index: p F:\AppServ\www\muke\Application\Admin\Controller\MenuController.class.php 第 55 行.
NOTIC: [8] Undefined index: pageSize F:\AppServ\www\muke\Application\Admin\Controller\MenuController.class.php 第 56 行.
NOTIC: [2048] Declaration of Common\Model\MenuModel::find() should be compatible with that of Think\Model::find() F:\AppServ\www\muke\Application\Common\Model\MenuModel.class.php 第 5 行.
SQL: SHOW COLUMNS FROM `cms_menu` [ RunTime:0.0316s ]
SQL: SELECT * FROM `cms_menu` WHERE `status` <> -1 ORDER BY listorder desc,menu_id desc LIMIT 0,3   [ RunTime:0.0033s ]
SQL: SELECT COUNT(*) AS tp_count FROM `cms_menu` WHERE `status` <> -1 LIMIT 1   [ RunTime:0.0013s ]
INFO: [ view_parse ] --START--
INFO: [ template_filter ] --START--
INFO: Run Behavior\ContentReplaceBehavior [ RunTime:0.000236s ]
INFO: [ template_filter ] --END-- [ RunTime:0.000473s ]
SQL: SELECT * FROM `cms_menu` WHERE `status` <> -1 AND `type` = 1 ORDER BY listorder desc,menu_id desc  [ RunTime:0.0026s ]
NOTIC: [8] Undefined index: a F:\AppServ\www\muke\Application\Common\Common\function.php 第 33 行.
NOTIC: [8] Undefined index: a F:\AppServ\www\muke\Application\Common\Common\function.php 第 33 行.
NOTIC: [8] Undefined index: a F:\AppServ\www\muke\Application\Common\Common\function.php 第 33 行.
NOTIC: [8] Undefined index: a F:\AppServ\www\muke\Application\Common\Common\function.php 第 33 行.
NOTIC: [8] Undefined index: a F:\AppServ\www\muke\Application\Common\Common\function.php 第 33 行.
NOTIC: [8] Undefined index: a F:\AppServ\www\muke\Application\Common\Common\function.php 第 33 行.
NOTIC: [8] Undefined variable: nav F:\AppServ\www\muke\Application\Runtime\Cache\Admin\b956215329b6f9aca22277599a4efdfc.php 第 101 行.
INFO: Run Behavior\ParseTemplateBehavior [ RunTime:0.062285s ]
INFO: [ view_parse ] --END-- [ RunTime:0.062516s ]
INFO: [ view_filter ] --START--
INFO: Run Behavior\WriteHtmlCacheBehavior [ RunTime:0.001223s ]
INFO: [ view_filter ] --END-- [ RunTime:0.001411s ]
INFO: [ app_end ] --START--
INFO: Run Behavior\ShowPageTraceBehavior [ RunTime:0.001981s ]
INFO: [ app_end ] --END-- [ RunTime:0.002179s ]

[ 2017-04-18T17:41:24+08:00 ] 127.0.0.1 /admin.php?c=content
INFO: [ app_init ] --START--
INFO: Run Behavior\BuildLiteBehavior [ RunTime:0.000053s ]
INFO: [ app_init ] --END-- [ RunTime:0.001939s ]
INFO: [ app_begin ] --START--
INFO: Run Behavior\ReadHtmlCacheBehavior [ RunTime:0.003385s ]
INFO: [ app_begin ] --END-- [ RunTime:0.003630s ]
NOTIC: [8] Undefined index: title F:\AppServ\www\muke\Application\Admin\Controller\ContentController.class.php 第 16 行.
NOTIC: [8] Undefined index: catid F:\AppServ\www\muke\Application\Admin\Controller\ContentController.class.php 第 20 行.
NOTIC: [8] Undefined index: p F:\AppServ\www\muke\Application\Admin\Controller\ContentController.class.php 第 24 行.
NOTIC: [2048] Declaration of Common\Model\NewsModel::find() should be compatible with that of Think\Model::find() F:\AppServ\www\muke\Application\Common\Model\NewsModel.class.php 第 9 行.
SQL: SHOW COLUMNS FROM `cms_news` [ RunTime:0.0897s ]
SQL: SELECT * FROM `cms_news` WHERE `status` <> -1 ORDER BY listorder desc ,news_id desc LIMIT 0,10   [ RunTime:0.0178s ]
SQL: SELECT COUNT(*) AS tp_count FROM `cms_news` WHERE `status` <> -1 LIMIT 1   [ RunTime:0.0009s ]
NOTIC: [2048] Declaration of Common\Model\PositionModel::find() should be compatible with that of Think\Model::find() F:\AppServ\www\muke\Application\Common\Model\PositionModel.class.php 第 81 行.
SQL: SHOW COLUMNS FROM `cms_position` [ RunTime:0.0430s ]
SQL: SELECT * FROM `cms_position` WHERE `status` = 1 ORDER BY id  [ RunTime:0.0030s ]
NOTIC: [2048] Declaration of Common\Model\MenuModel::find() should be compatible with that of Think\Model::find() F:\AppServ\www\muke\Application\Common\Model\MenuModel.class.php 第 93 行.
SQL: SHOW COLUMNS FROM `cms_menu` [ RunTime:0.0110s ]
SQL: SELECT * FROM `cms_menu` WHERE `status` = 1 AND `type` = 0 ORDER BY listorder desc,menu_id desc  [ RunTime:0.0030s ]
INFO: [ view_parse ] --START--
INFO: [ template_filter ] --START--
INFO: Run Behavior\ContentReplaceBehavior [ RunTime:0.000278s ]
INFO: [ template_filter ] --END-- [ RunTime:0.000512s ]
SQL: SELECT * FROM `cms_menu` WHERE `status` <> -1 AND `type` = 1 ORDER BY listorder desc,menu_id desc  [ RunTime:0.0014s ]
NOTIC: [8] Undefined index: a F:\AppServ\www\muke\Application\Common\Common\function.php 第 33 行.
NOTIC: [8] Undefined index: a F:\AppServ\www\muke\Application\Common\Common\function.php 第 33 行.
NOTIC: [8] Undefined index: a F:\AppServ\www\muke\Application\Common\Common\function.php 第 33 行.
NOTIC: [8] Undefined index: a F:\AppServ\www\muke\Application\Common\Common\function.php 第 33 行.
NOTIC: [8] Undefined index: a F:\AppServ\www\muke\Application\Common\Common\function.php 第 33 行.
NOTIC: [8] Undefined index: a F:\AppServ\www\muke\Application\Common\Common\function.php 第 33 行.
INFO: Run Behavior\ParseTemplateBehavior [ RunTime:0.069023s ]
INFO: [ view_parse ] --END-- [ RunTime:0.069260s ]
INFO: [ view_filter ] --START--
INFO: Run Behavior\WriteHtmlCacheBehavior [ RunTime:0.001900s ]
INFO: [ view_filter ] --END-- [ RunTime:0.002136s ]
INFO: [ app_end ] --START--
INFO: Run Behavior\ShowPageTraceBehavior [ RunTime:0.002734s ]
INFO: [ app_end ] --END-- [ RunTime:0.002948s ]

[ 2017-04-18T17:42:42+08:00 ] 127.0.0.1 /admin.php?c=content&a=edit&id=23
INFO: [ app_init ] --START--
INFO: Run Behavior\BuildLiteBehavior [ RunTime:0.000053s ]
INFO: [ app_init ] --END-- [ RunTime:0.001596s ]
INFO: [ app_begin ] --START--
INFO: Run Behavior\ReadHtmlCacheBehavior [ RunTime:0.001933s ]
INFO: [ app_begin ] --END-- [ RunTime:0.002176s ]
NOTIC: [2048] Declaration of Common\Model\NewsModel::find() should be compatible with that of Think\Model::find() F:\AppServ\www\muke\Application\Common\Model\NewsModel.class.php 第 9 行.
SQL: SHOW COLUMNS FROM `cms_news` [ RunTime:0.0117s ]
SQL: SELECT * FROM `cms_news` WHERE ( news_id=23 ) LIMIT 1   [ RunTime:0.0024s ]
NOTIC: [2048] Declaration of Common\Model\NewsContentModel::find() should be compatible with that of Think\Model::find() F:\AppServ\www\muke\Application\Common\Model\NewsContentModel.class.php 第 46 行.
SQL: SHOW COLUMNS FROM `cms_news_content` [ RunTime:0.0604s ]
SQL: SELECT * FROM `cms_news_content` WHERE ( news_id=23 ) LIMIT 1   [ RunTime:0.0225s ]
NOTIC: [2048] Declaration of Common\Model\MenuModel::find() should be compatible with that of Think\Model::find() F:\AppServ\www\muke\Application\Common\Model\MenuModel.class.php 第 93 行.
SQL: SHOW COLUMNS FROM `cms_menu` [ RunTime:0.0121s ]
SQL: SELECT * FROM `cms_menu` WHERE `status` = 1 AND `type` = 0 ORDER BY listorder desc,menu_id desc  [ RunTime:0.0014s ]
INFO: [ view_parse ] --START--
INFO: [ template_filter ] --START--
INFO: Run Behavior\ContentReplaceBehavior [ RunTime:0.000261s ]
INFO: [ template_filter ] --END-- [ RunTime:0.000552s ]
SQL: SELECT * FROM `cms_menu` WHERE `status` <> -1 AND `type` = 1 ORDER BY listorder desc,menu_id desc  [ RunTime:0.0020s ]
NOTIC: [8] Undefined index: a F:\AppServ\www\muke\Application\Common\Common\function.php 第 33 行.
NOTIC: [8] Undefined index: a F:\AppServ\www\muke\Application\Common\Common\function.php 第 33 行.
NOTIC: [8] Undefined index: a F:\AppServ\www\muke\Application\Common\Common\function.php 第 33 行.
NOTIC: [8] Undefined index: a F:\AppServ\www\muke\Application\Common\Common\function.php 第 33 行.
NOTIC: [8] Undefined index: a F:\AppServ\www\muke\Application\Common\Common\function.php 第 33 行.
NOTIC: [8] Undefined index: a F:\AppServ\www\muke\Application\Common\Common\function.php 第 33 行.
INFO: Run Behavior\ParseTemplateBehavior [ RunTime:0.071335s ]
INFO: [ view_parse ] --END-- [ RunTime:0.071554s ]
INFO: [ view_filter ] --START--
INFO: Run Behavior\WriteHtmlCacheBehavior [ RunTime:0.001480s ]
INFO: [ view_filter ] --END-- [ RunTime:0.001755s ]
INFO: [ app_end ] --START--
INFO: Run Behavior\ShowPageTraceBehavior [ RunTime:0.002174s ]
INFO: [ app_end ] --END-- [ RunTime:0.002519s ]

[ 2017-04-18T17:42:43+08:00 ] 127.0.0.1 /upload/2016/03/13/56e51cbd34470.png
INFO: [ app_init ] --START--
INFO: Run Behavior\BuildLiteBehavior [ RunTime:0.000045s ]
INFO: [ app_init ] --END-- [ RunTime:0.001416s ]

[ 2017-04-18T17:42:43+08:00 ] 127.0.0.1 /upload/2016/03/13/56e51cbd34470.png
INFO: [ app_init ] --START--
INFO: Run Behavior\BuildLiteBehavior [ RunTime:0.000042s ]
INFO: [ app_init ] --END-- [ RunTime:0.001172s ]

[ 2017-04-18T17:42:44+08:00 ] 127.0.0.1 /upload/2016/03/13/56e51cb17542e.png
INFO: [ app_init ] --START--
INFO: Run Behavior\BuildLiteBehavior [ RunTime:0.000066s ]
INFO: [ app_init ] --END-- [ RunTime:0.003195s ]

[ 2017-04-18T17:42:44+08:00 ] 127.0.0.1 /upload/2016/03/13/56e51cb180f8a.png
INFO: [ app_init ] --START--
INFO: Run Behavior\BuildLiteBehavior [ RunTime:0.000043s ]
INFO: [ app_init ] --END-- [ RunTime:0.001171s ]

[ 2017-04-18T17:42:44+08:00 ] 127.0.0.1 /
INFO: [ app_init ] --START--
INFO: Run Behavior\BuildLiteBehavior [ RunTime:0.000035s ]
INFO: [ app_init ] --END-- [ RunTime:0.001129s ]
INFO: [ app_begin ] --START--
INFO: Run Behavior\ReadHtmlCacheBehavior [ RunTime:0.001810s ]
INFO: [ app_begin ] --END-- [ RunTime:0.001958s ]
INFO: [ view_parse ] --START--
INFO: [ template_filter ] --START--
INFO: Run Behavior\ContentReplaceBehavior [ RunTime:0.000152s ]
INFO: [ template_filter ] --END-- [ RunTime:0.000296s ]
NOTIC: [2048] Declaration of Common\Model\MenuModel::find() should be compatible with that of Think\Model::find() F:\AppServ\www\muke\Application\Common\Model\MenuModel.class.php 第 5 行.
SQL: SHOW COLUMNS FROM `cms_menu` [ RunTime:0.0079s ]
SQL: SELECT * FROM `cms_menu` WHERE `status` <> -1 AND `type` = 1 ORDER BY listorder desc,menu_id desc  [ RunTime:0.0011s ]
NOTIC: [8] Undefined index: a F:\AppServ\www\muke\Application\Common\Common\function.php 第 33 行.
NOTIC: [8] Undefined index: a F:\AppServ\www\muke\Application\Common\Common\function.php 第 33 行.
NOTIC: [8] Undefined index: a F:\AppServ\www\muke\Application\Common\Common\function.php 第 33 行.
NOTIC: [8] Undefined index: a F:\AppServ\www\muke\Application\Common\Common\function.php 第 33 行.
NOTIC: [8] Undefined index: a F:\AppServ\www\muke\Application\Common\Common\function.php 第 33 行.
NOTIC: [8] Undefined index: a F:\AppServ\www\muke\Application\Common\Common\function.php 第 33 行.
INFO: Run Behavior\ParseTemplateBehavior [ RunTime:0.068310s ]
INFO: [ view_parse ] --END-- [ RunTime:0.068460s ]
INFO: [ view_filter ] --START--
INFO: Run Behavior\WriteHtmlCacheBehavior [ RunTime:0.001301s ]
INFO: [ view_filter ] --END-- [ RunTime:0.001439s ]
INFO: [ app_end ] --START--
INFO: Run Behavior\ShowPageTraceBehavior [ RunTime:0.001744s ]
INFO: [ app_end ] --END-- [ RunTime:0.001880s ]

[ 2017-04-18T18:03:54+08:00 ] 127.0.0.1 /Public/css/img/uploadify-cancel.png
INFO: [ app_init ] --START--
INFO: Run Behavior\BuildLiteBehavior [ RunTime:0.000029s ]
INFO: [ app_init ] --END-- [ RunTime:0.000818s ]

[ 2017-04-18T18:03:55+08:00 ] 127.0.0.1 /admin.php?c=image&a=ajaxuploadimage
INFO: [ app_init ] --START--
INFO: Run Behavior\BuildLiteBehavior [ RunTime:0.000025s ]
INFO: [ app_init ] --END-- [ RunTime:0.000597s ]
INFO: [ app_begin ] --START--
INFO: Run Behavior\ReadHtmlCacheBehavior [ RunTime:0.000968s ]
INFO: [ app_begin ] --END-- [ RunTime:0.001080s ]
ERR: 无法加载控制器:Image

[ 2017-04-18T18:09:14+08:00 ] 127.0.0.1 /admin.php?c=image&a=ajaxuploadimage
INFO: [ app_init ] --START--
INFO: Run Behavior\BuildLiteBehavior [ RunTime:0.000055s ]
INFO: [ app_init ] --END-- [ RunTime:0.001626s ]
INFO: [ app_begin ] --START--
INFO: Run Behavior\ReadHtmlCacheBehavior [ RunTime:0.002594s ]
INFO: [ app_begin ] --END-- [ RunTime:0.002841s ]
ERR: 无法加载控制器:Image

[ 2017-04-18T18:12:28+08:00 ] 127.0.0.1 /admin
INFO: [ app_init ] --START--
INFO: Run Behavior\BuildLiteBehavior [ RunTime:0.000048s ]
INFO: [ app_init ] --END-- [ RunTime:0.001993s ]
INFO: [ app_begin ] --START--
INFO: Run Behavior\ReadHtmlCacheBehavior [ RunTime:0.002357s ]
INFO: [ app_begin ] --END-- [ RunTime:0.002573s ]
INFO: [ view_parse ] --START--
INFO: [ template_filter ] --START--
INFO: Run Behavior\ContentReplaceBehavior [ RunTime:0.000258s ]
INFO: [ template_filter ] --END-- [ RunTime:0.000537s ]
NOTIC: [2048] Declaration of Common\Model\MenuModel::find() should be compatible with that of Think\Model::find() F:\AppServ\www\muke\Application\Common\Model\MenuModel.class.php 第 5 行.
SQL: SHOW COLUMNS FROM `cms_menu` [ RunTime:0.0473s ]
SQL: SELECT * FROM `cms_menu` WHERE `status` <> -1 AND `type` = 1 ORDER BY listorder desc,menu_id desc  [ RunTime:0.0025s ]
NOTIC: [8] Undefined index: adminUser F:\AppServ\www\muke\Application\Common\Common\function.php 第 54 行.
NOTIC: [8] Undefined index: a F:\AppServ\www\muke\Application\Common\Common\function.php 第 33 行.
NOTIC: [8] Undefined index: a F:\AppServ\www\muke\Application\Common\Common\function.php 第 33 行.
NOTIC: [8] Undefined index: a F:\AppServ\www\muke\Application\Common\Common\function.php 第 33 行.
NOTIC: [8] Undefined index: a F:\AppServ\www\muke\Application\Common\Common\function.php 第 33 行.
NOTIC: [8] Undefined index: a F:\AppServ\www\muke\Application\Common\Common\function.php 第 33 行.
INFO: Run Behavior\ParseTemplateBehavior [ RunTime:0.246881s ]
INFO: [ view_parse ] --END-- [ RunTime:0.247089s ]
INFO: [ view_filter ] --START--
INFO: Run Behavior\WriteHtmlCacheBehavior [ RunTime:0.027361s ]
INFO: [ view_filter ] --END-- [ RunTime:0.027629s ]
INFO: [ app_end ] --START--
INFO: Run Behavior\ShowPageTraceBehavior [ RunTime:0.003642s ]
INFO: [ app_end ] --END-- [ RunTime:0.003890s ]

[ 2017-04-18T18:12:29+08:00 ] 127.0.0.1 /favicon.ico
INFO: [ app_init ] --START--
INFO: Run Behavior\BuildLiteBehavior [ RunTime:0.000045s ]
INFO: [ app_init ] --END-- [ RunTime:0.001191s ]

[ 2017-04-18T18:12:30+08:00 ] 127.0.0.1 /admin.php?c=content
INFO: [ app_init ] --START--
INFO: Run Behavior\BuildLiteBehavior [ RunTime:0.000053s ]
INFO: [ app_init ] --END-- [ RunTime:0.001451s ]
INFO: [ app_begin ] --START--
INFO: Run Behavior\ReadHtmlCacheBehavior [ RunTime:0.001867s ]
INFO: [ app_begin ] --END-- [ RunTime:0.002099s ]
NOTIC: [8] Undefined variable: module F:\AppServ\www\muke\ThinkPHP\Common\functions.php 第 991 行.
NOTIC: [8] Undefined variable: var F:\AppServ\www\muke\ThinkPHP\Common\functions.php 第 991 行.
NOTIC: [2] array_reverse() expects parameter 1 to be array, null given F:\AppServ\www\muke\ThinkPHP\Common\functions.php 第 991 行.
NOTIC: [2] http_build_query() [<a href='function.http-build-query'>function.http-build-query</a>]: Parameter 1 expected to be Array or Object.  Incorrect value given F:\AppServ\www\muke\ThinkPHP\Common\functions.php 第 991 行.

[ 2017-04-18T18:12:30+08:00 ] 127.0.0.1 /index.php?m=&&c=login
INFO: [ app_init ] --START--
INFO: Run Behavior\BuildLiteBehavior [ RunTime:0.000053s ]
INFO: [ app_init ] --END-- [ RunTime:0.001406s ]
INFO: [ app_begin ] --START--
INFO: Run Behavior\ReadHtmlCacheBehavior [ RunTime:0.001828s ]
INFO: [ app_begin ] --END-- [ RunTime:0.002065s ]
INFO: [ view_parse ] --START--
INFO: [ template_filter ] --START--
INFO: Run Behavior\ContentReplaceBehavior [ RunTime:0.000133s ]
INFO: [ template_filter ] --END-- [ RunTime:0.000322s ]
INFO: Run Behavior\ParseTemplateBehavior [ RunTime:0.037001s ]
INFO: [ view_parse ] --END-- [ RunTime:0.037309s ]
INFO: [ view_filter ] --START--
INFO: Run Behavior\WriteHtmlCacheBehavior [ RunTime:0.001193s ]
INFO: [ view_filter ] --END-- [ RunTime:0.001422s ]
INFO: [ app_end ] --START--
INFO: Run Behavior\ShowPageTraceBehavior [ RunTime:0.001814s ]
INFO: [ app_end ] --END-- [ RunTime:0.002027s ]

[ 2017-04-18T18:12:31+08:00 ] 127.0.0.1 /signin.css
INFO: [ app_init ] --START--
INFO: Run Behavior\BuildLiteBehavior [ RunTime:0.000043s ]
INFO: [ app_init ] --END-- [ RunTime:0.001462s ]
INFO: [ app_begin ] --START--
INFO: Run Behavior\ReadHtmlCacheBehavior [ RunTime:0.002339s ]
INFO: [ app_begin ] --END-- [ RunTime:0.002650s ]
ERR: 无法加载控制器:Signin.css

[ 2017-04-18T18:12:31+08:00 ] 127.0.0.1 /index.php?m=&&c=login
INFO: [ app_init ] --START--
INFO: Run Behavior\BuildLiteBehavior [ RunTime:0.000046s ]
INFO: [ app_init ] --END-- [ RunTime:0.001390s ]
INFO: [ app_begin ] --START--
INFO: Run Behavior\ReadHtmlCacheBehavior [ RunTime:0.002150s ]
INFO: [ app_begin ] --END-- [ RunTime:0.002395s ]
INFO: [ view_parse ] --START--
INFO: [ template_filter ] --START--
INFO: Run Behavior\ContentReplaceBehavior [ RunTime:0.000150s ]
INFO: [ template_filter ] --END-- [ RunTime:0.000352s ]
INFO: Run Behavior\ParseTemplateBehavior [ RunTime:0.017737s ]
INFO: [ view_parse ] --END-- [ RunTime:0.017933s ]
INFO: [ view_filter ] --START--
INFO: Run Behavior\WriteHtmlCacheBehavior [ RunTime:0.000862s ]
INFO: [ view_filter ] --END-- [ RunTime:0.001016s ]
INFO: [ app_end ] --START--
INFO: Run Behavior\ShowPageTraceBehavior [ RunTime:0.001543s ]
INFO: [ app_end ] --END-- [ RunTime:0.001723s ]

[ 2017-04-18T18:12:36+08:00 ] 127.0.0.1 /admin.php?c=login&a=check
INFO: [ app_init ] --START--
INFO: Run Behavior\BuildLiteBehavior [ RunTime:0.000052s ]
INFO: [ app_init ] --END-- [ RunTime:0.001469s ]
INFO: [ app_begin ] --START--
INFO: Run Behavior\ReadHtmlCacheBehavior [ RunTime:0.001960s ]
INFO: [ app_begin ] --END-- [ RunTime:0.002421s ]
SQL: SHOW COLUMNS FROM `cms_admin` [ RunTime:0.0686s ]
SQL: SELECT * FROM `cms_admin` WHERE ( username="admin" ) LIMIT 1   [ RunTime:0.0034s ]

[ 2017-04-18T18:12:38+08:00 ] 127.0.0.1 /admin.php?c=index
INFO: [ app_init ] --START--
INFO: Run Behavior\BuildLiteBehavior [ RunTime:0.000054s ]
INFO: [ app_init ] --END-- [ RunTime:0.001563s ]
INFO: [ app_begin ] --START--
INFO: Run Behavior\ReadHtmlCacheBehavior [ RunTime:0.002597s ]
INFO: [ app_begin ] --END-- [ RunTime:0.002891s ]
INFO: [ view_parse ] --START--
INFO: [ template_filter ] --START--
INFO: Run Behavior\ContentReplaceBehavior [ RunTime:0.000231s ]
INFO: [ template_filter ] --END-- [ RunTime:0.000461s ]
NOTIC: [2048] Declaration of Common\Model\MenuModel::find() should be compatible with that of Think\Model::find() F:\AppServ\www\muke\Application\Common\Model\MenuModel.class.php 第 5 行.
SQL: SHOW COLUMNS FROM `cms_menu` [ RunTime:0.0107s ]
SQL: SELECT * FROM `cms_menu` WHERE `status` <> -1 AND `type` = 1 ORDER BY listorder desc,menu_id desc  [ RunTime:0.0024s ]
NOTIC: [8] Undefined index: a F:\AppServ\www\muke\Application\Common\Common\function.php 第 33 行.
NOTIC: [8] Undefined index: a F:\AppServ\www\muke\Application\Common\Common\function.php 第 33 行.
NOTIC: [8] Undefined index: a F:\AppServ\www\muke\Application\Common\Common\function.php 第 33 行.
NOTIC: [8] Undefined index: a F:\AppServ\www\muke\Application\Common\Common\function.php 第 33 行.
NOTIC: [8] Undefined index: a F:\AppServ\www\muke\Application\Common\Common\function.php 第 33 行.
NOTIC: [8] Undefined index: a F:\AppServ\www\muke\Application\Common\Common\function.php 第 33 行.
INFO: Run Behavior\ParseTemplateBehavior [ RunTime:0.096330s ]
INFO: [ view_parse ] --END-- [ RunTime:0.096579s ]
INFO: [ view_filter ] --START--
INFO: Run Behavior\WriteHtmlCacheBehavior [ RunTime:0.001266s ]
INFO: [ view_filter ] --END-- [ RunTime:0.001663s ]
INFO: [ app_end ] --START--
INFO: Run Behavior\ShowPageTraceBehavior [ RunTime:0.002290s ]
INFO: [ app_end ] --END-- [ RunTime:0.002494s ]

[ 2017-04-18T18:12:39+08:00 ] 127.0.0.1 /admin.php?c=content
INFO: [ app_init ] --START--
INFO: Run Behavior\BuildLiteBehavior [ RunTime:0.000053s ]
INFO: [ app_init ] --END-- [ RunTime:0.001434s ]
INFO: [ app_begin ] --START--
INFO: Run Behavior\ReadHtmlCacheBehavior [ RunTime:0.001846s ]
INFO: [ app_begin ] --END-- [ RunTime:0.002078s ]
NOTIC: [8] Undefined index: title F:\AppServ\www\muke\Application\Admin\Controller\ContentController.class.php 第 16 行.
NOTIC: [8] Undefined index: catid F:\AppServ\www\muke\Application\Admin\Controller\ContentController.class.php 第 20 行.
NOTIC: [8] Undefined index: p F:\AppServ\www\muke\Application\Admin\Controller\ContentController.class.php 第 24 行.
NOTIC: [2048] Declaration of Common\Model\NewsModel::find() should be compatible with that of Think\Model::find() F:\AppServ\www\muke\Application\Common\Model\NewsModel.class.php 第 9 行.
SQL: SHOW COLUMNS FROM `cms_news` [ RunTime:0.0539s ]
SQL: SELECT * FROM `cms_news` WHERE `status` <> -1 ORDER BY listorder desc ,news_id desc LIMIT 0,10   [ RunTime:0.0182s ]
SQL: SELECT COUNT(*) AS tp_count FROM `cms_news` WHERE `status` <> -1 LIMIT 1   [ RunTime:0.0008s ]
NOTIC: [2048] Declaration of Common\Model\PositionModel::find() should be compatible with that of Think\Model::find() F:\AppServ\www\muke\Application\Common\Model\PositionModel.class.php 第 81 行.
SQL: SHOW COLUMNS FROM `cms_position` [ RunTime:0.0428s ]
SQL: SELECT * FROM `cms_position` WHERE `status` = 1 ORDER BY id  [ RunTime:0.0030s ]
NOTIC: [2048] Declaration of Common\Model\MenuModel::find() should be compatible with that of Think\Model::find() F:\AppServ\www\muke\Application\Common\Model\MenuModel.class.php 第 93 行.
SQL: SHOW COLUMNS FROM `cms_menu` [ RunTime:0.0105s ]
SQL: SELECT * FROM `cms_menu` WHERE `status` = 1 AND `type` = 0 ORDER BY listorder desc,menu_id desc  [ RunTime:0.0025s ]
INFO: [ view_parse ] --START--
INFO: [ template_filter ] --START--
INFO: Run Behavior\ContentReplaceBehavior [ RunTime:0.000247s ]
INFO: [ template_filter ] --END-- [ RunTime:0.000506s ]
SQL: SELECT * FROM `cms_menu` WHERE `status` <> -1 AND `type` = 1 ORDER BY listorder desc,menu_id desc  [ RunTime:0.0012s ]
NOTIC: [8] Undefined index: a F:\AppServ\www\muke\Application\Common\Common\function.php 第 33 行.
NOTIC: [8] Undefined index: a F:\AppServ\www\muke\Application\Common\Common\function.php 第 33 行.
NOTIC: [8] Undefined index: a F:\AppServ\www\muke\Application\Common\Common\function.php 第 33 行.
NOTIC: [8] Undefined index: a F:\AppServ\www\muke\Application\Common\Common\function.php 第 33 行.
NOTIC: [8] Undefined index: a F:\AppServ\www\muke\Application\Common\Common\function.php 第 33 行.
NOTIC: [8] Undefined index: a F:\AppServ\www\muke\Application\Common\Common\function.php 第 33 行.
INFO: Run Behavior\ParseTemplateBehavior [ RunTime:0.065644s ]
INFO: [ view_parse ] --END-- [ RunTime:0.065861s ]
INFO: [ view_filter ] --START--
INFO: Run Behavior\WriteHtmlCacheBehavior [ RunTime:0.001370s ]
INFO: [ view_filter ] --END-- [ RunTime:0.001567s ]
INFO: [ app_end ] --START--
INFO: Run Behavior\ShowPageTraceBehavior [ RunTime:0.001935s ]
INFO: [ app_end ] --END-- [ RunTime:0.002140s ]

[ 2017-04-18T18:12:43+08:00 ] 127.0.0.1 /admin.php?c=content&a=edit&id=23
INFO: [ app_init ] --START--
INFO: Run Behavior\BuildLiteBehavior [ RunTime:0.000055s ]
INFO: [ app_init ] --END-- [ RunTime:0.001615s ]
INFO: [ app_begin ] --START--
INFO: Run Behavior\ReadHtmlCacheBehavior [ RunTime:0.002077s ]
INFO: [ app_begin ] --END-- [ RunTime:0.002586s ]
NOTIC: [2048] Declaration of Common\Model\NewsModel::find() should be compatible with that of Think\Model::find() F:\AppServ\www\muke\Application\Common\Model\NewsModel.class.php 第 9 行.
SQL: SHOW COLUMNS FROM `cms_news` [ RunTime:0.0113s ]
SQL: SELECT * FROM `cms_news` WHERE ( news_id=23 ) LIMIT 1   [ RunTime:0.0021s ]
NOTIC: [2048] Declaration of Common\Model\NewsContentModel::find() should be compatible with that of Think\Model::find() F:\AppServ\www\muke\Application\Common\Model\NewsContentModel.class.php 第 46 行.
SQL: SHOW COLUMNS FROM `cms_news_content` [ RunTime:0.0451s ]
SQL: SELECT * FROM `cms_news_content` WHERE ( news_id=23 ) LIMIT 1   [ RunTime:0.0230s ]
NOTIC: [2048] Declaration of Common\Model\MenuModel::find() should be compatible with that of Think\Model::find() F:\AppServ\www\muke\Application\Common\Model\MenuModel.class.php 第 93 行.
SQL: SHOW COLUMNS FROM `cms_menu` [ RunTime:0.0125s ]
SQL: SELECT * FROM `cms_menu` WHERE `status` = 1 AND `type` = 0 ORDER BY listorder desc,menu_id desc  [ RunTime:0.0010s ]
INFO: [ view_parse ] --START--
INFO: [ template_filter ] --START--
INFO: Run Behavior\ContentReplaceBehavior [ RunTime:0.000259s ]
INFO: [ template_filter ] --END-- [ RunTime:0.000500s ]
SQL: SELECT * FROM `cms_menu` WHERE `status` <> -1 AND `type` = 1 ORDER BY listorder desc,menu_id desc  [ RunTime:0.0012s ]
NOTIC: [8] Undefined index: a F:\AppServ\www\muke\Application\Common\Common\function.php 第 33 行.
NOTIC: [8] Undefined index: a F:\AppServ\www\muke\Application\Common\Common\function.php 第 33 行.
NOTIC: [8] Undefined index: a F:\AppServ\www\muke\Application\Common\Common\function.php 第 33 行.
NOTIC: [8] Undefined index: a F:\AppServ\www\muke\Application\Common\Common\function.php 第 33 行.
NOTIC: [8] Undefined index: a F:\AppServ\www\muke\Application\Common\Common\function.php 第 33 行.
NOTIC: [8] Undefined index: a F:\AppServ\www\muke\Application\Common\Common\function.php 第 33 行.
INFO: Run Behavior\ParseTemplateBehavior [ RunTime:0.067957s ]
INFO: [ view_parse ] --END-- [ RunTime:0.068169s ]
INFO: [ view_filter ] --START--
INFO: Run Behavior\WriteHtmlCacheBehavior [ RunTime:0.001437s ]
INFO: [ view_filter ] --END-- [ RunTime:0.001757s ]
INFO: [ app_end ] --START--
INFO: Run Behavior\ShowPageTraceBehavior [ RunTime:0.002018s ]
INFO: [ app_end ] --END-- [ RunTime:0.002232s ]

[ 2017-04-18T18:12:43+08:00 ] 127.0.0.1 /upload/2016/03/13/56e51cbd34470.png
INFO: [ app_init ] --START--
INFO: Run Behavior\BuildLiteBehavior [ RunTime:0.000053s ]
INFO: [ app_init ] --END-- [ RunTime:0.001430s ]

[ 2017-04-18T18:12:43+08:00 ] 127.0.0.1 /upload/2016/03/13/56e51cbd34470.png
INFO: [ app_init ] --START--
INFO: Run Behavior\BuildLiteBehavior [ RunTime:0.000067s ]
INFO: [ app_init ] --END-- [ RunTime:0.002740s ]

[ 2017-04-18T18:12:44+08:00 ] 127.0.0.1 /upload/2016/03/13/56e51cb17542e.png
INFO: [ app_init ] --START--
INFO: Run Behavior\BuildLiteBehavior [ RunTime:0.000034s ]
INFO: [ app_init ] --END-- [ RunTime:0.000939s ]

[ 2017-04-18T18:12:44+08:00 ] 127.0.0.1 /upload/2016/03/13/56e51cb180f8a.png
INFO: [ app_init ] --START--
INFO: Run Behavior\BuildLiteBehavior [ RunTime:0.000038s ]
INFO: [ app_init ] --END-- [ RunTime:0.001207s ]

[ 2017-04-18T18:12:44+08:00 ] 127.0.0.1 /
INFO: [ app_init ] --START--
INFO: Run Behavior\BuildLiteBehavior [ RunTime:0.000048s ]
INFO: [ app_init ] --END-- [ RunTime:0.000964s ]
INFO: [ app_begin ] --START--
INFO: Run Behavior\ReadHtmlCacheBehavior [ RunTime:0.002036s ]
INFO: [ app_begin ] --END-- [ RunTime:0.002203s ]
INFO: [ view_parse ] --START--
INFO: [ template_filter ] --START--
INFO: Run Behavior\ContentReplaceBehavior [ RunTime:0.000154s ]
INFO: [ template_filter ] --END-- [ RunTime:0.000306s ]
NOTIC: [2048] Declaration of Common\Model\MenuModel::find() should be compatible with that of Think\Model::find() F:\AppServ\www\muke\Application\Common\Model\MenuModel.class.php 第 5 行.
SQL: SHOW COLUMNS FROM `cms_menu` [ RunTime:0.0088s ]
SQL: SELECT * FROM `cms_menu` WHERE `status` <> -1 AND `type` = 1 ORDER BY listorder desc,menu_id desc  [ RunTime:0.0018s ]
NOTIC: [8] Undefined index: a F:\AppServ\www\muke\Application\Common\Common\function.php 第 33 行.
NOTIC: [8] Undefined index: a F:\AppServ\www\muke\Application\Common\Common\function.php 第 33 行.
NOTIC: [8] Undefined index: a F:\AppServ\www\muke\Application\Common\Common\function.php 第 33 行.
NOTIC: [8] Undefined index: a F:\AppServ\www\muke\Application\Common\Common\function.php 第 33 行.
NOTIC: [8] Undefined index: a F:\AppServ\www\muke\Application\Common\Common\function.php 第 33 行.
NOTIC: [8] Undefined index: a F:\AppServ\www\muke\Application\Common\Common\function.php 第 33 行.
INFO: Run Behavior\ParseTemplateBehavior [ RunTime:0.063534s ]
INFO: [ view_parse ] --END-- [ RunTime:0.063711s ]
INFO: [ view_filter ] --START--
INFO: Run Behavior\WriteHtmlCacheBehavior [ RunTime:0.001651s ]
INFO: [ view_filter ] --END-- [ RunTime:0.001837s ]
INFO: [ app_end ] --START--
INFO: Run Behavior\ShowPageTraceBehavior [ RunTime:0.002478s ]
INFO: [ app_end ] --END-- [ RunTime:0.002683s ]

[ 2017-04-18T18:13:13+08:00 ] 127.0.0.1 /
INFO: [ app_init ] --START--
INFO: Run Behavior\BuildLiteBehavior [ RunTime:0.000046s ]
INFO: [ app_init ] --END-- [ RunTime:0.001252s ]
INFO: [ app_begin ] --START--
INFO: Run Behavior\ReadHtmlCacheBehavior [ RunTime:0.001599s ]
INFO: [ app_begin ] --END-- [ RunTime:0.001801s ]
INFO: [ view_parse ] --START--
INFO: [ template_filter ] --START--
INFO: Run Behavior\ContentReplaceBehavior [ RunTime:0.000221s ]
INFO: [ template_filter ] --END-- [ RunTime:0.000419s ]
NOTIC: [2048] Declaration of Common\Model\MenuModel::find() should be compatible with that of Think\Model::find() F:\AppServ\www\muke\Application\Common\Model\MenuModel.class.php 第 5 行.
SQL: SHOW COLUMNS FROM `cms_menu` [ RunTime:0.0075s ]
SQL: SELECT * FROM `cms_menu` WHERE `status` <> -1 AND `type` = 1 ORDER BY listorder desc,menu_id desc  [ RunTime:0.0021s ]
NOTIC: [8] Undefined index: a F:\AppServ\www\muke\Application\Common\Common\function.php 第 33 行.
NOTIC: [8] Undefined index: a F:\AppServ\www\muke\Application\Common\Common\function.php 第 33 行.
NOTIC: [8] Undefined index: a F:\AppServ\www\muke\Application\Common\Common\function.php 第 33 行.
NOTIC: [8] Undefined index: a F:\AppServ\www\muke\Application\Common\Common\function.php 第 33 行.
NOTIC: [8] Undefined index: a F:\AppServ\www\muke\Application\Common\Common\function.php 第 33 行.
NOTIC: [8] Undefined index: a F:\AppServ\www\muke\Application\Common\Common\function.php 第 33 行.
INFO: Run Behavior\ParseTemplateBehavior [ RunTime:0.070329s ]
INFO: [ view_parse ] --END-- [ RunTime:0.070546s ]
INFO: [ view_filter ] --START--
INFO: Run Behavior\WriteHtmlCacheBehavior [ RunTime:0.001112s ]
INFO: [ view_filter ] --END-- [ RunTime:0.001291s ]
INFO: [ app_end ] --START--
INFO: Run Behavior\ShowPageTraceBehavior [ RunTime:0.001684s ]
INFO: [ app_end ] --END-- [ RunTime:0.001880s ]

